<?xml version="1.0" encoding="UTF-8"?>
<robot generator="Robot 3.2.2 (Python 3.9.0 on darwin)" generated="20210114 10:39:03.172" rpa="false">
<suite id="s1" name="Uiautomation" source="/Users/muthabor/eclipse-workspace/uiautomation">
<suite id="s1-s1" name="AndroidPhoneTests" source="/Users/muthabor/eclipse-workspace/uiautomation/AndroidPhoneTests.robot">
<test id="s1-s1-t1" name="Startup">
<kw name="Launch App" library="General">
<kw name="Log" library="BuiltIn">
<doc>Logs the given message with the given level.</doc>
<arguments>
<arg>Start ${AppName}</arg>
</arguments>
<msg timestamp="20210114 10:39:03.895" level="INFO">Start SmartVoiceKit Demo</msg>
<status status="PASS" starttime="20210114 10:39:03.894" endtime="20210114 10:39:03.896"></status>
</kw>
<kw name="Open Application" library="AppiumLibrary">
<doc>Opens a new application to given Appium server.
Capabilities of appium server, Android and iOS,
Please check https://github.com/appium/appium/blob/master/docs/en/writing-running-appium/server-args.md
| *Option*            | *Man.* | *Description*     |
| remote_url          | Yes    | Appium server url |
| alias               | no     | alias             |</doc>
<arguments>
<arg>http://127.0.0.1:${appium}/wd/hub</arg>
<arg>platformName=Android</arg>
<arg>deviceName=${name}</arg>
<arg>appPackage=${appPackage}</arg>
<arg>udid=${udid}</arg>
<arg>appActivity=${MainActivity}</arg>
</arguments>
<status status="PASS" starttime="20210114 10:39:03.896" endtime="20210114 10:39:14.672"></status>
</kw>
<kw name="Log" library="BuiltIn">
<doc>Logs the given message with the given level.</doc>
<arguments>
<arg>End of startup:${AppName}</arg>
</arguments>
<msg timestamp="20210114 10:39:14.673" level="INFO">End of startup:SmartVoiceKit Demo</msg>
<status status="PASS" starttime="20210114 10:39:14.672" endtime="20210114 10:39:14.673"></status>
</kw>
<kw name="Sleep" library="BuiltIn">
<doc>Pauses the test executed for the given time.</doc>
<arguments>
<arg>5s</arg>
</arguments>
<msg timestamp="20210114 10:39:19.679" level="INFO">Slept 5 seconds</msg>
<status status="PASS" starttime="20210114 10:39:14.674" endtime="20210114 10:39:19.680"></status>
</kw>
<kw name="Log" library="BuiltIn">
<doc>Logs the given message with the given level.</doc>
<arguments>
<arg>End of startup:${AppName}</arg>
</arguments>
<msg timestamp="20210114 10:39:19.683" level="INFO">End of startup:SmartVoiceKit Demo</msg>
<status status="PASS" starttime="20210114 10:39:19.680" endtime="20210114 10:39:19.683"></status>
</kw>
<status status="PASS" starttime="20210114 10:39:03.894" endtime="20210114 10:39:19.684"></status>
</kw>
<tags>
<tag>Android</tag>
<tag>NR</tag>
</tags>
<status status="PASS" starttime="20210114 10:39:03.893" endtime="20210114 10:39:19.684" critical="yes"></status>
</test>
<test id="s1-s1-t2" name="Allow Permissions">
<kw name="Click_ALLOW_Allow" library="General">
<kw name="Run Keyword And Return Status" library="BuiltIn">
<doc>Runs the given keyword with given arguments and returns the status as a Boolean value.</doc>
<arguments>
<arg>Element Should Be Visible</arg>
<arg>xpath=//android.widget.Button[@text='ALLOW']</arg>
</arguments>
<assign>
<var>${ALLOW}</var>
</assign>
<kw name="Element Should Be Visible" library="AppiumLibrary">
<doc>Verifies that element identified with locator is visible.</doc>
<arguments>
<arg>xpath=//android.widget.Button[@text='ALLOW']</arg>
</arguments>
<kw name="Capture Page Screenshot" library="AppiumLibrary">
<doc>Takes a screenshot of the current page and embeds it into the log.</doc>
<msg timestamp="20210114 10:39:21.547" level="INFO" html="yes">&lt;/td&gt;&lt;/tr&gt;&lt;tr&gt;&lt;td colspan="3"&gt;&lt;a href="appium-screenshot-1.png"&gt;&lt;img src="appium-screenshot-1.png" width="800px"&gt;&lt;/a&gt;</msg>
<status status="PASS" starttime="20210114 10:39:20.016" endtime="20210114 10:39:21.547"></status>
</kw>
<msg timestamp="20210114 10:39:21.550" level="FAIL">ValueError: Element locator 'xpath=//android.widget.Button[@text='ALLOW']' did not match any elements.</msg>
<status status="FAIL" starttime="20210114 10:39:19.687" endtime="20210114 10:39:21.551"></status>
</kw>
<msg timestamp="20210114 10:39:21.551" level="INFO">${ALLOW} = False</msg>
<status status="PASS" starttime="20210114 10:39:19.687" endtime="20210114 10:39:21.551"></status>
</kw>
<kw name="Run Keyword If" library="BuiltIn">
<doc>Runs the given keyword with the given arguments, if ``condition`` is true.</doc>
<arguments>
<arg>${ALLOW}</arg>
<arg>Click Element</arg>
<arg>xpath=//android.widget.Button[@text='ALLOW']</arg>
</arguments>
<status status="PASS" starttime="20210114 10:39:21.552" endtime="20210114 10:39:21.552"></status>
</kw>
<kw name="Run Keyword And Return Status" library="BuiltIn">
<doc>Runs the given keyword with given arguments and returns the status as a Boolean value.</doc>
<arguments>
<arg>Element Should Be Visible</arg>
<arg>xpath=//android.widget.Button[@text='Allow']</arg>
</arguments>
<assign>
<var>${Allow}</var>
</assign>
<kw name="Element Should Be Visible" library="AppiumLibrary">
<doc>Verifies that element identified with locator is visible.</doc>
<arguments>
<arg>xpath=//android.widget.Button[@text='Allow']</arg>
</arguments>
<kw name="Capture Page Screenshot" library="AppiumLibrary">
<doc>Takes a screenshot of the current page and embeds it into the log.</doc>
<msg timestamp="20210114 10:39:23.225" level="INFO" html="yes">&lt;/td&gt;&lt;/tr&gt;&lt;tr&gt;&lt;td colspan="3"&gt;&lt;a href="appium-screenshot-2.png"&gt;&lt;img src="appium-screenshot-2.png" width="800px"&gt;&lt;/a&gt;</msg>
<status status="PASS" starttime="20210114 10:39:21.847" endtime="20210114 10:39:23.225"></status>
</kw>
<msg timestamp="20210114 10:39:23.228" level="FAIL">ValueError: Element locator 'xpath=//android.widget.Button[@text='Allow']' did not match any elements.</msg>
<status status="FAIL" starttime="20210114 10:39:21.553" endtime="20210114 10:39:23.229"></status>
</kw>
<msg timestamp="20210114 10:39:23.229" level="INFO">${Allow} = False</msg>
<status status="PASS" starttime="20210114 10:39:21.552" endtime="20210114 10:39:23.229"></status>
</kw>
<kw name="Run Keyword If" library="BuiltIn">
<doc>Runs the given keyword with the given arguments, if ``condition`` is true.</doc>
<arguments>
<arg>${Allow}</arg>
<arg>Click Element</arg>
<arg>xpath=//android.widget.Button[@text='Allow']</arg>
</arguments>
<status status="PASS" starttime="20210114 10:39:23.230" endtime="20210114 10:39:23.230"></status>
</kw>
<status status="PASS" starttime="20210114 10:39:19.686" endtime="20210114 10:39:23.231"></status>
</kw>
<tags>
<tag>Android</tag>
</tags>
<status status="PASS" starttime="20210114 10:39:19.685" endtime="20210114 10:39:23.231" critical="yes"></status>
</test>
<test id="s1-s1-t3" name="Click Start">
<kw name="ClickDjingo" library="General">
<kw name="Wait Until Page Contains Element" library="AppiumLibrary">
<doc>Waits until element specified with `locator` appears on current page.</doc>
<arguments>
<arg>xpath=//android.widget.Button[@resource-id='${appPackage}:id/activityAuthentication_loginButtonOrange']</arg>
<arg>30s</arg>
</arguments>
<status status="PASS" starttime="20210114 10:39:23.233" endtime="20210114 10:39:23.473"></status>
</kw>
<kw name="Click Element" library="AppiumLibrary">
<doc>Click element identified by `locator`.</doc>
<arguments>
<arg>xpath=//android.widget.Button[@resource-id='${appPackage}:id/activityAuthentication_loginButtonOrange']</arg>
</arguments>
<msg timestamp="20210114 10:39:23.478" level="INFO">Clicking element 'xpath=//android.widget.Button[@resource-id='com.vpaas.sdks.smartvoicekitapp:id/activityAuthentication_loginButtonOrange']'.</msg>
<status status="PASS" starttime="20210114 10:39:23.475" endtime="20210114 10:39:23.736"></status>
</kw>
<status status="PASS" starttime="20210114 10:39:23.233" endtime="20210114 10:39:23.737"></status>
</kw>
<tags>
<tag>Android</tag>
<tag>NR</tag>
</tags>
<status status="PASS" starttime="20210114 10:39:23.232" endtime="20210114 10:39:23.737" critical="yes"></status>
</test>
<test id="s1-s1-t4" name="Click Login">
<kw name="Login" library="General">
<kw name="Wait Until Page Contains Element" library="AppiumLibrary">
<doc>Waits until element specified with `locator` appears on current page.</doc>
<arguments>
<arg>xpath=//android.widget.EditText[@resource-id='${appPackage}:id/was_sdk_login_editext']</arg>
<arg>30s</arg>
</arguments>
<status status="PASS" starttime="20210114 10:39:23.743" endtime="20210114 10:39:26.736"></status>
</kw>
<kw name="Click Element" library="AppiumLibrary">
<doc>Click element identified by `locator`.</doc>
<arguments>
<arg>xpath=//android.widget.EditText[@resource-id='${appPackage}:id/was_sdk_login_editext']</arg>
</arguments>
<msg timestamp="20210114 10:39:26.755" level="INFO">Clicking element 'xpath=//android.widget.EditText[@resource-id='com.vpaas.sdks.smartvoicekitapp:id/was_sdk_login_editext']'.</msg>
<status status="PASS" starttime="20210114 10:39:26.737" endtime="20210114 10:39:27.098"></status>
</kw>
<kw name="Input Text" library="AppiumLibrary">
<doc>Types the given `text` into text field identified by `locator`.</doc>
<arguments>
<arg>xpath=//android.widget.EditText[@resource-id='${appPackage}:id/was_sdk_login_editext']</arg>
<arg>${username}</arg>
</arguments>
<msg timestamp="20210114 10:39:27.100" level="INFO">Typing text 'ols.test102@gmail.com' into text field 'xpath=//android.widget.EditText[@resource-id='com.vpaas.sdks.smartvoicekitapp:id/was_sdk_login_editext']'</msg>
<status status="PASS" starttime="20210114 10:39:27.098" endtime="20210114 10:39:28.889"></status>
</kw>
<kw name="Click Element" library="AppiumLibrary">
<doc>Click element identified by `locator`.</doc>
<arguments>
<arg>xpath=//android.widget.Button[@resource-id='${appPackage}:id/was_sdk_login_button_resume']</arg>
</arguments>
<msg timestamp="20210114 10:39:28.892" level="INFO">Clicking element 'xpath=//android.widget.Button[@resource-id='com.vpaas.sdks.smartvoicekitapp:id/was_sdk_login_button_resume']'.</msg>
<status status="PASS" starttime="20210114 10:39:28.889" endtime="20210114 10:39:29.885"></status>
</kw>
<kw name="Wait Until Page Contains Element" library="AppiumLibrary">
<doc>Waits until element specified with `locator` appears on current page.</doc>
<arguments>
<arg>xpath=//android.widget.EditText[@resource-id='${appPackage}:id/was_sdk_smartauthent_explicit_id_password']</arg>
<arg>30s</arg>
</arguments>
<status status="PASS" starttime="20210114 10:39:29.886" endtime="20210114 10:39:31.938"></status>
</kw>
<kw name="Click Element" library="AppiumLibrary">
<doc>Click element identified by `locator`.</doc>
<arguments>
<arg>xpath=//android.widget.EditText[@resource-id='${appPackage}:id/was_sdk_smartauthent_explicit_id_password']</arg>
</arguments>
<msg timestamp="20210114 10:39:31.953" level="INFO">Clicking element 'xpath=//android.widget.EditText[@resource-id='com.vpaas.sdks.smartvoicekitapp:id/was_sdk_smartauthent_explicit_id_password']'.</msg>
<status status="PASS" starttime="20210114 10:39:31.938" endtime="20210114 10:39:32.189"></status>
</kw>
<kw name="Input Text" library="AppiumLibrary">
<doc>Types the given `text` into text field identified by `locator`.</doc>
<arguments>
<arg>xpath=//android.widget.EditText[@resource-id='${appPackage}:id/was_sdk_smartauthent_explicit_id_password']</arg>
<arg>${passwd}</arg>
</arguments>
<msg timestamp="20210114 10:39:32.193" level="INFO">Typing text 'QAZxsw123!' into text field 'xpath=//android.widget.EditText[@resource-id='com.vpaas.sdks.smartvoicekitapp:id/was_sdk_smartauthent_explicit_id_password']'</msg>
<status status="PASS" starttime="20210114 10:39:32.190" endtime="20210114 10:39:34.013"></status>
</kw>
<kw name="Click Element" library="AppiumLibrary">
<doc>Click element identified by `locator`.</doc>
<arguments>
<arg>xpath=//android.widget.Button[@resource-id='${appPackage}:id/was_sdk_button_confirm']</arg>
</arguments>
<msg timestamp="20210114 10:39:34.017" level="INFO">Clicking element 'xpath=//android.widget.Button[@resource-id='com.vpaas.sdks.smartvoicekitapp:id/was_sdk_button_confirm']'.</msg>
<status status="PASS" starttime="20210114 10:39:34.014" endtime="20210114 10:39:35.003"></status>
</kw>
<status status="PASS" starttime="20210114 10:39:23.742" endtime="20210114 10:39:35.004"></status>
</kw>
<kw name="Sleep" library="BuiltIn">
<doc>Pauses the test executed for the given time.</doc>
<arguments>
<arg>3s</arg>
</arguments>
<msg timestamp="20210114 10:39:38.005" level="INFO">Slept 3 seconds</msg>
<status status="PASS" starttime="20210114 10:39:35.004" endtime="20210114 10:39:38.005"></status>
</kw>
<kw name="Click_ALLOW_Allow" library="General">
<kw name="Run Keyword And Return Status" library="BuiltIn">
<doc>Runs the given keyword with given arguments and returns the status as a Boolean value.</doc>
<arguments>
<arg>Element Should Be Visible</arg>
<arg>xpath=//android.widget.Button[@text='ALLOW']</arg>
</arguments>
<assign>
<var>${ALLOW}</var>
</assign>
<kw name="Element Should Be Visible" library="AppiumLibrary">
<doc>Verifies that element identified with locator is visible.</doc>
<arguments>
<arg>xpath=//android.widget.Button[@text='ALLOW']</arg>
</arguments>
<kw name="Capture Page Screenshot" library="AppiumLibrary">
<doc>Takes a screenshot of the current page and embeds it into the log.</doc>
<msg timestamp="20210114 10:39:38.605" level="INFO" html="yes">&lt;/td&gt;&lt;/tr&gt;&lt;tr&gt;&lt;td colspan="3"&gt;&lt;a href="appium-screenshot-3.png"&gt;&lt;img src="appium-screenshot-3.png" width="800px"&gt;&lt;/a&gt;</msg>
<status status="PASS" starttime="20210114 10:39:38.142" endtime="20210114 10:39:38.605"></status>
</kw>
<msg timestamp="20210114 10:39:38.607" level="FAIL">ValueError: Element locator 'xpath=//android.widget.Button[@text='ALLOW']' did not match any elements.</msg>
<status status="FAIL" starttime="20210114 10:39:38.007" endtime="20210114 10:39:38.607"></status>
</kw>
<msg timestamp="20210114 10:39:38.607" level="INFO">${ALLOW} = False</msg>
<status status="PASS" starttime="20210114 10:39:38.007" endtime="20210114 10:39:38.607"></status>
</kw>
<kw name="Run Keyword If" library="BuiltIn">
<doc>Runs the given keyword with the given arguments, if ``condition`` is true.</doc>
<arguments>
<arg>${ALLOW}</arg>
<arg>Click Element</arg>
<arg>xpath=//android.widget.Button[@text='ALLOW']</arg>
</arguments>
<status status="PASS" starttime="20210114 10:39:38.608" endtime="20210114 10:39:38.608"></status>
</kw>
<kw name="Run Keyword And Return Status" library="BuiltIn">
<doc>Runs the given keyword with given arguments and returns the status as a Boolean value.</doc>
<arguments>
<arg>Element Should Be Visible</arg>
<arg>xpath=//android.widget.Button[@text='Allow']</arg>
</arguments>
<assign>
<var>${Allow}</var>
</assign>
<kw name="Element Should Be Visible" library="AppiumLibrary">
<doc>Verifies that element identified with locator is visible.</doc>
<arguments>
<arg>xpath=//android.widget.Button[@text='Allow']</arg>
</arguments>
<kw name="Capture Page Screenshot" library="AppiumLibrary">
<doc>Takes a screenshot of the current page and embeds it into the log.</doc>
<msg timestamp="20210114 10:39:39.203" level="INFO" html="yes">&lt;/td&gt;&lt;/tr&gt;&lt;tr&gt;&lt;td colspan="3"&gt;&lt;a href="appium-screenshot-4.png"&gt;&lt;img src="appium-screenshot-4.png" width="800px"&gt;&lt;/a&gt;</msg>
<status status="PASS" starttime="20210114 10:39:38.735" endtime="20210114 10:39:39.203"></status>
</kw>
<msg timestamp="20210114 10:39:39.204" level="FAIL">ValueError: Element locator 'xpath=//android.widget.Button[@text='Allow']' did not match any elements.</msg>
<status status="FAIL" starttime="20210114 10:39:38.609" endtime="20210114 10:39:39.204"></status>
</kw>
<msg timestamp="20210114 10:39:39.204" level="INFO">${Allow} = False</msg>
<status status="PASS" starttime="20210114 10:39:38.608" endtime="20210114 10:39:39.204"></status>
</kw>
<kw name="Run Keyword If" library="BuiltIn">
<doc>Runs the given keyword with the given arguments, if ``condition`` is true.</doc>
<arguments>
<arg>${Allow}</arg>
<arg>Click Element</arg>
<arg>xpath=//android.widget.Button[@text='Allow']</arg>
</arguments>
<status status="PASS" starttime="20210114 10:39:39.205" endtime="20210114 10:39:39.205"></status>
</kw>
<status status="PASS" starttime="20210114 10:39:38.006" endtime="20210114 10:39:39.214"></status>
</kw>
<tags>
<tag>Android</tag>
<tag>NR</tag>
</tags>
<status status="PASS" starttime="20210114 10:39:23.738" endtime="20210114 10:39:39.215" critical="yes"></status>
</test>
<test id="s1-s1-t5" name="Click Restart">
<kw name="Restart" library="General">
<kw name="Wait Until Page Contains Element" library="AppiumLibrary">
<doc>Waits until element specified with `locator` appears on current page.</doc>
<arguments>
<arg>xpath=//android.widget.Button[@resource-id='android:id/button2']</arg>
<arg>30s</arg>
</arguments>
<status status="PASS" starttime="20210114 10:39:39.218" endtime="20210114 10:39:39.327"></status>
</kw>
<kw name="Click Element" library="AppiumLibrary">
<doc>Click element identified by `locator`.</doc>
<arguments>
<arg>xpath=//android.widget.Button[@resource-id='android:id/button2']</arg>
</arguments>
<msg timestamp="20210114 10:39:39.330" level="INFO">Clicking element 'xpath=//android.widget.Button[@resource-id='android:id/button2']'.</msg>
<status status="PASS" starttime="20210114 10:39:39.328" endtime="20210114 10:39:39.525"></status>
</kw>
<status status="PASS" starttime="20210114 10:39:39.217" endtime="20210114 10:39:39.525"></status>
</kw>
<tags>
<tag>Android</tag>
<tag>NR</tag>
</tags>
<status status="PASS" starttime="20210114 10:39:39.216" endtime="20210114 10:39:39.526" critical="yes"></status>
</test>
<test id="s1-s1-t6" name="H02 Select New Twnnant H02">
<kw name="SelectNewTennant" library="General">
<kw name="Click Menu icon" library="General">
<kw name="Wait Until Page Contains Element" library="AppiumLibrary">
<doc>Waits until element specified with `locator` appears on current page.</doc>
<arguments>
<arg>xpath=//android.widget.FrameLayout[@resource-id='${appPackage}:id/bottom_nav_drawer']</arg>
<arg>30s</arg>
</arguments>
<status status="PASS" starttime="20210114 10:39:39.536" endtime="20210114 10:39:40.138"></status>
</kw>
<kw name="Click Element" library="AppiumLibrary">
<doc>Click element identified by `locator`.</doc>
<arguments>
<arg>xpath=//android.widget.FrameLayout[@resource-id='${appPackage}:id/bottom_nav_drawer']</arg>
</arguments>
<msg timestamp="20210114 10:39:40.142" level="INFO">Clicking element 'xpath=//android.widget.FrameLayout[@resource-id='com.vpaas.sdks.smartvoicekitapp:id/bottom_nav_drawer']'.</msg>
<status status="PASS" starttime="20210114 10:39:40.139" endtime="20210114 10:39:40.806"></status>
</kw>
<status status="PASS" starttime="20210114 10:39:39.535" endtime="20210114 10:39:40.813"></status>
</kw>
<kw name="Wait Until Page Contains Element" library="AppiumLibrary">
<doc>Waits until element specified with `locator` appears on current page.</doc>
<arguments>
<arg>xpath=//android.widget.CheckedTextView[@text='Settings']</arg>
<arg>30s</arg>
</arguments>
<status status="PASS" starttime="20210114 10:39:40.814" endtime="20210114 10:39:42.338"></status>
</kw>
<kw name="Click Element" library="AppiumLibrary">
<doc>Click element identified by `locator`.</doc>
<arguments>
<arg>xpath=//android.widget.CheckedTextView[@text='Settings']</arg>
</arguments>
<msg timestamp="20210114 10:39:42.343" level="INFO">Clicking element 'xpath=//android.widget.CheckedTextView[@text='Settings']'.</msg>
<status status="PASS" starttime="20210114 10:39:42.339" endtime="20210114 10:39:42.997"></status>
</kw>
<kw name="Wait Until Page Contains Element" library="AppiumLibrary">
<doc>Waits until element specified with `locator` appears on current page.</doc>
<arguments>
<arg>xpath=//android.widget.TextView[@text='Server / Tenant']</arg>
<arg>30s</arg>
</arguments>
<status status="PASS" starttime="20210114 10:39:42.997" endtime="20210114 10:39:43.895"></status>
</kw>
<kw name="Click Element" library="AppiumLibrary">
<doc>Click element identified by `locator`.</doc>
<arguments>
<arg>xpath=//android.widget.TextView[@text='Server / Tenant']</arg>
</arguments>
<msg timestamp="20210114 10:39:43.898" level="INFO">Clicking element 'xpath=//android.widget.TextView[@text='Server / Tenant']'.</msg>
<status status="PASS" starttime="20210114 10:39:43.895" endtime="20210114 10:39:44.047"></status>
</kw>
<kw name="Wait Until Page Contains" library="AppiumLibrary">
<doc>Waits until `text` appears on current page.</doc>
<arguments>
<arg>MVP Staging 002</arg>
<arg>30s</arg>
</arguments>
<status status="PASS" starttime="20210114 10:39:44.048" endtime="20210114 10:39:45.234"></status>
</kw>
<kw name="Click Element" library="AppiumLibrary">
<doc>Click element identified by `locator`.</doc>
<arguments>
<arg>xpath=//android.view.ViewGroup[3]/android.widget.RadioButton</arg>
</arguments>
<msg timestamp="20210114 10:39:45.238" level="INFO">Clicking element 'xpath=//android.view.ViewGroup[3]/android.widget.RadioButton'.</msg>
<status status="PASS" starttime="20210114 10:39:45.235" endtime="20210114 10:39:46.626"></status>
</kw>
<kw name="Wait Until Page Contains Element" library="AppiumLibrary">
<doc>Waits until element specified with `locator` appears on current page.</doc>
<arguments>
<arg>xpath=//android.widget.Button[@resource-id='android:id/button3']</arg>
<arg>30s</arg>
</arguments>
<status status="PASS" starttime="20210114 10:39:46.626" endtime="20210114 10:39:46.742"></status>
</kw>
<kw name="Click Element" library="AppiumLibrary">
<doc>Click element identified by `locator`.</doc>
<arguments>
<arg>xpath=//android.widget.Button[@resource-id='android:id/button3']</arg>
</arguments>
<msg timestamp="20210114 10:39:46.745" level="INFO">Clicking element 'xpath=//android.widget.Button[@resource-id='android:id/button3']'.</msg>
<status status="PASS" starttime="20210114 10:39:46.742" endtime="20210114 10:39:46.898"></status>
</kw>
<kw name="Wait Until Page Contains Element" library="AppiumLibrary">
<doc>Waits until element specified with `locator` appears on current page.</doc>
<arguments>
<arg>xpath=//android.widget.Button[@resource-id='${appPackage}:id/activityAuthentication_loginButtonOrange']</arg>
<arg>30s</arg>
</arguments>
<status status="PASS" starttime="20210114 10:39:46.899" endtime="20210114 10:39:53.310"></status>
</kw>
<kw name="Click Element" library="AppiumLibrary">
<doc>Click element identified by `locator`.</doc>
<arguments>
<arg>xpath=//android.widget.Button[@resource-id='${appPackage}:id/activityAuthentication_loginButtonOrange']</arg>
</arguments>
<msg timestamp="20210114 10:39:53.313" level="INFO">Clicking element 'xpath=//android.widget.Button[@resource-id='com.vpaas.sdks.smartvoicekitapp:id/activityAuthentication_loginButtonOrange']'.</msg>
<status status="PASS" starttime="20210114 10:39:53.310" endtime="20210114 10:39:53.447"></status>
</kw>
<kw name="Wait Until Page Contains Element" library="AppiumLibrary">
<doc>Waits until element specified with `locator` appears on current page.</doc>
<arguments>
<arg>xpath=//android.widget.EditText[@resource-id='${appPackage}:id/was_sdk_login_editext']</arg>
<arg>30s</arg>
</arguments>
<status status="PASS" starttime="20210114 10:39:53.448" endtime="20210114 10:39:54.491"></status>
</kw>
<kw name="Click Element" library="AppiumLibrary">
<doc>Click element identified by `locator`.</doc>
<arguments>
<arg>xpath=//android.widget.EditText[@resource-id='${appPackage}:id/was_sdk_login_editext']</arg>
</arguments>
<msg timestamp="20210114 10:39:54.495" level="INFO">Clicking element 'xpath=//android.widget.EditText[@resource-id='com.vpaas.sdks.smartvoicekitapp:id/was_sdk_login_editext']'.</msg>
<status status="PASS" starttime="20210114 10:39:54.492" endtime="20210114 10:39:54.636"></status>
</kw>
<kw name="Input Text" library="AppiumLibrary">
<doc>Types the given `text` into text field identified by `locator`.</doc>
<arguments>
<arg>xpath=//android.widget.EditText[@resource-id='${appPackage}:id/was_sdk_login_editext']</arg>
<arg>${username}</arg>
</arguments>
<msg timestamp="20210114 10:39:54.639" level="INFO">Typing text 'ols.test102@gmail.com' into text field 'xpath=//android.widget.EditText[@resource-id='com.vpaas.sdks.smartvoicekitapp:id/was_sdk_login_editext']'</msg>
<status status="PASS" starttime="20210114 10:39:54.637" endtime="20210114 10:39:56.784"></status>
</kw>
<kw name="Click Element" library="AppiumLibrary">
<doc>Click element identified by `locator`.</doc>
<arguments>
<arg>xpath=//android.widget.Button[@resource-id='${appPackage}:id/was_sdk_login_button_resume']</arg>
</arguments>
<msg timestamp="20210114 10:39:56.789" level="INFO">Clicking element 'xpath=//android.widget.Button[@resource-id='com.vpaas.sdks.smartvoicekitapp:id/was_sdk_login_button_resume']'.</msg>
<status status="PASS" starttime="20210114 10:39:56.785" endtime="20210114 10:39:57.588"></status>
</kw>
<kw name="Wait Until Page Contains Element" library="AppiumLibrary">
<doc>Waits until element specified with `locator` appears on current page.</doc>
<arguments>
<arg>xpath=//android.widget.EditText[@resource-id='${appPackage}:id/was_sdk_smartauthent_explicit_id_password']</arg>
<arg>30s</arg>
</arguments>
<status status="PASS" starttime="20210114 10:39:57.589" endtime="20210114 10:39:58.913"></status>
</kw>
<kw name="Click Element" library="AppiumLibrary">
<doc>Click element identified by `locator`.</doc>
<arguments>
<arg>xpath=//android.widget.EditText[@resource-id='${appPackage}:id/was_sdk_smartauthent_explicit_id_password']</arg>
</arguments>
<msg timestamp="20210114 10:39:58.918" level="INFO">Clicking element 'xpath=//android.widget.EditText[@resource-id='com.vpaas.sdks.smartvoicekitapp:id/was_sdk_smartauthent_explicit_id_password']'.</msg>
<status status="PASS" starttime="20210114 10:39:58.914" endtime="20210114 10:39:59.105"></status>
</kw>
<kw name="Input Text" library="AppiumLibrary">
<doc>Types the given `text` into text field identified by `locator`.</doc>
<arguments>
<arg>xpath=//android.widget.EditText[@resource-id='${appPackage}:id/was_sdk_smartauthent_explicit_id_password']</arg>
<arg>${passwd}</arg>
</arguments>
<msg timestamp="20210114 10:39:59.109" level="INFO">Typing text 'QAZxsw123!' into text field 'xpath=//android.widget.EditText[@resource-id='com.vpaas.sdks.smartvoicekitapp:id/was_sdk_smartauthent_explicit_id_password']'</msg>
<status status="PASS" starttime="20210114 10:39:59.105" endtime="20210114 10:40:01.403"></status>
</kw>
<kw name="Click Element" library="AppiumLibrary">
<doc>Click element identified by `locator`.</doc>
<arguments>
<arg>xpath=//android.widget.Button[@resource-id='${appPackage}:id/was_sdk_button_confirm']</arg>
</arguments>
<msg timestamp="20210114 10:40:01.407" level="INFO">Clicking element 'xpath=//android.widget.Button[@resource-id='com.vpaas.sdks.smartvoicekitapp:id/was_sdk_button_confirm']'.</msg>
<status status="PASS" starttime="20210114 10:40:01.403" endtime="20210114 10:40:02.403"></status>
</kw>
<status status="PASS" starttime="20210114 10:39:39.534" endtime="20210114 10:40:02.403"></status>
</kw>
<tags>
<tag>Android</tag>
<tag>NR</tag>
</tags>
<status status="PASS" starttime="20210114 10:39:39.527" endtime="20210114 10:40:02.404" critical="yes"></status>
</test>
<test id="s1-s1-t7" name="Select text&amp;voice input method">
<kw name="Click Menu icon" library="General">
<kw name="Wait Until Page Contains Element" library="AppiumLibrary">
<doc>Waits until element specified with `locator` appears on current page.</doc>
<arguments>
<arg>xpath=//android.widget.FrameLayout[@resource-id='${appPackage}:id/bottom_nav_drawer']</arg>
<arg>30s</arg>
</arguments>
<status status="PASS" starttime="20210114 10:40:02.407" endtime="20210114 10:40:05.568"></status>
</kw>
<kw name="Click Element" library="AppiumLibrary">
<doc>Click element identified by `locator`.</doc>
<arguments>
<arg>xpath=//android.widget.FrameLayout[@resource-id='${appPackage}:id/bottom_nav_drawer']</arg>
</arguments>
<msg timestamp="20210114 10:40:05.571" level="INFO">Clicking element 'xpath=//android.widget.FrameLayout[@resource-id='com.vpaas.sdks.smartvoicekitapp:id/bottom_nav_drawer']'.</msg>
<status status="PASS" starttime="20210114 10:40:05.568" endtime="20210114 10:40:07.032"></status>
</kw>
<status status="PASS" starttime="20210114 10:40:02.406" endtime="20210114 10:40:07.033"></status>
</kw>
<kw name="Click Settings" library="General">
<kw name="Wait Until Page Contains Element" library="AppiumLibrary">
<doc>Waits until element specified with `locator` appears on current page.</doc>
<arguments>
<arg>xpath=//android.widget.CheckedTextView[@text='Settings']</arg>
<arg>30s</arg>
</arguments>
<status status="PASS" starttime="20210114 10:40:07.034" endtime="20210114 10:40:08.336"></status>
</kw>
<kw name="Click Element" library="AppiumLibrary">
<doc>Click element identified by `locator`.</doc>
<arguments>
<arg>xpath=//android.widget.CheckedTextView[@text='Settings']</arg>
</arguments>
<msg timestamp="20210114 10:40:08.354" level="INFO">Clicking element 'xpath=//android.widget.CheckedTextView[@text='Settings']'.</msg>
<status status="PASS" starttime="20210114 10:40:08.337" endtime="20210114 10:40:09.186"></status>
</kw>
<status status="PASS" starttime="20210114 10:40:07.033" endtime="20210114 10:40:09.187"></status>
</kw>
<kw name="Click Conversation" library="General">
<kw name="Wait Until Page Contains Element" library="AppiumLibrary">
<doc>Waits until element specified with `locator` appears on current page.</doc>
<arguments>
<arg>xpath=//android.widget.TextView[@text='Conversation']</arg>
<arg>30s</arg>
</arguments>
<status status="PASS" starttime="20210114 10:40:09.188" endtime="20210114 10:40:09.415"></status>
</kw>
<kw name="Click Element" library="AppiumLibrary">
<doc>Click element identified by `locator`.</doc>
<arguments>
<arg>xpath=//android.widget.TextView[@text='Conversation']</arg>
</arguments>
<msg timestamp="20210114 10:40:09.418" level="INFO">Clicking element 'xpath=//android.widget.TextView[@text='Conversation']'.</msg>
<status status="PASS" starttime="20210114 10:40:09.416" endtime="20210114 10:40:10.476"></status>
</kw>
<status status="PASS" starttime="20210114 10:40:09.188" endtime="20210114 10:40:10.477"></status>
</kw>
<kw name="Click Select input method" library="General">
<kw name="Wait Until Page Contains Element" library="AppiumLibrary">
<doc>Waits until element specified with `locator` appears on current page.</doc>
<arguments>
<arg>xpath=//android.widget.TextView[@text='Select input method']</arg>
<arg>30s</arg>
</arguments>
<status status="PASS" starttime="20210114 10:40:10.478" endtime="20210114 10:40:10.721"></status>
</kw>
<kw name="Click Element" library="AppiumLibrary">
<doc>Click element identified by `locator`.</doc>
<arguments>
<arg>xpath=//android.widget.TextView[@text='Select input method']</arg>
</arguments>
<msg timestamp="20210114 10:40:10.724" level="INFO">Clicking element 'xpath=//android.widget.TextView[@text='Select input method']'.</msg>
<status status="PASS" starttime="20210114 10:40:10.722" endtime="20210114 10:40:11.418"></status>
</kw>
<status status="PASS" starttime="20210114 10:40:10.477" endtime="20210114 10:40:11.418"></status>
</kw>
<kw name="Click Text &amp; Audio input" library="General">
<kw name="Wait Until Page Contains Element" library="AppiumLibrary">
<doc>Waits until element specified with `locator` appears on current page.</doc>
<arguments>
<arg>xpath=//android.widget.CheckedTextView[@text='Text &amp; Audio input']</arg>
<arg>30s</arg>
</arguments>
<status status="PASS" starttime="20210114 10:40:11.420" endtime="20210114 10:40:11.686"></status>
</kw>
<kw name="Click Element" library="AppiumLibrary">
<doc>Click element identified by `locator`.</doc>
<arguments>
<arg>xpath=//android.widget.CheckedTextView[@text='Text &amp; Audio input']</arg>
</arguments>
<msg timestamp="20210114 10:40:11.690" level="INFO">Clicking element 'xpath=//android.widget.CheckedTextView[@text='Text &amp; Audio input']'.</msg>
<status status="PASS" starttime="20210114 10:40:11.687" endtime="20210114 10:40:13.120"></status>
</kw>
<status status="PASS" starttime="20210114 10:40:11.419" endtime="20210114 10:40:13.121"></status>
</kw>
<kw name="Return to menu" library="General">
<doc>Hardware keys KeyCodes BACK = 4 MENU = 82 APP_SWITCH=187 (dec values)</doc>
<kw name="Press Keycode" library="AppiumLibrary">
<doc>Sends a press of keycode to the device.</doc>
<arguments>
<arg>4</arg>
</arguments>
<status status="PASS" starttime="20210114 10:40:13.123" endtime="20210114 10:40:13.208"></status>
</kw>
<kw name="Sleep" library="BuiltIn">
<doc>Pauses the test executed for the given time.</doc>
<arguments>
<arg>0.5s</arg>
</arguments>
<msg timestamp="20210114 10:40:13.709" level="INFO">Slept 500 milliseconds</msg>
<status status="PASS" starttime="20210114 10:40:13.208" endtime="20210114 10:40:13.712"></status>
</kw>
<kw name="Press Keycode" library="AppiumLibrary">
<doc>Sends a press of keycode to the device.</doc>
<arguments>
<arg>4</arg>
</arguments>
<status status="PASS" starttime="20210114 10:40:13.714" endtime="20210114 10:40:13.923"></status>
</kw>
<kw name="Sleep" library="BuiltIn">
<doc>Pauses the test executed for the given time.</doc>
<arguments>
<arg>0.5s</arg>
</arguments>
<msg timestamp="20210114 10:40:14.427" level="INFO">Slept 500 milliseconds</msg>
<status status="PASS" starttime="20210114 10:40:13.924" endtime="20210114 10:40:14.428"></status>
</kw>
<kw name="Click Home icon" library="General">
<kw name="Wait Until Page Contains Element" library="AppiumLibrary">
<doc>Waits until element specified with `locator` appears on current page.</doc>
<arguments>
<arg>xpath=//android.widget.FrameLayout[@resource-id='${appPackage}:id/bottom_nav_conversation']</arg>
<arg>30s</arg>
</arguments>
<status status="PASS" starttime="20210114 10:40:14.429" endtime="20210114 10:40:15.252"></status>
</kw>
<kw name="Click Element" library="AppiumLibrary">
<doc>Click element identified by `locator`.</doc>
<arguments>
<arg>xpath=//android.widget.FrameLayout[@resource-id='${appPackage}:id/bottom_nav_conversation']</arg>
</arguments>
<msg timestamp="20210114 10:40:15.257" level="INFO">Clicking element 'xpath=//android.widget.FrameLayout[@resource-id='com.vpaas.sdks.smartvoicekitapp:id/bottom_nav_conversation']'.</msg>
<status status="PASS" starttime="20210114 10:40:15.254" endtime="20210114 10:40:15.804"></status>
</kw>
<status status="PASS" starttime="20210114 10:40:14.428" endtime="20210114 10:40:15.805"></status>
</kw>
<kw name="Sleep" library="BuiltIn">
<doc>Pauses the test executed for the given time.</doc>
<arguments>
<arg>0.5s</arg>
</arguments>
<msg timestamp="20210114 10:40:16.315" level="INFO">Slept 500 milliseconds</msg>
<status status="PASS" starttime="20210114 10:40:15.805" endtime="20210114 10:40:16.315"></status>
</kw>
<status status="PASS" starttime="20210114 10:40:13.121" endtime="20210114 10:40:16.316"></status>
</kw>
<tags>
<tag>Android</tag>
<tag>NR</tag>
</tags>
<status status="PASS" starttime="20210114 10:40:02.405" endtime="20210114 10:40:16.316" critical="yes"></status>
</test>
<test id="s1-s1-t8" name="Populate history">
<kw name="Input text in history" library="General">
<arguments>
<arg>Quelle est la température a Berlin ?</arg>
</arguments>
<kw name="Wait Until Page Contains Element" library="AppiumLibrary">
<doc>Waits until element specified with `locator` appears on current page.</doc>
<arguments>
<arg>xpath=//android.widget.EditText[@resource-id='${appPackage}:id/et_user_input']</arg>
<arg>30s</arg>
</arguments>
<status status="PASS" starttime="20210114 10:40:16.319" endtime="20210114 10:40:17.041"></status>
</kw>
<kw name="Input Text" library="AppiumLibrary">
<doc>Types the given `text` into text field identified by `locator`.</doc>
<arguments>
<arg>xpath=//android.widget.EditText[@resource-id='${appPackage}:id/et_user_input']</arg>
<arg>${charstr}</arg>
</arguments>
<msg timestamp="20210114 10:40:17.044" level="INFO">Typing text 'Quelle est la température a Berlin ?' into text field 'xpath=//android.widget.EditText[@resource-id='com.vpaas.sdks.smartvoicekitapp:id/et_user_input']'</msg>
<status status="PASS" starttime="20210114 10:40:17.041" endtime="20210114 10:40:18.154"></status>
</kw>
<kw name="Wait Until Page Contains Element" library="AppiumLibrary">
<doc>Waits until element specified with `locator` appears on current page.</doc>
<arguments>
<arg>xpath=//android.widget.ImageButton[@resource-id='${appPackage}:id/btn_send_text']</arg>
<arg>60s</arg>
</arguments>
<status status="PASS" starttime="20210114 10:40:18.155" endtime="20210114 10:40:19.070"></status>
</kw>
<kw name="Click Element" library="AppiumLibrary">
<doc>Click element identified by `locator`.</doc>
<arguments>
<arg>xpath=//android.widget.ImageButton[@resource-id='${appPackage}:id/btn_send_text']</arg>
</arguments>
<msg timestamp="20210114 10:40:19.072" level="INFO">Clicking element 'xpath=//android.widget.ImageButton[@resource-id='com.vpaas.sdks.smartvoicekitapp:id/btn_send_text']'.</msg>
<status status="PASS" starttime="20210114 10:40:19.070" endtime="20210114 10:40:19.416"></status>
</kw>
<status status="PASS" starttime="20210114 10:40:16.318" endtime="20210114 10:40:19.417"></status>
</kw>
<kw name="Sleep" library="BuiltIn">
<doc>Pauses the test executed for the given time.</doc>
<arguments>
<arg>3s</arg>
</arguments>
<msg timestamp="20210114 10:40:22.418" level="INFO">Slept 3 seconds</msg>
<status status="PASS" starttime="20210114 10:40:19.417" endtime="20210114 10:40:22.418"></status>
</kw>
<kw name="Wait for reply" library="General">
<kw name="Wait Until Page Contains Element" library="AppiumLibrary">
<doc>Waits until element specified with `locator` appears on current page.</doc>
<arguments>
<arg>xpath=//android.widget.TextView[@resource-id='${appPackage}:id/text_response_tv_message']</arg>
<arg>60s</arg>
</arguments>
<status status="PASS" starttime="20210114 10:40:22.420" endtime="20210114 10:40:23.000"></status>
</kw>
<kw name="Log" library="BuiltIn">
<doc>Logs the given message with the given level.</doc>
<arguments>
<arg>xpath=//android.widget.TextView[@resource-id='${appPackage}:id/text_response_tv_message']</arg>
</arguments>
<msg timestamp="20210114 10:40:23.001" level="INFO">xpath=//android.widget.TextView[@resource-id='com.vpaas.sdks.smartvoicekitapp:id/text_response_tv_message']</msg>
<status status="PASS" starttime="20210114 10:40:23.001" endtime="20210114 10:40:23.002"></status>
</kw>
<status status="PASS" starttime="20210114 10:40:22.419" endtime="20210114 10:40:23.002"></status>
</kw>
<status status="PASS" starttime="20210114 10:40:16.317" endtime="20210114 10:40:23.003" critical="yes"></status>
</test>
<test id="s1-s1-t9" name="Scroll to top">
<kw name="Scroll_to_top" library="General">
<kw name="${i} IN RANGE [ 0 | 500 ]" type="for">
<kw name="${i} = 0" type="foritem">
<kw name="Swipe down" library="General">
<doc>swipe (x;y) to (x;y) speed ms</doc>
<kw name="Swipe" library="AppiumLibrary">
<doc>Swipe from one point to another point, for an optional duration.</doc>
<arguments>
<arg>300</arg>
<arg>400</arg>
<arg>300</arg>
<arg>1400</arg>
<arg>300</arg>
</arguments>
<status status="PASS" starttime="20210114 10:40:23.007" endtime="20210114 10:40:24.015"></status>
</kw>
<status status="PASS" starttime="20210114 10:40:23.006" endtime="20210114 10:40:24.016"></status>
</kw>
<kw name="Run Keyword And Return Status" library="BuiltIn">
<doc>Runs the given keyword with given arguments and returns the status as a Boolean value.</doc>
<arguments>
<arg>Element SHould Be Visible</arg>
<arg>xpath=//android.widget.TextView[@resource-id='${appPackage}:id/tv_message']</arg>
</arguments>
<assign>
<var>${el}</var>
</assign>
<kw name="Element Should Be Visible" library="AppiumLibrary">
<doc>Verifies that element identified with locator is visible.</doc>
<arguments>
<arg>xpath=//android.widget.TextView[@resource-id='${appPackage}:id/tv_message']</arg>
</arguments>
<kw name="Capture Page Screenshot" library="AppiumLibrary">
<doc>Takes a screenshot of the current page and embeds it into the log.</doc>
<msg timestamp="20210114 10:40:26.689" level="INFO" html="yes">&lt;/td&gt;&lt;/tr&gt;&lt;tr&gt;&lt;td colspan="3"&gt;&lt;a href="appium-screenshot-5.png"&gt;&lt;img src="appium-screenshot-5.png" width="800px"&gt;&lt;/a&gt;</msg>
<status status="PASS" starttime="20210114 10:40:26.191" endtime="20210114 10:40:26.689"></status>
</kw>
<msg timestamp="20210114 10:40:26.690" level="FAIL">ValueError: Element locator 'xpath=//android.widget.TextView[@resource-id='com.vpaas.sdks.smartvoicekitapp:id/tv_message']' did not match any elements.</msg>
<status status="FAIL" starttime="20210114 10:40:24.017" endtime="20210114 10:40:26.690"></status>
</kw>
<msg timestamp="20210114 10:40:26.694" level="INFO">${el} = False</msg>
<status status="PASS" starttime="20210114 10:40:24.017" endtime="20210114 10:40:26.694"></status>
</kw>
<kw name="Run Keyword If" library="BuiltIn">
<doc>Runs the given keyword with the given arguments, if ``condition`` is true.</doc>
<arguments>
<arg>${el}</arg>
<arg>Exit For Loop</arg>
</arguments>
<status status="PASS" starttime="20210114 10:40:26.696" endtime="20210114 10:40:26.696"></status>
</kw>
<kw name="Set Variable" library="BuiltIn">
<doc>Returns the given values which can then be assigned to a variables.</doc>
<arguments>
<arg>${i}+1</arg>
</arguments>
<assign>
<var>${i}</var>
</assign>
<msg timestamp="20210114 10:40:26.699" level="INFO">${i} = 0+1</msg>
<status status="PASS" starttime="20210114 10:40:26.698" endtime="20210114 10:40:26.699"></status>
</kw>
<status status="PASS" starttime="20210114 10:40:23.006" endtime="20210114 10:40:26.699"></status>
</kw>
<kw name="${i} = 1" type="foritem">
<kw name="Swipe down" library="General">
<doc>swipe (x;y) to (x;y) speed ms</doc>
<kw name="Swipe" library="AppiumLibrary">
<doc>Swipe from one point to another point, for an optional duration.</doc>
<arguments>
<arg>300</arg>
<arg>400</arg>
<arg>300</arg>
<arg>1400</arg>
<arg>300</arg>
</arguments>
<status status="PASS" starttime="20210114 10:40:26.701" endtime="20210114 10:40:27.704"></status>
</kw>
<status status="PASS" starttime="20210114 10:40:26.700" endtime="20210114 10:40:27.705"></status>
</kw>
<kw name="Run Keyword And Return Status" library="BuiltIn">
<doc>Runs the given keyword with given arguments and returns the status as a Boolean value.</doc>
<arguments>
<arg>Element SHould Be Visible</arg>
<arg>xpath=//android.widget.TextView[@resource-id='${appPackage}:id/tv_message']</arg>
</arguments>
<assign>
<var>${el}</var>
</assign>
<kw name="Element Should Be Visible" library="AppiumLibrary">
<doc>Verifies that element identified with locator is visible.</doc>
<arguments>
<arg>xpath=//android.widget.TextView[@resource-id='${appPackage}:id/tv_message']</arg>
</arguments>
<kw name="Capture Page Screenshot" library="AppiumLibrary">
<doc>Takes a screenshot of the current page and embeds it into the log.</doc>
<msg timestamp="20210114 10:40:30.062" level="INFO" html="yes">&lt;/td&gt;&lt;/tr&gt;&lt;tr&gt;&lt;td colspan="3"&gt;&lt;a href="appium-screenshot-6.png"&gt;&lt;img src="appium-screenshot-6.png" width="800px"&gt;&lt;/a&gt;</msg>
<status status="PASS" starttime="20210114 10:40:29.425" endtime="20210114 10:40:30.062"></status>
</kw>
<msg timestamp="20210114 10:40:30.063" level="FAIL">ValueError: Element locator 'xpath=//android.widget.TextView[@resource-id='com.vpaas.sdks.smartvoicekitapp:id/tv_message']' did not match any elements.</msg>
<status status="FAIL" starttime="20210114 10:40:27.707" endtime="20210114 10:40:30.063"></status>
</kw>
<msg timestamp="20210114 10:40:30.064" level="INFO">${el} = False</msg>
<status status="PASS" starttime="20210114 10:40:27.706" endtime="20210114 10:40:30.064"></status>
</kw>
<kw name="Run Keyword If" library="BuiltIn">
<doc>Runs the given keyword with the given arguments, if ``condition`` is true.</doc>
<arguments>
<arg>${el}</arg>
<arg>Exit For Loop</arg>
</arguments>
<status status="PASS" starttime="20210114 10:40:30.065" endtime="20210114 10:40:30.065"></status>
</kw>
<kw name="Set Variable" library="BuiltIn">
<doc>Returns the given values which can then be assigned to a variables.</doc>
<arguments>
<arg>${i}+1</arg>
</arguments>
<assign>
<var>${i}</var>
</assign>
<msg timestamp="20210114 10:40:30.067" level="INFO">${i} = 1+1</msg>
<status status="PASS" starttime="20210114 10:40:30.066" endtime="20210114 10:40:30.067"></status>
</kw>
<status status="PASS" starttime="20210114 10:40:26.700" endtime="20210114 10:40:30.067"></status>
</kw>
<kw name="${i} = 2" type="foritem">
<kw name="Swipe down" library="General">
<doc>swipe (x;y) to (x;y) speed ms</doc>
<kw name="Swipe" library="AppiumLibrary">
<doc>Swipe from one point to another point, for an optional duration.</doc>
<arguments>
<arg>300</arg>
<arg>400</arg>
<arg>300</arg>
<arg>1400</arg>
<arg>300</arg>
</arguments>
<status status="PASS" starttime="20210114 10:40:30.070" endtime="20210114 10:40:31.049"></status>
</kw>
<status status="PASS" starttime="20210114 10:40:30.069" endtime="20210114 10:40:31.050"></status>
</kw>
<kw name="Run Keyword And Return Status" library="BuiltIn">
<doc>Runs the given keyword with given arguments and returns the status as a Boolean value.</doc>
<arguments>
<arg>Element SHould Be Visible</arg>
<arg>xpath=//android.widget.TextView[@resource-id='${appPackage}:id/tv_message']</arg>
</arguments>
<assign>
<var>${el}</var>
</assign>
<kw name="Element Should Be Visible" library="AppiumLibrary">
<doc>Verifies that element identified with locator is visible.</doc>
<arguments>
<arg>xpath=//android.widget.TextView[@resource-id='${appPackage}:id/tv_message']</arg>
</arguments>
<kw name="Capture Page Screenshot" library="AppiumLibrary">
<doc>Takes a screenshot of the current page and embeds it into the log.</doc>
<msg timestamp="20210114 10:40:33.773" level="INFO" html="yes">&lt;/td&gt;&lt;/tr&gt;&lt;tr&gt;&lt;td colspan="3"&gt;&lt;a href="appium-screenshot-7.png"&gt;&lt;img src="appium-screenshot-7.png" width="800px"&gt;&lt;/a&gt;</msg>
<status status="PASS" starttime="20210114 10:40:33.060" endtime="20210114 10:40:33.774"></status>
</kw>
<msg timestamp="20210114 10:40:33.775" level="FAIL">ValueError: Element locator 'xpath=//android.widget.TextView[@resource-id='com.vpaas.sdks.smartvoicekitapp:id/tv_message']' did not match any elements.</msg>
<status status="FAIL" starttime="20210114 10:40:31.051" endtime="20210114 10:40:33.775"></status>
</kw>
<msg timestamp="20210114 10:40:33.777" level="INFO">${el} = False</msg>
<status status="PASS" starttime="20210114 10:40:31.051" endtime="20210114 10:40:33.777"></status>
</kw>
<kw name="Run Keyword If" library="BuiltIn">
<doc>Runs the given keyword with the given arguments, if ``condition`` is true.</doc>
<arguments>
<arg>${el}</arg>
<arg>Exit For Loop</arg>
</arguments>
<status status="PASS" starttime="20210114 10:40:33.777" endtime="20210114 10:40:33.778"></status>
</kw>
<kw name="Set Variable" library="BuiltIn">
<doc>Returns the given values which can then be assigned to a variables.</doc>
<arguments>
<arg>${i}+1</arg>
</arguments>
<assign>
<var>${i}</var>
</assign>
<msg timestamp="20210114 10:40:33.779" level="INFO">${i} = 2+1</msg>
<status status="PASS" starttime="20210114 10:40:33.778" endtime="20210114 10:40:33.779"></status>
</kw>
<status status="PASS" starttime="20210114 10:40:30.068" endtime="20210114 10:40:33.779"></status>
</kw>
<kw name="${i} = 3" type="foritem">
<kw name="Swipe down" library="General">
<doc>swipe (x;y) to (x;y) speed ms</doc>
<kw name="Swipe" library="AppiumLibrary">
<doc>Swipe from one point to another point, for an optional duration.</doc>
<arguments>
<arg>300</arg>
<arg>400</arg>
<arg>300</arg>
<arg>1400</arg>
<arg>300</arg>
</arguments>
<status status="PASS" starttime="20210114 10:40:33.781" endtime="20210114 10:40:34.732"></status>
</kw>
<status status="PASS" starttime="20210114 10:40:33.780" endtime="20210114 10:40:34.733"></status>
</kw>
<kw name="Run Keyword And Return Status" library="BuiltIn">
<doc>Runs the given keyword with given arguments and returns the status as a Boolean value.</doc>
<arguments>
<arg>Element SHould Be Visible</arg>
<arg>xpath=//android.widget.TextView[@resource-id='${appPackage}:id/tv_message']</arg>
</arguments>
<assign>
<var>${el}</var>
</assign>
<kw name="Element Should Be Visible" library="AppiumLibrary">
<doc>Verifies that element identified with locator is visible.</doc>
<arguments>
<arg>xpath=//android.widget.TextView[@resource-id='${appPackage}:id/tv_message']</arg>
</arguments>
<status status="PASS" starttime="20210114 10:40:34.734" endtime="20210114 10:40:35.219"></status>
</kw>
<msg timestamp="20210114 10:40:35.221" level="INFO">${el} = True</msg>
<status status="PASS" starttime="20210114 10:40:34.733" endtime="20210114 10:40:35.221"></status>
</kw>
<kw name="Run Keyword If" library="BuiltIn">
<doc>Runs the given keyword with the given arguments, if ``condition`` is true.</doc>
<arguments>
<arg>${el}</arg>
<arg>Exit For Loop</arg>
</arguments>
<kw name="Exit For Loop" library="BuiltIn">
<doc>Stops executing the enclosing for loop.</doc>
<msg timestamp="20210114 10:40:35.223" level="INFO">Exiting for loop altogether.</msg>
<status status="PASS" starttime="20210114 10:40:35.222" endtime="20210114 10:40:35.223"></status>
</kw>
<status status="PASS" starttime="20210114 10:40:35.222" endtime="20210114 10:40:35.224"></status>
</kw>
<status status="PASS" starttime="20210114 10:40:33.780" endtime="20210114 10:40:35.224"></status>
</kw>
<status status="PASS" starttime="20210114 10:40:23.005" endtime="20210114 10:40:35.224"></status>
</kw>
<status status="PASS" starttime="20210114 10:40:23.005" endtime="20210114 10:40:35.225"></status>
</kw>
<status status="PASS" starttime="20210114 10:40:23.004" endtime="20210114 10:40:35.226" critical="yes"></status>
</test>
<test id="s1-s1-t10" name="Scroll to bottom">
<kw name="Scroll_to_bottom" library="General">
<kw name="Click Element" library="AppiumLibrary">
<doc>Click element identified by `locator`.</doc>
<arguments>
<arg>xpath=//android.widget.ImageButton[@resource-id='${appPackage}:id/btn_go_to_bottom']</arg>
</arguments>
<msg timestamp="20210114 10:40:35.232" level="INFO">Clicking element 'xpath=//android.widget.ImageButton[@resource-id='com.vpaas.sdks.smartvoicekitapp:id/btn_go_to_bottom']'.</msg>
<status status="PASS" starttime="20210114 10:40:35.229" endtime="20210114 10:40:35.662"></status>
</kw>
<status status="PASS" starttime="20210114 10:40:35.228" endtime="20210114 10:40:35.662"></status>
</kw>
<status status="PASS" starttime="20210114 10:40:35.227" endtime="20210114 10:40:35.663" critical="yes"></status>
</test>
<test id="s1-s1-t11" name="HD01 Long press on a conversation item + Delete button">
<status status="FAIL" starttime="20210114 10:40:35.664" endtime="20210114 10:40:35.665" critical="yes">Test case contains no keywords.</status>
</test>
<test id="s1-s1-t12" name="HD02 ... Delete &gt; No item">
<kw name="Click 3 dots menu" library="General">
<kw name="Wait Until Page Contains Element" library="AppiumLibrary">
<doc>Waits until element specified with `locator` appears on current page.</doc>
<arguments>
<arg>xpath=//android.widget.TextView[@resource-id='${appPackage}:id/activityHome_toolbarTitle']</arg>
<arg>30s</arg>
</arguments>
<status status="PASS" starttime="20210114 10:40:35.669" endtime="20210114 10:40:37.433"></status>
</kw>
<kw name="Long Press" library="AppiumLibrary">
<doc>Long press the element with optional duration</doc>
<arguments>
<arg>xpath=//android.widget.TextView[@resource-id='${appPackage}:id/activityHome_toolbarTitle']</arg>
<arg>1s</arg>
</arguments>
<status status="PASS" starttime="20210114 10:40:37.434" endtime="20210114 10:40:39.342"></status>
</kw>
<status status="PASS" starttime="20210114 10:40:35.667" endtime="20210114 10:40:39.342"></status>
</kw>
<kw name="Wait Until Page Contains Element" library="AppiumLibrary">
<doc>Waits until element specified with `locator` appears on current page.</doc>
<arguments>
<arg>xpath=//android.widget.TextView[@text='Delete']</arg>
<arg>30s</arg>
</arguments>
<status status="PASS" starttime="20210114 10:40:39.343" endtime="20210114 10:40:39.431"></status>
</kw>
<kw name="Click Element" library="AppiumLibrary">
<doc>Click element identified by `locator`.</doc>
<arguments>
<arg>xpath=//android.widget.TextView[@text='Delete']</arg>
</arguments>
<msg timestamp="20210114 10:40:39.436" level="INFO">Clicking element 'xpath=//android.widget.TextView[@text='Delete']'.</msg>
<status status="PASS" starttime="20210114 10:40:39.433" endtime="20210114 10:40:40.899"></status>
</kw>
<kw name="Sleep" library="BuiltIn">
<doc>Pauses the test executed for the given time.</doc>
<arguments>
<arg>2s</arg>
</arguments>
<msg timestamp="20210114 10:40:42.901" level="INFO">Slept 2 seconds</msg>
<status status="PASS" starttime="20210114 10:40:40.900" endtime="20210114 10:40:42.902"></status>
</kw>
<kw name="Element Should Be Disabled" library="AppiumLibrary">
<doc>Verifies that element identified with locator is disabled.</doc>
<arguments>
<arg>id=confirmation_buttons_group_positive</arg>
</arguments>
<msg timestamp="20210114 10:40:43.051" level="INFO">Element 'id=confirmation_buttons_group_positive' is disabled .</msg>
<status status="PASS" starttime="20210114 10:40:42.902" endtime="20210114 10:40:43.052"></status>
</kw>
<kw name="Element Text Should Be" library="AppiumLibrary">
<doc>Verifies element identified by ``locator`` exactly contains text ``expected``.</doc>
<arguments>
<arg>id=toolbar_title</arg>
<arg>0 selected elements</arg>
</arguments>
<msg timestamp="20210114 10:40:43.055" level="INFO">Verifying element 'id=toolbar_title' contains exactly text '0 selected elements'.</msg>
<status status="PASS" starttime="20210114 10:40:43.053" endtime="20210114 10:40:43.141"></status>
</kw>
<kw name="Delete_menu_press_Cancel" library="General">
<kw name="Wait Until Page Contains Element" library="AppiumLibrary">
<doc>Waits until element specified with `locator` appears on current page.</doc>
<arguments>
<arg>xpath=//android.widget.Button[@resource-id='${appPackage}:id/confirmation_buttons_group_negative']</arg>
<arg>30s</arg>
</arguments>
<status status="PASS" starttime="20210114 10:40:43.142" endtime="20210114 10:40:43.255"></status>
</kw>
<kw name="Click Element" library="AppiumLibrary">
<doc>Click element identified by `locator`.</doc>
<arguments>
<arg>xpath=//android.widget.Button[@resource-id='${appPackage}:id/confirmation_buttons_group_negative']</arg>
</arguments>
<msg timestamp="20210114 10:40:43.258" level="INFO">Clicking element 'xpath=//android.widget.Button[@resource-id='com.vpaas.sdks.smartvoicekitapp:id/confirmation_buttons_group_negative']'.</msg>
<status status="PASS" starttime="20210114 10:40:43.255" endtime="20210114 10:40:43.439"></status>
</kw>
<status status="PASS" starttime="20210114 10:40:43.141" endtime="20210114 10:40:43.440"></status>
</kw>
<kw name="Sleep" library="BuiltIn">
<doc>Pauses the test executed for the given time.</doc>
<arguments>
<arg>2s</arg>
</arguments>
<msg timestamp="20210114 10:40:45.441" level="INFO">Slept 2 seconds</msg>
<status status="PASS" starttime="20210114 10:40:43.440" endtime="20210114 10:40:45.441"></status>
</kw>
<status status="PASS" starttime="20210114 10:40:35.666" endtime="20210114 10:40:45.442" critical="yes"></status>
</test>
<test id="s1-s1-t13" name="HD03 ... Delete &gt; 1 item">
<kw name="Click 3 dots menu" library="General">
<kw name="Wait Until Page Contains Element" library="AppiumLibrary">
<doc>Waits until element specified with `locator` appears on current page.</doc>
<arguments>
<arg>xpath=//android.widget.TextView[@resource-id='${appPackage}:id/activityHome_toolbarTitle']</arg>
<arg>30s</arg>
</arguments>
<status status="PASS" starttime="20210114 10:40:45.445" endtime="20210114 10:40:45.972"></status>
</kw>
<kw name="Long Press" library="AppiumLibrary">
<doc>Long press the element with optional duration</doc>
<arguments>
<arg>xpath=//android.widget.TextView[@resource-id='${appPackage}:id/activityHome_toolbarTitle']</arg>
<arg>1s</arg>
</arguments>
<status status="PASS" starttime="20210114 10:40:45.972" endtime="20210114 10:40:47.983"></status>
</kw>
<status status="PASS" starttime="20210114 10:40:45.444" endtime="20210114 10:40:47.984"></status>
</kw>
<kw name="Wait Until Page Contains Element" library="AppiumLibrary">
<doc>Waits until element specified with `locator` appears on current page.</doc>
<arguments>
<arg>xpath=//android.widget.TextView[@text='Delete']</arg>
<arg>30s</arg>
</arguments>
<status status="PASS" starttime="20210114 10:40:47.984" endtime="20210114 10:40:48.091"></status>
</kw>
<kw name="Click Element" library="AppiumLibrary">
<doc>Click element identified by `locator`.</doc>
<arguments>
<arg>xpath=//android.widget.TextView[@text='Delete']</arg>
</arguments>
<msg timestamp="20210114 10:40:48.094" level="INFO">Clicking element 'xpath=//android.widget.TextView[@text='Delete']'.</msg>
<status status="PASS" starttime="20210114 10:40:48.091" endtime="20210114 10:40:49.482"></status>
</kw>
<kw name="Sleep" library="BuiltIn">
<doc>Pauses the test executed for the given time.</doc>
<arguments>
<arg>2s</arg>
</arguments>
<msg timestamp="20210114 10:40:51.485" level="INFO">Slept 2 seconds</msg>
<status status="PASS" starttime="20210114 10:40:49.483" endtime="20210114 10:40:51.485"></status>
</kw>
<kw name="Click Element" library="AppiumLibrary">
<doc>Click element identified by `locator`.</doc>
<arguments>
<arg>xpath=//android.widget.CheckBox[@resource-id='${appPackage}:id/conversation_entry_delete_cb_select_entry']</arg>
</arguments>
<msg timestamp="20210114 10:40:51.491" level="INFO">Clicking element 'xpath=//android.widget.CheckBox[@resource-id='com.vpaas.sdks.smartvoicekitapp:id/conversation_entry_delete_cb_select_entry']'.</msg>
<status status="PASS" starttime="20210114 10:40:51.487" endtime="20210114 10:40:51.854"></status>
</kw>
<kw name="Sleep" library="BuiltIn">
<doc>Pauses the test executed for the given time.</doc>
<arguments>
<arg>1s</arg>
</arguments>
<msg timestamp="20210114 10:40:52.856" level="INFO">Slept 1 second</msg>
<status status="PASS" starttime="20210114 10:40:51.854" endtime="20210114 10:40:52.856"></status>
</kw>
<kw name="Element Should Be Enabled" library="AppiumLibrary">
<doc>Verifies that element identified with locator is enabled.</doc>
<arguments>
<arg>id=confirmation_buttons_group_positive</arg>
</arguments>
<msg timestamp="20210114 10:40:52.938" level="INFO">Element 'id=confirmation_buttons_group_positive' is enabled .</msg>
<status status="PASS" starttime="20210114 10:40:52.857" endtime="20210114 10:40:52.938"></status>
</kw>
<kw name="Element Text Should Be" library="AppiumLibrary">
<doc>Verifies element identified by ``locator`` exactly contains text ``expected``.</doc>
<arguments>
<arg>id=toolbar_title</arg>
<arg>1 selected element</arg>
</arguments>
<msg timestamp="20210114 10:40:52.941" level="INFO">Verifying element 'id=toolbar_title' contains exactly text '1 selected element'.</msg>
<kw name="Capture Page Screenshot" library="AppiumLibrary">
<doc>Takes a screenshot of the current page and embeds it into the log.</doc>
<msg timestamp="20210114 10:40:53.700" level="INFO" html="yes">&lt;/td&gt;&lt;/tr&gt;&lt;tr&gt;&lt;td colspan="3"&gt;&lt;a href="appium-screenshot-8.png"&gt;&lt;img src="appium-screenshot-8.png" width="800px"&gt;&lt;/a&gt;</msg>
<status status="PASS" starttime="20210114 10:40:53.061" endtime="20210114 10:40:53.701"></status>
</kw>
<msg timestamp="20210114 10:40:53.702" level="FAIL">The text of element 'id=toolbar_title' should have been '1 selected element' but in fact it was '15 selected elements'.</msg>
<status status="FAIL" starttime="20210114 10:40:52.939" endtime="20210114 10:40:53.702"></status>
</kw>
<status status="FAIL" starttime="20210114 10:40:45.443" endtime="20210114 10:40:53.703" critical="yes">The text of element 'id=toolbar_title' should have been '1 selected element' but in fact it was '15 selected elements'.</status>
</test>
<test id="s1-s1-t14" name="HD04 ... Delete &gt; Select more elements">
<kw name="Click 3 dots menu" library="General">
<kw name="Wait Until Page Contains Element" library="AppiumLibrary">
<doc>Waits until element specified with `locator` appears on current page.</doc>
<arguments>
<arg>xpath=//android.widget.TextView[@resource-id='${appPackage}:id/activityHome_toolbarTitle']</arg>
<arg>30s</arg>
</arguments>
<kw name="Capture Page Screenshot" library="AppiumLibrary">
<doc>Takes a screenshot of the current page and embeds it into the log.</doc>
<errors>
<msg timestamp="20210114 10:41:23.710" level="ERROR">Execution stopped by user.</msg>
</errors>
</robot>
