<?xml version="1.0" encoding="UTF-8"?>
<robot generator="Robot 3.2.2 (Python 3.9.0 on darwin)" generated="20201119 10:55:20.620" rpa="false">
<suite id="s1" name="AndroidPhoneTests" source="/Users/muthabor/eclipse-workspace/uiautomation/AndroidPhoneTests.robot">
<test id="s1-t1" name="Startup">
<kw name="Launch App" library="General">
<kw name="Log" library="BuiltIn">
<doc>Logs the given message with the given level.</doc>
<arguments>
<arg>Start ${AppName}</arg>
</arguments>
<msg timestamp="20201119 10:55:21.264" level="INFO">Start SmartVoiceKit Demo</msg>
<status status="PASS" starttime="20201119 10:55:21.263" endtime="20201119 10:55:21.264"></status>
</kw>
<kw name="Open Application" library="AppiumLibrary">
<doc>Opens a new application to given Appium server.
Capabilities of appium server, Android and iOS,
Please check https://github.com/appium/appium/blob/master/docs/en/writing-running-appium/server-args.md
| *Option*            | *Man.* | *Description*     |
| remote_url          | Yes    | Appium server url |
| alias               | no     | alias             |</doc>
<arguments>
<arg>http://127.0.0.1:${appium}/wd/hub</arg>
<arg>platformName=Android</arg>
<arg>deviceName=${name}</arg>
<arg>appPackage=${appPackage}</arg>
<arg>udid=${udid}</arg>
<arg>appActivity=${MainActivity}</arg>
</arguments>
<kw name="Capture Page Screenshot" library="AppiumLibrary">
<doc>Takes a screenshot of the current page and embeds it into the log.</doc>
<msg timestamp="20201119 10:55:22.890" level="FAIL">No application is open</msg>
<status status="FAIL" starttime="20201119 10:55:22.885" endtime="20201119 10:55:22.891"></status>
</kw>
<msg timestamp="20201119 10:55:22.894" level="WARN">Keyword 'Capture Page Screenshot' could not be run on failure: No application is open</msg>
<msg timestamp="20201119 10:55:22.903" level="FAIL">WebDriverException: Message: An unknown server-side error occurred while processing the command. Original error: Device ce02182228f0953604 was not in the list of connected devices
</msg>
<status status="FAIL" starttime="20201119 10:55:21.264" endtime="20201119 10:55:22.903"></status>
</kw>
<status status="FAIL" starttime="20201119 10:55:21.262" endtime="20201119 10:55:22.904"></status>
</kw>
<tags>
<tag>Android</tag>
<tag>NR</tag>
</tags>
<status status="FAIL" starttime="20201119 10:55:21.246" endtime="20201119 10:55:22.904" critical="yes">WebDriverException: Message: An unknown server-side error occurred while processing the command. Original error: Device ce02182228f0953604 was not in the list of connected devices
</status>
</test>
<test id="s1-t2" name="Allow Permissions">
<kw name="Click_ALLOW_Allow" library="General">
<kw name="Run Keyword And Return Status" library="BuiltIn">
<doc>Runs the given keyword with given arguments and returns the status as a Boolean value.</doc>
<arguments>
<arg>Element Should Be Visible</arg>
<arg>xpath=//android.widget.Button[@text='ALLOW']</arg>
</arguments>
<assign>
<var>${ALLOW}</var>
</assign>
<kw name="Element Should Be Visible" library="AppiumLibrary">
<doc>Verifies that element identified with locator is visible.</doc>
<arguments>
<arg>xpath=//android.widget.Button[@text='ALLOW']</arg>
</arguments>
<kw name="Capture Page Screenshot" library="AppiumLibrary">
<doc>Takes a screenshot of the current page and embeds it into the log.</doc>
<msg timestamp="20201119 10:55:22.910" level="FAIL">No application is open</msg>
<status status="FAIL" starttime="20201119 10:55:22.909" endtime="20201119 10:55:22.910"></status>
</kw>
<msg timestamp="20201119 10:55:22.911" level="WARN">Keyword 'Capture Page Screenshot' could not be run on failure: No application is open</msg>
<msg timestamp="20201119 10:55:22.913" level="FAIL">No application is open</msg>
<status status="FAIL" starttime="20201119 10:55:22.907" endtime="20201119 10:55:22.913"></status>
</kw>
<msg timestamp="20201119 10:55:22.913" level="INFO">${ALLOW} = False</msg>
<status status="PASS" starttime="20201119 10:55:22.906" endtime="20201119 10:55:22.913"></status>
</kw>
<kw name="Run Keyword If" library="BuiltIn">
<doc>Runs the given keyword with the given arguments, if ``condition`` is true.</doc>
<arguments>
<arg>${ALLOW}</arg>
<arg>Click Element</arg>
<arg>xpath=//android.widget.Button[@text='ALLOW']</arg>
</arguments>
<status status="PASS" starttime="20201119 10:55:22.913" endtime="20201119 10:55:22.913"></status>
</kw>
<kw name="Run Keyword And Return Status" library="BuiltIn">
<doc>Runs the given keyword with given arguments and returns the status as a Boolean value.</doc>
<arguments>
<arg>Element Should Be Visible</arg>
<arg>xpath=//android.widget.Button[@text='Allow']</arg>
</arguments>
<assign>
<var>${Allow}</var>
</assign>
<kw name="Element Should Be Visible" library="AppiumLibrary">
<doc>Verifies that element identified with locator is visible.</doc>
<arguments>
<arg>xpath=//android.widget.Button[@text='Allow']</arg>
</arguments>
<kw name="Capture Page Screenshot" library="AppiumLibrary">
<doc>Takes a screenshot of the current page and embeds it into the log.</doc>
<msg timestamp="20201119 10:55:22.917" level="FAIL">No application is open</msg>
<status status="FAIL" starttime="20201119 10:55:22.915" endtime="20201119 10:55:22.918"></status>
</kw>
<msg timestamp="20201119 10:55:22.920" level="WARN">Keyword 'Capture Page Screenshot' could not be run on failure: No application is open</msg>
<msg timestamp="20201119 10:55:22.920" level="FAIL">No application is open</msg>
<status status="FAIL" starttime="20201119 10:55:22.914" endtime="20201119 10:55:22.920"></status>
</kw>
<msg timestamp="20201119 10:55:22.920" level="INFO">${Allow} = False</msg>
<status status="PASS" starttime="20201119 10:55:22.914" endtime="20201119 10:55:22.920"></status>
</kw>
<kw name="Run Keyword If" library="BuiltIn">
<doc>Runs the given keyword with the given arguments, if ``condition`` is true.</doc>
<arguments>
<arg>${Allow}</arg>
<arg>Click Element</arg>
<arg>xpath=//android.widget.Button[@text='Allow']</arg>
</arguments>
<status status="PASS" starttime="20201119 10:55:22.921" endtime="20201119 10:55:22.921"></status>
</kw>
<status status="PASS" starttime="20201119 10:55:22.906" endtime="20201119 10:55:22.921"></status>
</kw>
<tags>
<tag>Android</tag>
</tags>
<status status="PASS" starttime="20201119 10:55:22.905" endtime="20201119 10:55:22.921" critical="yes"></status>
</test>
<test id="s1-t3" name="Click Start">
<kw name="ClickDjingo" library="General">
<kw name="Wait Until Page Contains Element" library="AppiumLibrary">
<doc>Waits until element specified with `locator` appears on current page.</doc>
<arguments>
<arg>xpath=//android.widget.Button[@resource-id='${appPackage}:id/activityAuthentication_loginButtonOrange']</arg>
<arg>30s</arg>
</arguments>
<kw name="Capture Page Screenshot" library="AppiumLibrary">
<doc>Takes a screenshot of the current page and embeds it into the log.</doc>
<msg timestamp="20201119 10:55:22.923" level="FAIL">No application is open</msg>
<status status="FAIL" starttime="20201119 10:55:22.922" endtime="20201119 10:55:22.923"></status>
</kw>
<msg timestamp="20201119 10:55:22.925" level="WARN">Keyword 'Capture Page Screenshot' could not be run on failure: No application is open</msg>
<msg timestamp="20201119 10:55:22.926" level="FAIL">No application is open</msg>
<status status="FAIL" starttime="20201119 10:55:22.922" endtime="20201119 10:55:22.926"></status>
</kw>
<status status="FAIL" starttime="20201119 10:55:22.922" endtime="20201119 10:55:22.926"></status>
</kw>
<tags>
<tag>Android</tag>
<tag>NR</tag>
</tags>
<status status="FAIL" starttime="20201119 10:55:22.921" endtime="20201119 10:55:22.927" critical="yes">No application is open</status>
</test>
<test id="s1-t4" name="Click Login">
<kw name="Login" library="General">
<kw name="Wait Until Page Contains Element" library="AppiumLibrary">
<doc>Waits until element specified with `locator` appears on current page.</doc>
<arguments>
<arg>xpath=//android.widget.EditText[@resource-id='${appPackage}:id/was_sdk_login_editext']</arg>
<arg>30s</arg>
</arguments>
<kw name="Capture Page Screenshot" library="AppiumLibrary">
<doc>Takes a screenshot of the current page and embeds it into the log.</doc>
<msg timestamp="20201119 10:55:22.934" level="FAIL">No application is open</msg>
<status status="FAIL" starttime="20201119 10:55:22.933" endtime="20201119 10:55:22.934"></status>
</kw>
<msg timestamp="20201119 10:55:22.937" level="WARN">Keyword 'Capture Page Screenshot' could not be run on failure: No application is open</msg>
<msg timestamp="20201119 10:55:22.938" level="FAIL">No application is open</msg>
<status status="FAIL" starttime="20201119 10:55:22.932" endtime="20201119 10:55:22.938"></status>
</kw>
<status status="FAIL" starttime="20201119 10:55:22.931" endtime="20201119 10:55:22.938"></status>
</kw>
<tags>
<tag>Android</tag>
<tag>NR</tag>
</tags>
<status status="FAIL" starttime="20201119 10:55:22.931" endtime="20201119 10:55:22.938" critical="yes">No application is open</status>
</test>
<test id="s1-t5" name="Click Restart">
<kw name="Restart" library="General">
<kw name="Wait Until Page Contains Element" library="AppiumLibrary">
<doc>Waits until element specified with `locator` appears on current page.</doc>
<arguments>
<arg>xpath=//android.widget.Button[@resource-id='android:id/button2']</arg>
<arg>30s</arg>
</arguments>
<kw name="Capture Page Screenshot" library="AppiumLibrary">
<doc>Takes a screenshot of the current page and embeds it into the log.</doc>
<msg timestamp="20201119 10:55:22.942" level="FAIL">No application is open</msg>
<status status="FAIL" starttime="20201119 10:55:22.941" endtime="20201119 10:55:22.942"></status>
</kw>
<msg timestamp="20201119 10:55:22.943" level="WARN">Keyword 'Capture Page Screenshot' could not be run on failure: No application is open</msg>
<msg timestamp="20201119 10:55:22.944" level="FAIL">No application is open</msg>
<status status="FAIL" starttime="20201119 10:55:22.941" endtime="20201119 10:55:22.944"></status>
</kw>
<status status="FAIL" starttime="20201119 10:55:22.940" endtime="20201119 10:55:22.944"></status>
</kw>
<tags>
<tag>Android</tag>
<tag>NR</tag>
</tags>
<status status="FAIL" starttime="20201119 10:55:22.939" endtime="20201119 10:55:22.944" critical="yes">No application is open</status>
</test>
<test id="s1-t6" name="H02 Select New Twnnant H02">
<kw name="SelectNewTennant" library="General">
<kw name="Click Menu icon" library="General">
<kw name="Wait Until Page Contains Element" library="AppiumLibrary">
<doc>Waits until element specified with `locator` appears on current page.</doc>
<arguments>
<arg>xpath=//android.widget.FrameLayout[@resource-id='${appPackage}:id/bottom_nav_drawer']</arg>
<arg>30s</arg>
</arguments>
<kw name="Capture Page Screenshot" library="AppiumLibrary">
<doc>Takes a screenshot of the current page and embeds it into the log.</doc>
<msg timestamp="20201119 10:55:22.949" level="FAIL">No application is open</msg>
<status status="FAIL" starttime="20201119 10:55:22.947" endtime="20201119 10:55:22.949"></status>
</kw>
<msg timestamp="20201119 10:55:22.951" level="WARN">Keyword 'Capture Page Screenshot' could not be run on failure: No application is open</msg>
<msg timestamp="20201119 10:55:22.952" level="FAIL">No application is open</msg>
<status status="FAIL" starttime="20201119 10:55:22.946" endtime="20201119 10:55:22.952"></status>
</kw>
<status status="FAIL" starttime="20201119 10:55:22.946" endtime="20201119 10:55:22.953"></status>
</kw>
<status status="FAIL" starttime="20201119 10:55:22.945" endtime="20201119 10:55:22.953"></status>
</kw>
<tags>
<tag>Android</tag>
<tag>NR</tag>
</tags>
<status status="FAIL" starttime="20201119 10:55:22.945" endtime="20201119 10:55:22.953" critical="yes">No application is open</status>
</test>
<test id="s1-t7" name="Select text&amp;voice input method">
<kw name="Click Menu icon" library="General">
<kw name="Wait Until Page Contains Element" library="AppiumLibrary">
<doc>Waits until element specified with `locator` appears on current page.</doc>
<arguments>
<arg>xpath=//android.widget.FrameLayout[@resource-id='${appPackage}:id/bottom_nav_drawer']</arg>
<arg>30s</arg>
</arguments>
<kw name="Capture Page Screenshot" library="AppiumLibrary">
<doc>Takes a screenshot of the current page and embeds it into the log.</doc>
<msg timestamp="20201119 10:55:22.967" level="FAIL">No application is open</msg>
<status status="FAIL" starttime="20201119 10:55:22.965" endtime="20201119 10:55:22.968"></status>
</kw>
<msg timestamp="20201119 10:55:22.970" level="WARN">Keyword 'Capture Page Screenshot' could not be run on failure: No application is open</msg>
<msg timestamp="20201119 10:55:22.972" level="FAIL">No application is open</msg>
<status status="FAIL" starttime="20201119 10:55:22.954" endtime="20201119 10:55:22.972"></status>
</kw>
<status status="FAIL" starttime="20201119 10:55:22.954" endtime="20201119 10:55:22.972"></status>
</kw>
<tags>
<tag>Android</tag>
<tag>NR</tag>
</tags>
<status status="FAIL" starttime="20201119 10:55:22.953" endtime="20201119 10:55:22.973" critical="yes">No application is open</status>
</test>
<test id="s1-t8" name="Populate history">
<kw name="Input text in history" library="General">
<arguments>
<arg>Quelle est la température dans Berlin ?</arg>
</arguments>
<kw name="Wait Until Page Contains Element" library="AppiumLibrary">
<doc>Waits until element specified with `locator` appears on current page.</doc>
<arguments>
<arg>xpath=//android.widget.EditText[@resource-id='${appPackage}:id/et_user_input']</arg>
<arg>30s</arg>
</arguments>
<kw name="Capture Page Screenshot" library="AppiumLibrary">
<doc>Takes a screenshot of the current page and embeds it into the log.</doc>
<msg timestamp="20201119 10:55:22.978" level="FAIL">No application is open</msg>
<status status="FAIL" starttime="20201119 10:55:22.976" endtime="20201119 10:55:22.978"></status>
</kw>
<msg timestamp="20201119 10:55:22.980" level="WARN">Keyword 'Capture Page Screenshot' could not be run on failure: No application is open</msg>
<msg timestamp="20201119 10:55:22.981" level="FAIL">No application is open</msg>
<status status="FAIL" starttime="20201119 10:55:22.975" endtime="20201119 10:55:22.981"></status>
</kw>
<status status="FAIL" starttime="20201119 10:55:22.974" endtime="20201119 10:55:22.981"></status>
</kw>
<status status="FAIL" starttime="20201119 10:55:22.973" endtime="20201119 10:55:22.982" critical="yes">No application is open</status>
</test>
<test id="s1-t9" name="HD01 Long press on a conversation item + Delete button">
<kw name="Long click conversation item" library="General">
<kw name="Wait Until Page Contains Element" library="AppiumLibrary">
<doc>Waits until element specified with `locator` appears on current page.</doc>
<arguments>
<arg>xpath=//android.widget.TextView[@resource-id='${appPackage}:id/text_response_tv_message']</arg>
<arg>30s</arg>
</arguments>
<kw name="Capture Page Screenshot" library="AppiumLibrary">
<doc>Takes a screenshot of the current page and embeds it into the log.</doc>
<msg timestamp="20201119 10:55:22.995" level="FAIL">No application is open</msg>
<status status="FAIL" starttime="20201119 10:55:22.985" endtime="20201119 10:55:22.995"></status>
</kw>
<msg timestamp="20201119 10:55:23.028" level="WARN">Keyword 'Capture Page Screenshot' could not be run on failure: No application is open</msg>
<msg timestamp="20201119 10:55:23.030" level="FAIL">No application is open</msg>
<status status="FAIL" starttime="20201119 10:55:22.985" endtime="20201119 10:55:23.030"></status>
</kw>
<status status="FAIL" starttime="20201119 10:55:22.984" endtime="20201119 10:55:23.030"></status>
</kw>
<status status="FAIL" starttime="20201119 10:55:22.982" endtime="20201119 10:55:23.031" critical="yes">No application is open</status>
</test>
<status status="FAIL" starttime="20201119 10:55:20.622" endtime="20201119 10:55:23.032"></status>
</suite>
<statistics>
<total>
<stat pass="1" fail="8">Critical Tests</stat>
<stat pass="1" fail="8">All Tests</stat>
</total>
<tag>
<stat pass="1" fail="6">Android</stat>
<stat pass="0" fail="6">NR</stat>
</tag>
<suite>
<stat pass="1" fail="8" id="s1" name="AndroidPhoneTests">AndroidPhoneTests</stat>
</suite>
</statistics>
<errors>
<msg timestamp="20201119 10:55:22.894" level="WARN">Keyword 'Capture Page Screenshot' could not be run on failure: No application is open</msg>
<msg timestamp="20201119 10:55:22.911" level="WARN">Keyword 'Capture Page Screenshot' could not be run on failure: No application is open</msg>
<msg timestamp="20201119 10:55:22.920" level="WARN">Keyword 'Capture Page Screenshot' could not be run on failure: No application is open</msg>
<msg timestamp="20201119 10:55:22.925" level="WARN">Keyword 'Capture Page Screenshot' could not be run on failure: No application is open</msg>
<msg timestamp="20201119 10:55:22.937" level="WARN">Keyword 'Capture Page Screenshot' could not be run on failure: No application is open</msg>
<msg timestamp="20201119 10:55:22.943" level="WARN">Keyword 'Capture Page Screenshot' could not be run on failure: No application is open</msg>
<msg timestamp="20201119 10:55:22.951" level="WARN">Keyword 'Capture Page Screenshot' could not be run on failure: No application is open</msg>
<msg timestamp="20201119 10:55:22.970" level="WARN">Keyword 'Capture Page Screenshot' could not be run on failure: No application is open</msg>
<msg timestamp="20201119 10:55:22.980" level="WARN">Keyword 'Capture Page Screenshot' could not be run on failure: No application is open</msg>
<msg timestamp="20201119 10:55:23.028" level="WARN">Keyword 'Capture Page Screenshot' could not be run on failure: No application is open</msg>
</errors>
</robot>
