<?xml version="1.0" encoding="UTF-8"?>
<robot generator="Robot 3.2.2 (Python 3.9.0 on darwin)" generated="20201119 10:55:20.686" rpa="false">
<suite id="s1" name="AndroidPhoneTests" source="/Users/muthabor/eclipse-workspace/uiautomation/AndroidPhoneTests.robot">
<test id="s1-t1" name="Startup">
<kw name="Launch App" library="General">
<kw name="Log" library="BuiltIn">
<doc>Logs the given message with the given level.</doc>
<arguments>
<arg>Start ${AppName}</arg>
</arguments>
<msg timestamp="20201119 10:55:21.742" level="INFO">Start SmartVoiceKit Demo</msg>
<status status="PASS" starttime="20201119 10:55:21.742" endtime="20201119 10:55:21.742"></status>
</kw>
<kw name="Open Application" library="AppiumLibrary">
<doc>Opens a new application to given Appium server.
Capabilities of appium server, Android and iOS,
Please check https://github.com/appium/appium/blob/master/docs/en/writing-running-appium/server-args.md
| *Option*            | *Man.* | *Description*     |
| remote_url          | Yes    | Appium server url |
| alias               | no     | alias             |</doc>
<arguments>
<arg>http://127.0.0.1:${appium}/wd/hub</arg>
<arg>platformName=Android</arg>
<arg>deviceName=${name}</arg>
<arg>appPackage=${appPackage}</arg>
<arg>udid=${udid}</arg>
<arg>appActivity=${MainActivity}</arg>
</arguments>
<status status="PASS" starttime="20201119 10:55:21.742" endtime="20201119 10:55:39.624"></status>
</kw>
<kw name="Log" library="BuiltIn">
<doc>Logs the given message with the given level.</doc>
<arguments>
<arg>End of startup:${AppName}</arg>
</arguments>
<msg timestamp="20201119 10:55:39.624" level="INFO">End of startup:SmartVoiceKit Demo</msg>
<status status="PASS" starttime="20201119 10:55:39.624" endtime="20201119 10:55:39.624"></status>
</kw>
<kw name="Sleep" library="BuiltIn">
<doc>Pauses the test executed for the given time.</doc>
<arguments>
<arg>5s</arg>
</arguments>
<msg timestamp="20201119 10:55:44.626" level="INFO">Slept 5 seconds</msg>
<status status="PASS" starttime="20201119 10:55:39.625" endtime="20201119 10:55:44.626"></status>
</kw>
<kw name="Log" library="BuiltIn">
<doc>Logs the given message with the given level.</doc>
<arguments>
<arg>End of startup:${AppName}</arg>
</arguments>
<msg timestamp="20201119 10:55:44.627" level="INFO">End of startup:SmartVoiceKit Demo</msg>
<status status="PASS" starttime="20201119 10:55:44.626" endtime="20201119 10:55:44.627"></status>
</kw>
<status status="PASS" starttime="20201119 10:55:21.559" endtime="20201119 10:55:44.627"></status>
</kw>
<tags>
<tag>Android</tag>
<tag>NR</tag>
</tags>
<status status="PASS" starttime="20201119 10:55:21.558" endtime="20201119 10:55:44.628" critical="yes"></status>
</test>
<test id="s1-t2" name="Allow Permissions">
<kw name="Click_ALLOW_Allow" library="General">
<kw name="Run Keyword And Return Status" library="BuiltIn">
<doc>Runs the given keyword with given arguments and returns the status as a Boolean value.</doc>
<arguments>
<arg>Element Should Be Visible</arg>
<arg>xpath=//android.widget.Button[@text='ALLOW']</arg>
</arguments>
<assign>
<var>${ALLOW}</var>
</assign>
<kw name="Element Should Be Visible" library="AppiumLibrary">
<doc>Verifies that element identified with locator is visible.</doc>
<arguments>
<arg>xpath=//android.widget.Button[@text='ALLOW']</arg>
</arguments>
<status status="PASS" starttime="20201119 10:55:44.629" endtime="20201119 10:55:45.066"></status>
</kw>
<msg timestamp="20201119 10:55:45.066" level="INFO">${ALLOW} = True</msg>
<status status="PASS" starttime="20201119 10:55:44.629" endtime="20201119 10:55:45.066"></status>
</kw>
<kw name="Run Keyword If" library="BuiltIn">
<doc>Runs the given keyword with the given arguments, if ``condition`` is true.</doc>
<arguments>
<arg>${ALLOW}</arg>
<arg>Click Element</arg>
<arg>xpath=//android.widget.Button[@text='ALLOW']</arg>
</arguments>
<kw name="Click Element" library="AppiumLibrary">
<doc>Click element identified by `locator`.</doc>
<arguments>
<arg>xpath=//android.widget.Button[@text='ALLOW']</arg>
</arguments>
<msg timestamp="20201119 10:55:45.067" level="INFO">Clicking element 'xpath=//android.widget.Button[@text='ALLOW']'.</msg>
<status status="PASS" starttime="20201119 10:55:45.066" endtime="20201119 10:55:45.340"></status>
</kw>
<status status="PASS" starttime="20201119 10:55:45.066" endtime="20201119 10:55:45.340"></status>
</kw>
<kw name="Run Keyword And Return Status" library="BuiltIn">
<doc>Runs the given keyword with given arguments and returns the status as a Boolean value.</doc>
<arguments>
<arg>Element Should Be Visible</arg>
<arg>xpath=//android.widget.Button[@text='Allow']</arg>
</arguments>
<assign>
<var>${Allow}</var>
</assign>
<kw name="Element Should Be Visible" library="AppiumLibrary">
<doc>Verifies that element identified with locator is visible.</doc>
<arguments>
<arg>xpath=//android.widget.Button[@text='Allow']</arg>
</arguments>
<kw name="Capture Page Screenshot" library="AppiumLibrary">
<doc>Takes a screenshot of the current page and embeds it into the log.</doc>
<msg timestamp="20201119 10:55:46.737" level="INFO" html="yes">&lt;/td&gt;&lt;/tr&gt;&lt;tr&gt;&lt;td colspan="3"&gt;&lt;a href="appium-screenshot-1.png"&gt;&lt;img src="appium-screenshot-1.png" width="800px"&gt;&lt;/a&gt;</msg>
<status status="PASS" starttime="20201119 10:55:45.585" endtime="20201119 10:55:46.737"></status>
</kw>
<msg timestamp="20201119 10:55:46.738" level="FAIL">ValueError: Element locator 'xpath=//android.widget.Button[@text='Allow']' did not match any elements.</msg>
<status status="FAIL" starttime="20201119 10:55:45.341" endtime="20201119 10:55:46.738"></status>
</kw>
<msg timestamp="20201119 10:55:46.738" level="INFO">${Allow} = False</msg>
<status status="PASS" starttime="20201119 10:55:45.340" endtime="20201119 10:55:46.738"></status>
</kw>
<kw name="Run Keyword If" library="BuiltIn">
<doc>Runs the given keyword with the given arguments, if ``condition`` is true.</doc>
<arguments>
<arg>${Allow}</arg>
<arg>Click Element</arg>
<arg>xpath=//android.widget.Button[@text='Allow']</arg>
</arguments>
<status status="PASS" starttime="20201119 10:55:46.738" endtime="20201119 10:55:46.738"></status>
</kw>
<status status="PASS" starttime="20201119 10:55:44.629" endtime="20201119 10:55:46.739"></status>
</kw>
<tags>
<tag>Android</tag>
</tags>
<status status="PASS" starttime="20201119 10:55:44.628" endtime="20201119 10:55:46.739" critical="yes"></status>
</test>
<test id="s1-t3" name="Click Start">
<kw name="ClickDjingo" library="General">
<kw name="Wait Until Page Contains Element" library="AppiumLibrary">
<doc>Waits until element specified with `locator` appears on current page.</doc>
<arguments>
<arg>xpath=//android.widget.Button[@resource-id='${appPackage}:id/activityAuthentication_loginButtonOrange']</arg>
<arg>30s</arg>
</arguments>
<status status="PASS" starttime="20201119 10:55:46.740" endtime="20201119 10:55:46.935"></status>
</kw>
<kw name="Click Element" library="AppiumLibrary">
<doc>Click element identified by `locator`.</doc>
<arguments>
<arg>xpath=//android.widget.Button[@resource-id='${appPackage}:id/activityAuthentication_loginButtonOrange']</arg>
</arguments>
<msg timestamp="20201119 10:55:46.936" level="INFO">Clicking element 'xpath=//android.widget.Button[@resource-id='com.vpaas.sdks.smartvoicekitapp:id/activityAuthentication_loginButtonOrange']'.</msg>
<status status="PASS" starttime="20201119 10:55:46.935" endtime="20201119 10:55:47.163"></status>
</kw>
<status status="PASS" starttime="20201119 10:55:46.739" endtime="20201119 10:55:47.163"></status>
</kw>
<tags>
<tag>Android</tag>
<tag>NR</tag>
</tags>
<status status="PASS" starttime="20201119 10:55:46.739" endtime="20201119 10:55:47.164" critical="yes"></status>
</test>
<test id="s1-t4" name="Click Login">
<kw name="Login" library="General">
<kw name="Wait Until Page Contains Element" library="AppiumLibrary">
<doc>Waits until element specified with `locator` appears on current page.</doc>
<arguments>
<arg>xpath=//android.widget.EditText[@resource-id='${appPackage}:id/was_sdk_login_editext']</arg>
<arg>30s</arg>
</arguments>
<status status="PASS" starttime="20201119 10:55:47.165" endtime="20201119 10:55:49.028"></status>
</kw>
<kw name="Click Element" library="AppiumLibrary">
<doc>Click element identified by `locator`.</doc>
<arguments>
<arg>xpath=//android.widget.EditText[@resource-id='${appPackage}:id/was_sdk_login_editext']</arg>
</arguments>
<msg timestamp="20201119 10:55:49.029" level="INFO">Clicking element 'xpath=//android.widget.EditText[@resource-id='com.vpaas.sdks.smartvoicekitapp:id/was_sdk_login_editext']'.</msg>
<status status="PASS" starttime="20201119 10:55:49.028" endtime="20201119 10:55:49.320"></status>
</kw>
<kw name="Input Text" library="AppiumLibrary">
<doc>Types the given `text` into text field identified by `locator`.</doc>
<arguments>
<arg>xpath=//android.widget.EditText[@resource-id='${appPackage}:id/was_sdk_login_editext']</arg>
<arg>${username}</arg>
</arguments>
<msg timestamp="20201119 10:55:49.322" level="INFO">Typing text 'ols.test102@gmail.com' into text field 'xpath=//android.widget.EditText[@resource-id='com.vpaas.sdks.smartvoicekitapp:id/was_sdk_login_editext']'</msg>
<status status="PASS" starttime="20201119 10:55:49.320" endtime="20201119 10:55:51.876"></status>
</kw>
<kw name="Click Element" library="AppiumLibrary">
<doc>Click element identified by `locator`.</doc>
<arguments>
<arg>xpath=//android.widget.Button[@resource-id='${appPackage}:id/was_sdk_login_button_resume']</arg>
</arguments>
<msg timestamp="20201119 10:55:51.878" level="INFO">Clicking element 'xpath=//android.widget.Button[@resource-id='com.vpaas.sdks.smartvoicekitapp:id/was_sdk_login_button_resume']'.</msg>
<status status="PASS" starttime="20201119 10:55:51.877" endtime="20201119 10:55:52.869"></status>
</kw>
<kw name="Wait Until Page Contains Element" library="AppiumLibrary">
<doc>Waits until element specified with `locator` appears on current page.</doc>
<arguments>
<arg>xpath=//android.widget.EditText[@resource-id='${appPackage}:id/was_sdk_smartauthent_explicit_id_password']</arg>
<arg>30s</arg>
</arguments>
<status status="PASS" starttime="20201119 10:55:52.869" endtime="20201119 10:55:54.907"></status>
</kw>
<kw name="Click Element" library="AppiumLibrary">
<doc>Click element identified by `locator`.</doc>
<arguments>
<arg>xpath=//android.widget.EditText[@resource-id='${appPackage}:id/was_sdk_smartauthent_explicit_id_password']</arg>
</arguments>
<msg timestamp="20201119 10:55:54.909" level="INFO">Clicking element 'xpath=//android.widget.EditText[@resource-id='com.vpaas.sdks.smartvoicekitapp:id/was_sdk_smartauthent_explicit_id_password']'.</msg>
<status status="PASS" starttime="20201119 10:55:54.908" endtime="20201119 10:55:55.136"></status>
</kw>
<kw name="Input Text" library="AppiumLibrary">
<doc>Types the given `text` into text field identified by `locator`.</doc>
<arguments>
<arg>xpath=//android.widget.EditText[@resource-id='${appPackage}:id/was_sdk_smartauthent_explicit_id_password']</arg>
<arg>${passwd}</arg>
</arguments>
<msg timestamp="20201119 10:55:55.137" level="INFO">Typing text 'QAZxsw123!' into text field 'xpath=//android.widget.EditText[@resource-id='com.vpaas.sdks.smartvoicekitapp:id/was_sdk_smartauthent_explicit_id_password']'</msg>
<status status="PASS" starttime="20201119 10:55:55.136" endtime="20201119 10:55:57.097"></status>
</kw>
<kw name="Click Element" library="AppiumLibrary">
<doc>Click element identified by `locator`.</doc>
<arguments>
<arg>xpath=//android.widget.Button[@resource-id='${appPackage}:id/was_sdk_button_confirm']</arg>
</arguments>
<msg timestamp="20201119 10:55:57.099" level="INFO">Clicking element 'xpath=//android.widget.Button[@resource-id='com.vpaas.sdks.smartvoicekitapp:id/was_sdk_button_confirm']'.</msg>
<status status="PASS" starttime="20201119 10:55:57.097" endtime="20201119 10:55:58.839"></status>
</kw>
<status status="PASS" starttime="20201119 10:55:47.165" endtime="20201119 10:55:58.839"></status>
</kw>
<kw name="Sleep" library="BuiltIn">
<doc>Pauses the test executed for the given time.</doc>
<arguments>
<arg>3s</arg>
</arguments>
<msg timestamp="20201119 10:56:01.840" level="INFO">Slept 3 seconds</msg>
<status status="PASS" starttime="20201119 10:55:58.839" endtime="20201119 10:56:01.840"></status>
</kw>
<kw name="Click_ALLOW_Allow" library="General">
<kw name="Run Keyword And Return Status" library="BuiltIn">
<doc>Runs the given keyword with given arguments and returns the status as a Boolean value.</doc>
<arguments>
<arg>Element Should Be Visible</arg>
<arg>xpath=//android.widget.Button[@text='ALLOW']</arg>
</arguments>
<assign>
<var>${ALLOW}</var>
</assign>
<kw name="Element Should Be Visible" library="AppiumLibrary">
<doc>Verifies that element identified with locator is visible.</doc>
<arguments>
<arg>xpath=//android.widget.Button[@text='ALLOW']</arg>
</arguments>
<status status="PASS" starttime="20201119 10:56:01.841" endtime="20201119 10:56:01.994"></status>
</kw>
<msg timestamp="20201119 10:56:01.994" level="INFO">${ALLOW} = True</msg>
<status status="PASS" starttime="20201119 10:56:01.840" endtime="20201119 10:56:01.994"></status>
</kw>
<kw name="Run Keyword If" library="BuiltIn">
<doc>Runs the given keyword with the given arguments, if ``condition`` is true.</doc>
<arguments>
<arg>${ALLOW}</arg>
<arg>Click Element</arg>
<arg>xpath=//android.widget.Button[@text='ALLOW']</arg>
</arguments>
<kw name="Click Element" library="AppiumLibrary">
<doc>Click element identified by `locator`.</doc>
<arguments>
<arg>xpath=//android.widget.Button[@text='ALLOW']</arg>
</arguments>
<msg timestamp="20201119 10:56:01.996" level="INFO">Clicking element 'xpath=//android.widget.Button[@text='ALLOW']'.</msg>
<status status="PASS" starttime="20201119 10:56:01.995" endtime="20201119 10:56:02.146"></status>
</kw>
<status status="PASS" starttime="20201119 10:56:01.994" endtime="20201119 10:56:02.146"></status>
</kw>
<kw name="Run Keyword And Return Status" library="BuiltIn">
<doc>Runs the given keyword with given arguments and returns the status as a Boolean value.</doc>
<arguments>
<arg>Element Should Be Visible</arg>
<arg>xpath=//android.widget.Button[@text='Allow']</arg>
</arguments>
<assign>
<var>${Allow}</var>
</assign>
<kw name="Element Should Be Visible" library="AppiumLibrary">
<doc>Verifies that element identified with locator is visible.</doc>
<arguments>
<arg>xpath=//android.widget.Button[@text='Allow']</arg>
</arguments>
<kw name="Capture Page Screenshot" library="AppiumLibrary">
<doc>Takes a screenshot of the current page and embeds it into the log.</doc>
<msg timestamp="20201119 10:56:02.860" level="INFO" html="yes">&lt;/td&gt;&lt;/tr&gt;&lt;tr&gt;&lt;td colspan="3"&gt;&lt;a href="appium-screenshot-2.png"&gt;&lt;img src="appium-screenshot-2.png" width="800px"&gt;&lt;/a&gt;</msg>
<status status="PASS" starttime="20201119 10:56:02.332" endtime="20201119 10:56:02.860"></status>
</kw>
<msg timestamp="20201119 10:56:02.860" level="FAIL">ValueError: Element locator 'xpath=//android.widget.Button[@text='Allow']' did not match any elements.</msg>
<status status="FAIL" starttime="20201119 10:56:02.146" endtime="20201119 10:56:02.860"></status>
</kw>
<msg timestamp="20201119 10:56:02.860" level="INFO">${Allow} = False</msg>
<status status="PASS" starttime="20201119 10:56:02.146" endtime="20201119 10:56:02.860"></status>
</kw>
<kw name="Run Keyword If" library="BuiltIn">
<doc>Runs the given keyword with the given arguments, if ``condition`` is true.</doc>
<arguments>
<arg>${Allow}</arg>
<arg>Click Element</arg>
<arg>xpath=//android.widget.Button[@text='Allow']</arg>
</arguments>
<status status="PASS" starttime="20201119 10:56:02.860" endtime="20201119 10:56:02.861"></status>
</kw>
<status status="PASS" starttime="20201119 10:56:01.840" endtime="20201119 10:56:02.861"></status>
</kw>
<tags>
<tag>Android</tag>
<tag>NR</tag>
</tags>
<status status="PASS" starttime="20201119 10:55:47.164" endtime="20201119 10:56:02.861" critical="yes"></status>
</test>
<test id="s1-t5" name="Click Restart">
<kw name="Restart" library="General">
<kw name="Wait Until Page Contains Element" library="AppiumLibrary">
<doc>Waits until element specified with `locator` appears on current page.</doc>
<arguments>
<arg>xpath=//android.widget.Button[@resource-id='android:id/button2']</arg>
<arg>30s</arg>
</arguments>
<status status="PASS" starttime="20201119 10:56:02.862" endtime="20201119 10:56:04.546"></status>
</kw>
<kw name="Click Element" library="AppiumLibrary">
<doc>Click element identified by `locator`.</doc>
<arguments>
<arg>xpath=//android.widget.Button[@resource-id='android:id/button2']</arg>
</arguments>
<msg timestamp="20201119 10:56:04.548" level="INFO">Clicking element 'xpath=//android.widget.Button[@resource-id='android:id/button2']'.</msg>
<status status="PASS" starttime="20201119 10:56:04.547" endtime="20201119 10:56:04.743"></status>
</kw>
<status status="PASS" starttime="20201119 10:56:02.862" endtime="20201119 10:56:04.743"></status>
</kw>
<tags>
<tag>Android</tag>
<tag>NR</tag>
</tags>
<status status="PASS" starttime="20201119 10:56:02.861" endtime="20201119 10:56:04.744" critical="yes"></status>
</test>
<test id="s1-t6" name="H02 Select New Twnnant H02">
<kw name="SelectNewTennant" library="General">
<kw name="Click Menu icon" library="General">
<kw name="Wait Until Page Contains Element" library="AppiumLibrary">
<doc>Waits until element specified with `locator` appears on current page.</doc>
<arguments>
<arg>xpath=//android.widget.FrameLayout[@resource-id='${appPackage}:id/bottom_nav_drawer']</arg>
<arg>30s</arg>
</arguments>
<status status="PASS" starttime="20201119 10:56:04.745" endtime="20201119 10:56:05.206"></status>
</kw>
<kw name="Click Element" library="AppiumLibrary">
<doc>Click element identified by `locator`.</doc>
<arguments>
<arg>xpath=//android.widget.FrameLayout[@resource-id='${appPackage}:id/bottom_nav_drawer']</arg>
</arguments>
<msg timestamp="20201119 10:56:05.207" level="INFO">Clicking element 'xpath=//android.widget.FrameLayout[@resource-id='com.vpaas.sdks.smartvoicekitapp:id/bottom_nav_drawer']'.</msg>
<status status="PASS" starttime="20201119 10:56:05.206" endtime="20201119 10:56:05.717"></status>
</kw>
<status status="PASS" starttime="20201119 10:56:04.745" endtime="20201119 10:56:05.718"></status>
</kw>
<kw name="Wait Until Page Contains Element" library="AppiumLibrary">
<doc>Waits until element specified with `locator` appears on current page.</doc>
<arguments>
<arg>xpath=//android.widget.CheckedTextView[@text='Settings']</arg>
<arg>30s</arg>
</arguments>
<status status="PASS" starttime="20201119 10:56:05.718" endtime="20201119 10:56:07.017"></status>
</kw>
<kw name="Click Element" library="AppiumLibrary">
<doc>Click element identified by `locator`.</doc>
<arguments>
<arg>xpath=//android.widget.CheckedTextView[@text='Settings']</arg>
</arguments>
<msg timestamp="20201119 10:56:07.019" level="INFO">Clicking element 'xpath=//android.widget.CheckedTextView[@text='Settings']'.</msg>
<status status="PASS" starttime="20201119 10:56:07.018" endtime="20201119 10:56:08.002"></status>
</kw>
<kw name="Wait Until Page Contains Element" library="AppiumLibrary">
<doc>Waits until element specified with `locator` appears on current page.</doc>
<arguments>
<arg>xpath=//android.widget.TextView[@text='Server / Tenant']</arg>
<arg>30s</arg>
</arguments>
<status status="PASS" starttime="20201119 10:56:08.002" endtime="20201119 10:56:09.498"></status>
</kw>
<kw name="Click Element" library="AppiumLibrary">
<doc>Click element identified by `locator`.</doc>
<arguments>
<arg>xpath=//android.widget.TextView[@text='Server / Tenant']</arg>
</arguments>
<msg timestamp="20201119 10:56:09.499" level="INFO">Clicking element 'xpath=//android.widget.TextView[@text='Server / Tenant']'.</msg>
<status status="PASS" starttime="20201119 10:56:09.498" endtime="20201119 10:56:09.706"></status>
</kw>
<kw name="Wait Until Page Contains" library="AppiumLibrary">
<doc>Waits until `text` appears on current page.</doc>
<arguments>
<arg>MVP Staging 002</arg>
<arg>30s</arg>
</arguments>
<status status="PASS" starttime="20201119 10:56:09.706" endtime="20201119 10:56:11.534"></status>
</kw>
<kw name="Click Element" library="AppiumLibrary">
<doc>Click element identified by `locator`.</doc>
<arguments>
<arg>xpath=//android.view.ViewGroup[3]/android.widget.RadioButton</arg>
</arguments>
<msg timestamp="20201119 10:56:11.535" level="INFO">Clicking element 'xpath=//android.view.ViewGroup[3]/android.widget.RadioButton'.</msg>
<status status="PASS" starttime="20201119 10:56:11.534" endtime="20201119 10:56:12.102"></status>
</kw>
<kw name="Wait Until Page Contains Element" library="AppiumLibrary">
<doc>Waits until element specified with `locator` appears on current page.</doc>
<arguments>
<arg>xpath=//android.widget.Button[@resource-id='android:id/button3']</arg>
<arg>30s</arg>
</arguments>
<status status="PASS" starttime="20201119 10:56:12.102" endtime="20201119 10:56:12.509"></status>
</kw>
<kw name="Click Element" library="AppiumLibrary">
<doc>Click element identified by `locator`.</doc>
<arguments>
<arg>xpath=//android.widget.Button[@resource-id='android:id/button3']</arg>
</arguments>
<msg timestamp="20201119 10:56:12.512" level="INFO">Clicking element 'xpath=//android.widget.Button[@resource-id='android:id/button3']'.</msg>
<status status="PASS" starttime="20201119 10:56:12.509" endtime="20201119 10:56:13.212"></status>
</kw>
<kw name="Wait Until Page Contains Element" library="AppiumLibrary">
<doc>Waits until element specified with `locator` appears on current page.</doc>
<arguments>
<arg>xpath=//android.widget.Button[@resource-id='${appPackage}:id/activityAuthentication_loginButtonOrange']</arg>
<arg>30s</arg>
</arguments>
<status status="PASS" starttime="20201119 10:56:13.212" endtime="20201119 10:56:17.723"></status>
</kw>
<kw name="Click Element" library="AppiumLibrary">
<doc>Click element identified by `locator`.</doc>
<arguments>
<arg>xpath=//android.widget.Button[@resource-id='${appPackage}:id/activityAuthentication_loginButtonOrange']</arg>
</arguments>
<msg timestamp="20201119 10:56:17.724" level="INFO">Clicking element 'xpath=//android.widget.Button[@resource-id='com.vpaas.sdks.smartvoicekitapp:id/activityAuthentication_loginButtonOrange']'.</msg>
<status status="PASS" starttime="20201119 10:56:17.723" endtime="20201119 10:56:17.829"></status>
</kw>
<kw name="Wait Until Page Contains Element" library="AppiumLibrary">
<doc>Waits until element specified with `locator` appears on current page.</doc>
<arguments>
<arg>xpath=//android.widget.EditText[@resource-id='${appPackage}:id/was_sdk_login_editext']</arg>
<arg>30s</arg>
</arguments>
<status status="PASS" starttime="20201119 10:56:17.829" endtime="20201119 10:56:19.514"></status>
</kw>
<kw name="Click Element" library="AppiumLibrary">
<doc>Click element identified by `locator`.</doc>
<arguments>
<arg>xpath=//android.widget.EditText[@resource-id='${appPackage}:id/was_sdk_login_editext']</arg>
</arguments>
<msg timestamp="20201119 10:56:19.515" level="INFO">Clicking element 'xpath=//android.widget.EditText[@resource-id='com.vpaas.sdks.smartvoicekitapp:id/was_sdk_login_editext']'.</msg>
<status status="PASS" starttime="20201119 10:56:19.514" endtime="20201119 10:56:19.681"></status>
</kw>
<kw name="Input Text" library="AppiumLibrary">
<doc>Types the given `text` into text field identified by `locator`.</doc>
<arguments>
<arg>xpath=//android.widget.EditText[@resource-id='${appPackage}:id/was_sdk_login_editext']</arg>
<arg>${username}</arg>
</arguments>
<msg timestamp="20201119 10:56:19.683" level="INFO">Typing text 'ols.test102@gmail.com' into text field 'xpath=//android.widget.EditText[@resource-id='com.vpaas.sdks.smartvoicekitapp:id/was_sdk_login_editext']'</msg>
<status status="PASS" starttime="20201119 10:56:19.681" endtime="20201119 10:56:21.695"></status>
</kw>
<kw name="Click Element" library="AppiumLibrary">
<doc>Click element identified by `locator`.</doc>
<arguments>
<arg>xpath=//android.widget.Button[@resource-id='${appPackage}:id/was_sdk_login_button_resume']</arg>
</arguments>
<msg timestamp="20201119 10:56:21.697" level="INFO">Clicking element 'xpath=//android.widget.Button[@resource-id='com.vpaas.sdks.smartvoicekitapp:id/was_sdk_login_button_resume']'.</msg>
<status status="PASS" starttime="20201119 10:56:21.695" endtime="20201119 10:56:22.634"></status>
</kw>
<kw name="Wait Until Page Contains Element" library="AppiumLibrary">
<doc>Waits until element specified with `locator` appears on current page.</doc>
<arguments>
<arg>xpath=//android.widget.EditText[@resource-id='${appPackage}:id/was_sdk_smartauthent_explicit_id_password']</arg>
<arg>30s</arg>
</arguments>
<status status="PASS" starttime="20201119 10:56:22.634" endtime="20201119 10:56:24.679"></status>
</kw>
<kw name="Click Element" library="AppiumLibrary">
<doc>Click element identified by `locator`.</doc>
<arguments>
<arg>xpath=//android.widget.EditText[@resource-id='${appPackage}:id/was_sdk_smartauthent_explicit_id_password']</arg>
</arguments>
<msg timestamp="20201119 10:56:24.681" level="INFO">Clicking element 'xpath=//android.widget.EditText[@resource-id='com.vpaas.sdks.smartvoicekitapp:id/was_sdk_smartauthent_explicit_id_password']'.</msg>
<status status="PASS" starttime="20201119 10:56:24.680" endtime="20201119 10:56:24.828"></status>
</kw>
<kw name="Input Text" library="AppiumLibrary">
<doc>Types the given `text` into text field identified by `locator`.</doc>
<arguments>
<arg>xpath=//android.widget.EditText[@resource-id='${appPackage}:id/was_sdk_smartauthent_explicit_id_password']</arg>
<arg>${passwd}</arg>
</arguments>
<msg timestamp="20201119 10:56:24.830" level="INFO">Typing text 'QAZxsw123!' into text field 'xpath=//android.widget.EditText[@resource-id='com.vpaas.sdks.smartvoicekitapp:id/was_sdk_smartauthent_explicit_id_password']'</msg>
<status status="PASS" starttime="20201119 10:56:24.828" endtime="20201119 10:56:26.759"></status>
</kw>
<kw name="Click Element" library="AppiumLibrary">
<doc>Click element identified by `locator`.</doc>
<arguments>
<arg>xpath=//android.widget.Button[@resource-id='${appPackage}:id/was_sdk_button_confirm']</arg>
</arguments>
<msg timestamp="20201119 10:56:26.762" level="INFO">Clicking element 'xpath=//android.widget.Button[@resource-id='com.vpaas.sdks.smartvoicekitapp:id/was_sdk_button_confirm']'.</msg>
<status status="PASS" starttime="20201119 10:56:26.760" endtime="20201119 10:56:27.598"></status>
</kw>
<status status="PASS" starttime="20201119 10:56:04.744" endtime="20201119 10:56:27.599"></status>
</kw>
<tags>
<tag>Android</tag>
<tag>NR</tag>
</tags>
<status status="PASS" starttime="20201119 10:56:04.744" endtime="20201119 10:56:27.599" critical="yes"></status>
</test>
<test id="s1-t7" name="Select text&amp;voice input method">
<kw name="Click Menu icon" library="General">
<kw name="Wait Until Page Contains Element" library="AppiumLibrary">
<doc>Waits until element specified with `locator` appears on current page.</doc>
<arguments>
<arg>xpath=//android.widget.FrameLayout[@resource-id='${appPackage}:id/bottom_nav_drawer']</arg>
<arg>30s</arg>
</arguments>
<status status="PASS" starttime="20201119 10:56:27.600" endtime="20201119 10:56:30.692"></status>
</kw>
<kw name="Click Element" library="AppiumLibrary">
<doc>Click element identified by `locator`.</doc>
<arguments>
<arg>xpath=//android.widget.FrameLayout[@resource-id='${appPackage}:id/bottom_nav_drawer']</arg>
</arguments>
<msg timestamp="20201119 10:56:30.694" level="INFO">Clicking element 'xpath=//android.widget.FrameLayout[@resource-id='com.vpaas.sdks.smartvoicekitapp:id/bottom_nav_drawer']'.</msg>
<status status="PASS" starttime="20201119 10:56:30.693" endtime="20201119 10:56:30.915"></status>
</kw>
<status status="PASS" starttime="20201119 10:56:27.599" endtime="20201119 10:56:30.915"></status>
</kw>
<kw name="Click Settings" library="General">
<kw name="Wait Until Page Contains Element" library="AppiumLibrary">
<doc>Waits until element specified with `locator` appears on current page.</doc>
<arguments>
<arg>xpath=//android.widget.CheckedTextView[@text='Settings']</arg>
<arg>30s</arg>
</arguments>
<status status="PASS" starttime="20201119 10:56:30.916" endtime="20201119 10:56:32.156"></status>
</kw>
<kw name="Click Element" library="AppiumLibrary">
<doc>Click element identified by `locator`.</doc>
<arguments>
<arg>xpath=//android.widget.CheckedTextView[@text='Settings']</arg>
</arguments>
<msg timestamp="20201119 10:56:32.158" level="INFO">Clicking element 'xpath=//android.widget.CheckedTextView[@text='Settings']'.</msg>
<status status="PASS" starttime="20201119 10:56:32.156" endtime="20201119 10:56:32.390"></status>
</kw>
<status status="PASS" starttime="20201119 10:56:30.916" endtime="20201119 10:56:32.390"></status>
</kw>
<kw name="Click Conversation" library="General">
<kw name="Wait Until Page Contains Element" library="AppiumLibrary">
<doc>Waits until element specified with `locator` appears on current page.</doc>
<arguments>
<arg>xpath=//android.widget.TextView[@text='Conversation']</arg>
<arg>30s</arg>
</arguments>
<status status="PASS" starttime="20201119 10:56:32.391" endtime="20201119 10:56:32.819"></status>
</kw>
<kw name="Click Element" library="AppiumLibrary">
<doc>Click element identified by `locator`.</doc>
<arguments>
<arg>xpath=//android.widget.TextView[@text='Conversation']</arg>
</arguments>
<msg timestamp="20201119 10:56:32.820" level="INFO">Clicking element 'xpath=//android.widget.TextView[@text='Conversation']'.</msg>
<status status="PASS" starttime="20201119 10:56:32.819" endtime="20201119 10:56:33.957"></status>
</kw>
<status status="PASS" starttime="20201119 10:56:32.390" endtime="20201119 10:56:33.958"></status>
</kw>
<kw name="Click Select input method" library="General">
<kw name="Wait Until Page Contains Element" library="AppiumLibrary">
<doc>Waits until element specified with `locator` appears on current page.</doc>
<arguments>
<arg>xpath=//android.widget.TextView[@text='Select input method']</arg>
<arg>30s</arg>
</arguments>
<status status="PASS" starttime="20201119 10:56:33.958" endtime="20201119 10:56:34.267"></status>
</kw>
<kw name="Click Element" library="AppiumLibrary">
<doc>Click element identified by `locator`.</doc>
<arguments>
<arg>xpath=//android.widget.TextView[@text='Select input method']</arg>
</arguments>
<msg timestamp="20201119 10:56:34.268" level="INFO">Clicking element 'xpath=//android.widget.TextView[@text='Select input method']'.</msg>
<status status="PASS" starttime="20201119 10:56:34.267" endtime="20201119 10:56:34.938"></status>
</kw>
<status status="PASS" starttime="20201119 10:56:33.958" endtime="20201119 10:56:34.938"></status>
</kw>
<kw name="Click Text &amp; Audio input" library="General">
<kw name="Wait Until Page Contains Element" library="AppiumLibrary">
<doc>Waits until element specified with `locator` appears on current page.</doc>
<arguments>
<arg>xpath=//android.widget.CheckedTextView[@text='Text &amp; Audio input']</arg>
<arg>30s</arg>
</arguments>
<status status="PASS" starttime="20201119 10:56:34.938" endtime="20201119 10:56:35.803"></status>
</kw>
<kw name="Click Element" library="AppiumLibrary">
<doc>Click element identified by `locator`.</doc>
<arguments>
<arg>xpath=//android.widget.CheckedTextView[@text='Text &amp; Audio input']</arg>
</arguments>
<msg timestamp="20201119 10:56:35.805" level="INFO">Clicking element 'xpath=//android.widget.CheckedTextView[@text='Text &amp; Audio input']'.</msg>
<status status="PASS" starttime="20201119 10:56:35.803" endtime="20201119 10:56:36.707"></status>
</kw>
<status status="PASS" starttime="20201119 10:56:34.938" endtime="20201119 10:56:36.707"></status>
</kw>
<kw name="Return to menu" library="General">
<doc>Hardware keys KeyCodes BACK = 4 MENU = 82 APP_SWITCH=187 (dec values)</doc>
<kw name="Press Keycode" library="AppiumLibrary">
<doc>Sends a press of keycode to the device.</doc>
<arguments>
<arg>4</arg>
</arguments>
<status status="PASS" starttime="20201119 10:56:36.708" endtime="20201119 10:56:36.822"></status>
</kw>
<kw name="Sleep" library="BuiltIn">
<doc>Pauses the test executed for the given time.</doc>
<arguments>
<arg>0.5s</arg>
</arguments>
<msg timestamp="20201119 10:56:37.323" level="INFO">Slept 500 milliseconds</msg>
<status status="PASS" starttime="20201119 10:56:36.822" endtime="20201119 10:56:37.324"></status>
</kw>
<kw name="Press Keycode" library="AppiumLibrary">
<doc>Sends a press of keycode to the device.</doc>
<arguments>
<arg>4</arg>
</arguments>
<status status="PASS" starttime="20201119 10:56:37.324" endtime="20201119 10:56:37.534"></status>
</kw>
<kw name="Sleep" library="BuiltIn">
<doc>Pauses the test executed for the given time.</doc>
<arguments>
<arg>0.5s</arg>
</arguments>
<msg timestamp="20201119 10:56:38.035" level="INFO">Slept 500 milliseconds</msg>
<status status="PASS" starttime="20201119 10:56:37.535" endtime="20201119 10:56:38.035"></status>
</kw>
<kw name="Click Home icon" library="General">
<kw name="Wait Until Page Contains Element" library="AppiumLibrary">
<doc>Waits until element specified with `locator` appears on current page.</doc>
<arguments>
<arg>xpath=//android.widget.FrameLayout[@resource-id='${appPackage}:id/bottom_nav_conversation']</arg>
<arg>30s</arg>
</arguments>
<status status="PASS" starttime="20201119 10:56:38.036" endtime="20201119 10:56:39.272"></status>
</kw>
<kw name="Click Element" library="AppiumLibrary">
<doc>Click element identified by `locator`.</doc>
<arguments>
<arg>xpath=//android.widget.FrameLayout[@resource-id='${appPackage}:id/bottom_nav_conversation']</arg>
</arguments>
<msg timestamp="20201119 10:56:39.274" level="INFO">Clicking element 'xpath=//android.widget.FrameLayout[@resource-id='com.vpaas.sdks.smartvoicekitapp:id/bottom_nav_conversation']'.</msg>
<status status="PASS" starttime="20201119 10:56:39.273" endtime="20201119 10:56:39.646"></status>
</kw>
<status status="PASS" starttime="20201119 10:56:38.036" endtime="20201119 10:56:39.646"></status>
</kw>
<kw name="Sleep" library="BuiltIn">
<doc>Pauses the test executed for the given time.</doc>
<arguments>
<arg>0.5s</arg>
</arguments>
<msg timestamp="20201119 10:56:40.147" level="INFO">Slept 500 milliseconds</msg>
<status status="PASS" starttime="20201119 10:56:39.646" endtime="20201119 10:56:40.147"></status>
</kw>
<status status="PASS" starttime="20201119 10:56:36.707" endtime="20201119 10:56:40.148"></status>
</kw>
<tags>
<tag>Android</tag>
<tag>NR</tag>
</tags>
<status status="PASS" starttime="20201119 10:56:27.599" endtime="20201119 10:56:40.148" critical="yes"></status>
</test>
<test id="s1-t8" name="Populate history">
<kw name="Input text in history" library="General">
<arguments>
<arg>Quelle est la température dans Berlin ?</arg>
</arguments>
<kw name="Wait Until Page Contains Element" library="AppiumLibrary">
<doc>Waits until element specified with `locator` appears on current page.</doc>
<arguments>
<arg>xpath=//android.widget.EditText[@resource-id='${appPackage}:id/et_user_input']</arg>
<arg>30s</arg>
</arguments>
<status status="PASS" starttime="20201119 10:56:40.149" endtime="20201119 10:56:40.998"></status>
</kw>
<kw name="Input Text" library="AppiumLibrary">
<doc>Types the given `text` into text field identified by `locator`.</doc>
<arguments>
<arg>xpath=//android.widget.EditText[@resource-id='${appPackage}:id/et_user_input']</arg>
<arg>${charstr}</arg>
</arguments>
<msg timestamp="20201119 10:56:41.000" level="INFO">Typing text 'Quelle est la température dans Berlin ?' into text field 'xpath=//android.widget.EditText[@resource-id='com.vpaas.sdks.smartvoicekitapp:id/et_user_input']'</msg>
<status status="PASS" starttime="20201119 10:56:40.998" endtime="20201119 10:56:42.001"></status>
</kw>
<kw name="Wait Until Page Contains Element" library="AppiumLibrary">
<doc>Waits until element specified with `locator` appears on current page.</doc>
<arguments>
<arg>xpath=//android.widget.ImageButton[@resource-id='${appPackage}:id/btn_send_text']</arg>
<arg>60s</arg>
</arguments>
<status status="PASS" starttime="20201119 10:56:42.001" endtime="20201119 10:56:42.911"></status>
</kw>
<kw name="Click Element" library="AppiumLibrary">
<doc>Click element identified by `locator`.</doc>
<arguments>
<arg>xpath=//android.widget.ImageButton[@resource-id='${appPackage}:id/btn_send_text']</arg>
</arguments>
<msg timestamp="20201119 10:56:42.913" level="INFO">Clicking element 'xpath=//android.widget.ImageButton[@resource-id='com.vpaas.sdks.smartvoicekitapp:id/btn_send_text']'.</msg>
<status status="PASS" starttime="20201119 10:56:42.911" endtime="20201119 10:56:43.247"></status>
</kw>
<status status="PASS" starttime="20201119 10:56:40.148" endtime="20201119 10:56:43.247"></status>
</kw>
<kw name="Sleep" library="BuiltIn">
<doc>Pauses the test executed for the given time.</doc>
<arguments>
<arg>3s</arg>
</arguments>
<msg timestamp="20201119 10:56:46.248" level="INFO">Slept 3 seconds</msg>
<status status="PASS" starttime="20201119 10:56:43.247" endtime="20201119 10:56:46.248"></status>
</kw>
<kw name="Wait for reply" library="General">
<kw name="Wait Until Page Contains Element" library="AppiumLibrary">
<doc>Waits until element specified with `locator` appears on current page.</doc>
<arguments>
<arg>xpath=//android.widget.TextView[@resource-id='${appPackage}:id/text_response_tv_message']</arg>
<arg>60s</arg>
</arguments>
<status status="PASS" starttime="20201119 10:56:46.249" endtime="20201119 10:56:46.647"></status>
</kw>
<kw name="Log" library="BuiltIn">
<doc>Logs the given message with the given level.</doc>
<arguments>
<arg>xpath=//android.widget.TextView[@resource-id='${appPackage}:id/text_response_tv_message']</arg>
</arguments>
<msg timestamp="20201119 10:56:46.647" level="INFO">xpath=//android.widget.TextView[@resource-id='com.vpaas.sdks.smartvoicekitapp:id/text_response_tv_message']</msg>
<status status="PASS" starttime="20201119 10:56:46.647" endtime="20201119 10:56:46.647"></status>
</kw>
<status status="PASS" starttime="20201119 10:56:46.249" endtime="20201119 10:56:46.648"></status>
</kw>
<kw name="Input text in history" library="General">
<arguments>
<arg>Quelle est la meteo ce soir a Paris ?</arg>
</arguments>
<kw name="Wait Until Page Contains Element" library="AppiumLibrary">
<doc>Waits until element specified with `locator` appears on current page.</doc>
<arguments>
<arg>xpath=//android.widget.EditText[@resource-id='${appPackage}:id/et_user_input']</arg>
<arg>30s</arg>
</arguments>
<status status="PASS" starttime="20201119 10:56:46.648" endtime="20201119 10:56:46.991"></status>
</kw>
<kw name="Input Text" library="AppiumLibrary">
<doc>Types the given `text` into text field identified by `locator`.</doc>
<arguments>
<arg>xpath=//android.widget.EditText[@resource-id='${appPackage}:id/et_user_input']</arg>
<arg>${charstr}</arg>
</arguments>
<msg timestamp="20201119 10:56:46.993" level="INFO">Typing text 'Quelle est la meteo ce soir a Paris ?' into text field 'xpath=//android.widget.EditText[@resource-id='com.vpaas.sdks.smartvoicekitapp:id/et_user_input']'</msg>
<kw name="Capture Page Screenshot" library="AppiumLibrary">
<doc>Takes a screenshot of the current page and embeds it into the log.</doc>
<msg timestamp="20201119 10:56:47.918" level="INFO" html="yes">&lt;/td&gt;&lt;/tr&gt;&lt;tr&gt;&lt;td colspan="3"&gt;&lt;a href="appium-screenshot-3.png"&gt;&lt;img src="appium-screenshot-3.png" width="800px"&gt;&lt;/a&gt;</msg>
<status status="PASS" starttime="20201119 10:56:47.340" endtime="20201119 10:56:47.919"></status>
</kw>
<msg timestamp="20201119 10:56:47.922" level="FAIL">InvalidElementStateException: Message: Cannot set the element to 'Quelle est la meteo ce soir a Paris ?'. Did you interact with the correct element?
</msg>
<status status="FAIL" starttime="20201119 10:56:46.992" endtime="20201119 10:56:47.922"></status>
</kw>
<status status="FAIL" starttime="20201119 10:56:46.648" endtime="20201119 10:56:47.922"></status>
</kw>
<status status="FAIL" starttime="20201119 10:56:40.148" endtime="20201119 10:56:47.922" critical="yes">InvalidElementStateException: Message: Cannot set the element to 'Quelle est la meteo ce soir a Paris ?'. Did you interact with the correct element?
</status>
</test>
<test id="s1-t9" name="HD01 Long press on a conversation item + Delete button">
<kw name="Long click conversation item" library="General">
<kw name="Wait Until Page Contains Element" library="AppiumLibrary">
<doc>Waits until element specified with `locator` appears on current page.</doc>
<arguments>
<arg>xpath=//android.widget.TextView[@resource-id='${appPackage}:id/text_response_tv_message']</arg>
<arg>30s</arg>
</arguments>
<status status="PASS" starttime="20201119 10:56:47.924" endtime="20201119 10:56:49.175"></status>
</kw>
<kw name="Long Press" library="AppiumLibrary">
<doc>Long press the element with optional duration</doc>
<arguments>
<arg>xpath=//android.widget.TextView[@resource-id='${appPackage}:id/text_response_tv_message']</arg>
<arg>3s</arg>
</arguments>
<status status="PASS" starttime="20201119 10:56:49.175" endtime="20201119 10:56:51.114"></status>
</kw>
<status status="PASS" starttime="20201119 10:56:47.923" endtime="20201119 10:56:51.115"></status>
</kw>
<kw name="Wait Until Page Contains Element" library="AppiumLibrary">
<doc>Waits until element specified with `locator` appears on current page.</doc>
<arguments>
<arg>xpath=//android.widget.LinearLayout[@resource-id='${appPackage}:id/contextual_menu_delete']</arg>
<arg>30s</arg>
</arguments>
<status status="PASS" starttime="20201119 10:56:51.115" endtime="20201119 10:56:51.692"></status>
</kw>
<kw name="Click Element" library="AppiumLibrary">
<doc>Click element identified by `locator`.</doc>
<arguments>
<arg>xpath=//android.widget.LinearLayout[@resource-id='${appPackage}:id/contextual_menu_delete']</arg>
</arguments>
<msg timestamp="20201119 10:56:51.694" level="INFO">Clicking element 'xpath=//android.widget.LinearLayout[@resource-id='com.vpaas.sdks.smartvoicekitapp:id/contextual_menu_delete']'.</msg>
<status status="PASS" starttime="20201119 10:56:51.692" endtime="20201119 10:56:51.838"></status>
</kw>
<kw name="Wait Until Page Contains Element" library="AppiumLibrary">
<doc>Waits until element specified with `locator` appears on current page.</doc>
<arguments>
<arg>xpath=//android.widget.TextView[2][@resource-id='${ConversationActivity}:id/tv_action_text']</arg>
<arg>5s</arg>
</arguments>
<msg timestamp="20201119 10:56:58.027" level="INFO">&lt;?xml version='1.0' encoding='UTF-8' standalone='yes' ?&gt;
&lt;hierarchy index="0" class="hierarchy" rotation="0" width="720" height="1280"&gt;
  &lt;android.widget.FrameLayout index="0" package="com.vpaas.sdks.smartvoicekitapp" class="android.widget.FrameLayout" text="" checkable="false" checked="false" clickable="false" enabled="true" focusable="false" focused="false" long-clickable="false" password="false" scrollable="false" selected="false" bounds="[0,0][720,1280]" displayed="true"&gt;
    &lt;android.widget.LinearLayout index="0" package="com.vpaas.sdks.smartvoicekitapp" class="android.widget.LinearLayout" text="" checkable="false" checked="false" clickable="false" enabled="true" focusable="false" focused="false" long-clickable="false" password="false" scrollable="false" selected="false" bounds="[0,0][720,1280]" displayed="true"&gt;
      &lt;android.widget.FrameLayout index="0" package="com.vpaas.sdks.smartvoicekitapp" class="android.widget.FrameLayout" text="" checkable="false" checked="false" clickable="false" enabled="true" focusable="false" focused="false" long-clickable="false" password="false" scrollable="false" selected="false" bounds="[0,48][720,1280]" displayed="true"&gt;
        &lt;android.widget.LinearLayout index="0" package="com.vpaas.sdks.smartvoicekitapp" class="android.widget.LinearLayout" text="" resource-id="com.vpaas.sdks.smartvoicekitapp:id/action_bar_root" checkable="false" checked="false" clickable="false" enabled="true" focusable="false" focused="false" long-clickable="false" password="false" scrollable="false" selected="false" bounds="[0,48][720,1280]" displayed="true"&gt;
          &lt;android.widget.FrameLayout index="0" package="com.vpaas.sdks.smartvoicekitapp" class="android.widget.FrameLayout" text="" resource-id="android:id/content" checkable="false" checked="false" clickable="false" enabled="true" focusable="false" focused="false" long-clickable="false" password="false" scrollable="false" selected="false" bounds="[0,48][720,1280]" displayed="true"&gt;
            &lt;android.widget.LinearLayout index="0" package="com.vpaas.sdks.smartvoicekitapp" class="android.widget.LinearLayout" text="" checkable="false" checked="false" clickable="false" enabled="true" focusable="false" focused="false" long-clickable="false" password="false" scrollable="false" selected="false" bounds="[0,48][720,1280]" displayed="true"&gt;
              &lt;androidx.drawerlayout.widget.DrawerLayout index="0" package="com.vpaas.sdks.smartvoicekitapp" class="androidx.drawerlayout.widget.DrawerLayout" text="" resource-id="com.vpaas.sdks.smartvoicekitapp:id/activityHome_drawerLayout" checkable="false" checked="false" clickable="false" enabled="true" focusable="false" focused="false" long-clickable="false" password="false" scrollable="false" selected="false" bounds="[0,48][720,1167]" displayed="true"&gt;
                &lt;android.view.ViewGroup index="0" package="com.vpaas.sdks.smartvoicekitapp" class="android.view.ViewGroup" text="" checkable="false" checked="false" clickable="false" enabled="true" focusable="false" focused="false" long-clickable="false" password="false" scrollable="false" selected="false" bounds="[0,48][720,1167]" displayed="true"&gt;
                  &lt;android.view.ViewGroup index="0" package="com.vpaas.sdks.smartvoicekitapp" class="android.view.ViewGroup" text="" resource-id="com.vpaas.sdks.smartvoicekitapp:id/activityHome_toolbar" checkable="false" checked="false" clickable="true" enabled="true" focusable="true" focused="false" long-clickable="true" password="false" scrollable="false" selected="false" bounds="[0,48][720,208]" displayed="true"&gt;
                    &lt;android.widget.TextView index="0" package="com.vpaas.sdks.smartvoicekitapp" class="android.widget.TextView" text="Conversation" resource-id="com.vpaas.sdks.smartvoicekitapp:id/activityHome_toolbarTitle" checkable="false" checked="false" clickable="false" enabled="true" focusable="true" focused="true" long-clickable="false" password="false" scrollable="false" selected="true" bounds="[32,66][640,173]" displayed="true" /&gt;
                    &lt;androidx.appcompat.widget.LinearLayoutCompat index="1" package="com.vpaas.sdks.smartvoicekitapp" class="androidx.appcompat.widget.LinearLayoutCompat" text="" checkable="false" checked="false" clickable="false" enabled="true" focusable="false" focused="false" long-clickable="false" password="false" scrollable="false" selected="false" bounds="[640,64][720,176]" displayed="true"&gt;
                      &lt;android.widget.ImageView index="0" package="com.vpaas.sdks.smartvoicekitapp" class="android.widget.ImageView" text="" content-desc="More options" checkable="false" checked="false" clickable="true" enabled="true" focusable="true" focused="false" long-clickable="true" password="false" scrollable="false" selected="false" bounds="[640,72][720,168]" displayed="true" /&gt;
                    &lt;/androidx.appcompat.widget.LinearLayoutCompat&gt;
                  &lt;/android.view.ViewGroup&gt;
                  &lt;android.widget.FrameLayout index="1" package="com.vpaas.sdks.smartvoicekitapp" class="android.widget.FrameLayout" text="" resource-id="com.vpaas.sdks.smartvoicekitapp:id/activityHome_FragmentContainer" checkable="false" checked="false" clickable="false" enabled="true" focusable="false" focused="false" long-clickable="false" password="false" scrollable="false" selected="false" bounds="[0,203][720,1167]" displayed="true"&gt;
                    &lt;android.view.ViewGroup index="0" package="com.vpaas.sdks.smartvoicekitapp" class="android.view.ViewGroup" text="" resource-id="com.vpaas.sdks.smartvoicekitapp:id/container" checkable="false" checked="false" clickable="false" enabled="true" focusable="false" focused="false" long-clickable="false" password="false" scrollable="false" selected="false" bounds="[0,203][720,1167]" displayed="true"&gt;
                      &lt;android.view.ViewGroup index="0" package="com.vpaas.sdks.smartvoicekitapp" class="android.view.ViewGroup" text="" resource-id="com.vpaas.sdks.smartvoicekitapp:id/pull_to_refresh" checkable="false" checked="false" clickable="false" enabled="true" focusable="false" focused="false" long-clickable="false" password="false" scrollable="false" selected="false" bounds="[0,203][720,1071]" displayed="true"&gt;
                        &lt;androidx.recyclerview.widget.RecyclerView index="0" package="com.vpaas.sdks.smartvoicekitapp" class="androidx.recyclerview.widget.RecyclerView" text="" resource-id="com.vpaas.sdks.smartvoicekitapp:id/rv_messages" checkable="false" checked="false" clickable="false" enabled="true" focusable="true" focused="false" long-clickable="false" password="false" scrollable="true" selected="false" bounds="[0,203][720,1071]" displayed="true"&gt;
                          &lt;android.widget.FrameLayout index="0" package="com.vpaas.sdks.smartvoicekitapp" class="android.widget.FrameLayout" text="" checkable="false" checked="false" clickable="false" enabled="true" focusable="false" focused="false" long-clickable="false" password="false" scrollable="false" selected="false" bounds="[0,203][720,237]" displayed="true"&gt;
                            &lt;android.widget.LinearLayout index="0" package="com.vpaas.sdks.smartvoicekitapp" class="android.widget.LinearLayout" text="" resource-id="com.vpaas.sdks.smartvoicekitapp:id/conversation_entry_container" checkable="false" checked="false" clickable="false" enabled="true" focusable="false" focused="false" long-clickable="false" password="false" scrollable="false" selected="false" bounds="[0,203][720,237]" displayed="true"&gt;
                              &lt;android.widget.RelativeLayout index="1" package="com.vpaas.sdks.smartvoicekitapp" class="android.widget.RelativeLayout" text="" resource-id="com.vpaas.sdks.smartvoicekitapp:id/conversation_entry_message_container" checkable="false" checked="false" clickable="false" enabled="true" focusable="false" focused="false" long-clickable="false" password="false" scrollable="false" selected="false" bounds="[0,203][720,237]" displayed="true"&gt;
                                &lt;android.widget.LinearLayout index="1" package="com.vpaas.sdks.smartvoicekitapp" class="android.widget.LinearLayout" text="" resource-id="com.vpaas.sdks.smartvoicekitapp:id/conversation_entry_message_response_view" checkable="false" checked="false" clickable="false" enabled="true" focusable="false" focused="false" long-clickable="false" password="false" scrollable="false" selected="false" bounds="[0,203][720,237]" displayed="true"&gt;
                                  &lt;android.widget.LinearLayout index="0" package="com.vpaas.sdks.smartvoicekitapp" class="android.widget.LinearLayout" text="" resource-id="com.vpaas.sdks.smartvoicekitapp:id/response_messages_container" checkable="false" checked="false" clickable="false" enabled="true" focusable="false" focused="false" long-clickable="false" password="false" scrollable="false" selected="false" bounds="[0,203][598,237]" displayed="true"&gt;
                                    &lt;android.widget.RelativeLayout index="0" package="com.vpaas.sdks.smartvoicekitapp" class="android.widget.RelativeLayout" text="" checkable="false" checked="false" clickable="true" enabled="true" focusable="true" focused="false" long-clickable="true" password="false" scrollable="false" selected="false" bounds="[94,203][598,237]" displayed="true"&gt;
                                      &lt;android.widget.TextView index="0" package="com.vpaas.sdks.smartvoicekitapp" class="android.widget.TextView" text="Pour consulter votre thermostat, rendez-vous dans votre application Maison Connectée." resource-id="com.vpaas.sdks.smartvoicekitapp:id/text_response_tv_message" checkable="false" checked="false" clickable="false" enabled="true" focusable="false" focused="false" long-clickable="false" password="false" scrollable="false" selected="false" bounds="[94,203][598,237]" displayed="true" /&gt;
                                    &lt;/android.widget.RelativeLayout&gt;
                                  &lt;/android.widget.LinearLayout&gt;
                                &lt;/android.widget.LinearLayout&gt;
                                &lt;android.widget.ImageView index="2" package="com.vpaas.sdks.smartvoicekitapp" class="android.widget.ImageView" text="" content-desc="bot_icon" resource-id="com.vpaas.sdks.smartvoicekitapp:id/conversation_entry_iv_bot" checkable="false" checked="false" clickable="false" enabled="true" focusable="false" focused="false" long-clickable="false" password="false" scrollable="false" selected="false" bounds="[20,203][84,237]" displayed="true" /&gt;
                              &lt;/android.widget.RelativeLayout&gt;
                            &lt;/android.widget.LinearLayout&gt;
                          &lt;/android.widget.FrameLayout&gt;
                          &lt;android.widget.FrameLayout index="1" package="com.vpaas.sdks.smartvoicekitapp" class="android.widget.FrameLayout" text="" checkable="false" checked="false" clickable="false" enabled="true" focusable="false" focused="false" long-clickable="false" password="false" scrollable="false" selected="false" bounds="[0,237][720,541]" displayed="true"&gt;
                            &lt;android.widget.LinearLayout index="0" package="com.vpaas.sdks.smartvoicekitapp" class="android.widget.LinearLayout" text="" resource-id="com.vpaas.sdks.smartvoicekitapp:id/conversation_entry_container" checkable="false" checked="false" clickable="false" enabled="true" focusable="false" focused="false" long-clickable="false" password="false" scrollable="false" selected="false" bounds="[0,237][720,541]" displayed="true"&gt;
                              &lt;android.widget.RelativeLayout index="1" package="com.vpaas.sdks.smartvoicekitapp" class="android.widget.RelativeLayout" text="" resource-id="com.vpaas.sdks.smartvoicekitapp:id/conversation_entry_message_container" checkable="false" checked="false" clickable="false" enabled="true" focusable="false" focused="false" long-clickable="false" password="false" scrollable="false" selected="false" bounds="[0,237][720,541]" displayed="true"&gt;
                                &lt;android.view.ViewGroup index="0" package="com.vpaas.sdks.smartvoicekitapp" class="android.view.ViewGroup" text="" resource-id="com.vpaas.sdks.smartvoicekitapp:id/conversation_entry_message_request_view" checkable="false" checked="false" clickable="false" enabled="true" focusable="false" focused="false" long-clickable="false" password="false" scrollable="false" selected="false" bounds="[0,237][720,380]" displayed="true"&gt;
                                  &lt;android.widget.LinearLayout index="0" package="com.vpaas.sdks.smartvoicekitapp" class="android.widget.LinearLayout" text="" resource-id="com.vpaas.sdks.smartvoicekitapp:id/request_message_container" checkable="false" checked="false" clickable="false" enabled="true" focusable="false" focused="false" long-clickable="false" password="false" scrollable="false" selected="false" bounds="[196,257][700,370]" displayed="true"&gt;
                                    &lt;android.widget.TextView index="0" package="com.vpaas.sdks.smartvoicekitapp" class="android.widget.TextView" text="Quelle est la meteo ce soir a Paris ?" resource-id="com.vpaas.sdks.smartvoicekitapp:id/request_tv_message" checkable="false" checked="false" clickable="true" enabled="true" focusable="true" focused="false" long-clickable="true" password="false" scrollable="false" selected="false" bounds="[196,257][700,370]" displayed="true" /&gt;
                                  &lt;/android.widget.LinearLayout&gt;
                                &lt;/android.view.ViewGroup&gt;
                                &lt;android.widget.LinearLayout index="1" package="com.vpaas.sdks.smartvoicekitapp" class="android.widget.LinearLayout" text="" resource-id="com.vpaas.sdks.smartvoicekitapp:id/conversation_entry_message_response_view" checkable="false" checked="false" clickable="false" enabled="true" focusable="false" focused="false" long-clickable="false" password="false" scrollable="false" selected="false" bounds="[0,380][720,541]" displayed="true"&gt;
                                  &lt;android.widget.LinearLayout index="0" package="com.vpaas.sdks.smartvoicekitapp" class="android.widget.LinearLayout" text="" resource-id="com.vpaas.sdks.smartvoicekitapp:id/response_messages_container" checkable="false" checked="false" clickable="false" enabled="true" focusable="false" focused="false" long-clickable="false" password="false" scrollable="false" selected="false" bounds="[0,380][598,541]" displayed="true"&gt;
                                    &lt;android.widget.RelativeLayout index="0" package="com.vpaas.sdks.smartvoicekitapp" class="android.widget.RelativeLayout" text="" checkable="false" checked="false" clickable="true" enabled="true" focusable="true" focused="false" long-clickable="true" password="false" scrollable="false" selected="false" bounds="[94,390][598,541]" displayed="true"&gt;
                                      &lt;android.widget.TextView index="0" package="com.vpaas.sdks.smartvoicekitapp" class="android.widget.TextView" text="Ce soir à Paris, il y aura de la pluie. La température sera comprise entre 13 et 14 degrés." resource-id="com.vpaas.sdks.smartvoicekitapp:id/text_response_tv_message" checkable="false" checked="false" clickable="false" enabled="true" focusable="false" focused="false" long-clickable="false" password="false" scrollable="false" selected="false" bounds="[94,390][598,541]" displayed="true" /&gt;
                                    &lt;/android.widget.RelativeLayout&gt;
                                  &lt;/android.widget.LinearLayout&gt;
                                &lt;/android.widget.LinearLayout&gt;
                                &lt;android.widget.ImageView index="2" package="com.vpaas.sdks.smartvoicekitapp" class="android.widget.ImageView" text="" content-desc="bot_icon" resource-id="com.vpaas.sdks.smartvoicekitapp:id/conversation_entry_iv_bot" checkable="false" checked="false" clickable="false" enabled="true" focusable="false" focused="false" long-clickable="false" password="false" scrollable="false" selected="false" bounds="[20,477][84,541]" displayed="true" /&gt;
                              &lt;/android.widget.RelativeLayout&gt;
                            &lt;/android.widget.LinearLayout&gt;
                          &lt;/android.widget.FrameLayout&gt;
                          &lt;android.widget.FrameLayout index="2" package="com.vpaas.sdks.smartvoicekitapp" class="android.widget.FrameLayout" text="" checkable="false" checked="false" clickable="false" enabled="true" focusable="false" focused="false" long-clickable="false" password="false" scrollable="false" selected="false" bounds="[0,541][720,845]" displayed="true"&gt;
                            &lt;android.widget.LinearLayout index="0" package="com.vpaas.sdks.smartvoicekitapp" class="android.widget.LinearLayout" text="" resource-id="com.vpaas.sdks.smartvoicekitapp:id/conversation_entry_container" checkable="false" checked="false" clickable="false" enabled="true" focusable="false" focused="false" long-clickable="false" password="false" scrollable="false" selected="false" bounds="[0,541][720,845]" displayed="true"&gt;
                              &lt;android.widget.RelativeLayout index="1" package="com.vpaas.sdks.smartvoicekitapp" class="android.widget.RelativeLayout" text="" resource-id="com.vpaas.sdks.smartvoicekitapp:id/conversation_entry_message_container" checkable="false" checked="false" clickable="false" enabled="true" focusable="false" focused="false" long-clickable="false" password="false" scrollable="false" selected="false" bounds="[0,541][720,845]" displayed="true"&gt;
                                &lt;android.view.ViewGroup index="0" package="com.vpaas.sdks.smartvoicekitapp" class="android.view.ViewGroup" text="" resource-id="com.vpaas.sdks.smartvoicekitapp:id/conversation_entry_message_request_view" checkable="false" checked="false" clickable="false" enabled="true" focusable="false" focused="false" long-clickable="false" password="false" scrollable="false" selected="false" bounds="[0,541][720,684]" displayed="true"&gt;
                                  &lt;android.widget.LinearLayout index="0" package="com.vpaas.sdks.smartvoicekitapp" class="android.widget.LinearLayout" text="" resource-id="com.vpaas.sdks.smartvoicekitapp:id/request_message_container" checkable="false" checked="false" clickable="false" enabled="true" focusable="false" focused="false" long-clickable="false" password="false" scrollable="false" selected="false" bounds="[196,561][700,674]" displayed="true"&gt;
                                    &lt;android.widget.TextView index="0" package="com.vpaas.sdks.smartvoicekitapp" class="android.widget.TextView" text="Quelle est la meteo ce soir a Paris ?" resource-id="com.vpaas.sdks.smartvoicekitapp:id/request_tv_message" checkable="false" checked="false" clickable="true" enabled="true" focusable="true" focused="false" long-clickable="true" password="false" scrollable="false" selected="false" bounds="[196,561][700,674]" displayed="true" /&gt;
                                  &lt;/android.widget.LinearLayout&gt;
                                &lt;/android.view.ViewGroup&gt;
                                &lt;android.widget.LinearLayout index="1" package="com.vpaas.sdks.smartvoicekitapp" class="android.widget.LinearLayout" text="" resource-id="com.vpaas.sdks.smartvoicekitapp:id/conversation_entry_message_response_view" checkable="false" checked="false" clickable="false" enabled="true" focusable="false" focused="false" long-clickable="false" password="false" scrollable="false" selected="false" bounds="[0,684][720,845]" displayed="true"&gt;
                                  &lt;android.widget.LinearLayout index="0" package="com.vpaas.sdks.smartvoicekitapp" class="android.widget.LinearLayout" text="" resource-id="com.vpaas.sdks.smartvoicekitapp:id/response_messages_container" checkable="false" checked="false" clickable="false" enabled="true" focusable="false" focused="false" long-clickable="false" password="false" scrollable="false" selected="false" bounds="[0,684][598,845]" displayed="true"&gt;
                                    &lt;android.widget.RelativeLayout index="0" package="com.vpaas.sdks.smartvoicekitapp" class="android.widget.RelativeLayout" text="" checkable="false" checked="false" clickable="true" enabled="true" focusable="true" focused="false" long-clickable="true" password="false" scrollable="false" selected="false" bounds="[94,694][598,845]" displayed="true"&gt;
                                      &lt;android.widget.TextView index="0" package="com.vpaas.sdks.smartvoicekitapp" class="android.widget.TextView" text="Ce soir à Paris, il y aura de la pluie. La température sera comprise entre 13 et 14 degrés." resource-id="com.vpaas.sdks.smartvoicekitapp:id/text_response_tv_message" checkable="false" checked="false" clickable="false" enabled="true" focusable="false" focused="false" long-clickable="false" password="false" scrollable="false" selected="false" bounds="[94,694][598,845]" displayed="true" /&gt;
                                    &lt;/android.widget.RelativeLayout&gt;
                                  &lt;/android.widget.LinearLayout&gt;
                                &lt;/android.widget.LinearLayout&gt;
                                &lt;android.widget.ImageView index="2" package="com.vpaas.sdks.smartvoicekitapp" class="android.widget.ImageView" text="" content-desc="bot_icon" resource-id="com.vpaas.sdks.smartvoicekitapp:id/conversation_entry_iv_bot" checkable="false" checked="false" clickable="false" enabled="true" focusable="false" focused="false" long-clickable="false" password="false" scrollable="false" selected="false" bounds="[20,781][84,845]" displayed="true" /&gt;
                              &lt;/android.widget.RelativeLayout&gt;
                            &lt;/android.widget.LinearLayout&gt;
                          &lt;/android.widget.FrameLayout&gt;
                          &lt;android.widget.FrameLayout index="3" package="com.vpaas.sdks.smartvoicekitapp" class="android.widget.FrameLayout" text="" checkable="false" checked="false" clickable="false" enabled="true" focusable="false" focused="false" long-clickable="false" password="false" scrollable="false" selected="false" bounds="[0,845][720,1071]" displayed="true"&gt;
                            &lt;android.widget.LinearLayout index="0" package="com.vpaas.sdks.smartvoicekitapp" class="android.widget.LinearLayout" text="" resource-id="com.vpaas.sdks.smartvoicekitapp:id/conversation_entry_container" checkable="false" checked="false" clickable="false" enabled="true" focusable="false" focused="false" long-clickable="false" password="false" scrollable="false" selected="false" bounds="[0,845][720,1071]" displayed="true"&gt;
                              &lt;android.widget.FrameLayout index="0" package="com.vpaas.sdks.smartvoicekitapp" class="android.widget.FrameLayout" text="" resource-id="com.vpaas.sdks.smartvoicekitapp:id/conversation_entry_top_timestamp_container" checkable="false" checked="false" clickable="false" enabled="true" focusable="false" focused="false" long-clickable="false" password="false" scrollable="false" selected="false" bounds="[0,845][720,948]" displayed="true"&gt;
                                &lt;android.widget.TextView index="0" package="com.vpaas.sdks.smartvoicekitapp" class="android.widget.TextView" text="Today 10:56" resource-id="com.vpaas.sdks.smartvoicekitapp:id/conversation_entry_tv_top_timestamp" checkable="false" checked="false" clickable="false" enabled="true" focusable="false" focused="false" long-clickable="false" password="false" scrollable="false" selected="false" bounds="[0,905][720,938]" displayed="true" /&gt;
                              &lt;/android.widget.FrameLayout&gt;
                              &lt;android.widget.RelativeLayout index="1" package="com.vpaas.sdks.smartvoicekitapp" class="android.widget.RelativeLayout" text="" resource-id="com.vpaas.sdks.smartvoicekitapp:id/conversation_entry_message_container" checkable="false" checked="false" clickable="false" enabled="true" focusable="false" focused="false" long-clickable="false" password="false" scrollable="false" selected="false" bounds="[0,948][720,1071]" displayed="true"&gt;
                                &lt;android.view.ViewGroup index="0" package="com.vpaas.sdks.smartvoicekitapp" class="android.view.ViewGroup" text="" resource-id="com.vpaas.sdks.smartvoicekitapp:id/conversation_entry_message_request_view" checkable="false" checked="false" clickable="false" enabled="true" focusable="false" focused="false" long-clickable="false" password="false" scrollable="false" selected="false" bounds="[0,948][720,1071]" displayed="true"&gt;
                                  &lt;android.widget.LinearLayout index="0" package="com.vpaas.sdks.smartvoicekitapp" class="android.widget.LinearLayout" text="" resource-id="com.vpaas.sdks.smartvoicekitapp:id/request_message_container" checkable="false" checked="false" clickable="false" enabled="true" focusable="false" focused="false" long-clickable="false" password="false" scrollable="false" selected="false" bounds="[154,968][700,1071]" displayed="true"&gt;
                                    &lt;android.widget.TextView index="0" package="com.vpaas.sdks.smartvoicekitapp" class="android.widget.TextView" text="Quelle est la température dans Berlin ?" resource-id="com.vpaas.sdks.smartvoicekitapp:id/request_tv_message" checkable="false" checked="false" clickable="true" enabled="true" focusable="true" focused="false" long-clickable="true" password="false" scrollable="false" selected="false" bounds="[154,968][658,1071]" displayed="true" /&gt;
                                    &lt;android.widget.ImageView index="1" package="com.vpaas.sdks.smartvoicekitapp" class="android.widget.ImageView" text="" resource-id="com.vpaas.sdks.smartvoicekitapp:id/request_iv_status" checkable="false" checked="false" clickable="false" enabled="true" focusable="false" focused="false" long-clickable="false" password="false" scrollable="false" selected="false" bounds="[668,1049][700,1071]" displayed="true" /&gt;
                                  &lt;/android.widget.LinearLayout&gt;
                                &lt;/android.view.ViewGroup&gt;
                              &lt;/android.widget.RelativeLayout&gt;
                            &lt;/android.widget.LinearLayout&gt;
                          &lt;/android.widget.FrameLayout&gt;
                        &lt;/androidx.recyclerview.widget.RecyclerView&gt;
                        &lt;android.widget.FrameLayout index="1" package="com.vpaas.sdks.smartvoicekitapp" class="android.widget.FrameLayout" text="" checkable="false" checked="false" clickable="false" enabled="true" focusable="false" focused="false" long-clickable="false" password="false" scrollable="false" selected="false" bounds="[0,931][720,1071]" displayed="true" /&gt;
                      &lt;/android.view.ViewGroup&gt;
                      &lt;android.widget.ImageButton index="1" package="com.vpaas.sdks.smartvoicekitapp" class="android.widget.ImageButton" text="" resource-id="com.vpaas.sdks.smartvoicekitapp:id/btn_go_to_bottom" checkable="false" checked="false" clickable="true" enabled="true" focusable="true" focused="false" long-clickable="false" password="false" scrollable="false" selected="false" bounds="[624,975][696,1047]" displayed="true" /&gt;
                      &lt;android.widget.FrameLayout index="2" package="com.vpaas.sdks.smartvoicekitapp" class="android.widget.FrameLayout" text="" resource-id="com.vpaas.sdks.smartvoicekitapp:id/user_input_container" checkable="false" checked="false" clickable="false" enabled="true" focusable="false" focused="false" long-clickable="false" password="false" scrollable="false" selected="false" bounds="[0,1071][720,1167]" displayed="true"&gt;
                        &lt;android.view.View index="0" package="com.vpaas.sdks.smartvoicekitapp" class="android.view.View" text="" checkable="false" checked="false" clickable="false" enabled="true" focusable="false" focused="false" long-clickable="false" password="false" scrollable="false" selected="false" bounds="[0,1071][720,1073]" displayed="true" /&gt;
                        &lt;android.widget.RelativeLayout index="1" package="com.vpaas.sdks.smartvoicekitapp" class="android.widget.RelativeLayout" text="" resource-id="com.vpaas.sdks.smartvoicekitapp:id/mixed_user_input_container" checkable="false" checked="false" clickable="false" enabled="true" focusable="false" focused="false" long-clickable="false" password="false" scrollable="false" selected="false" bounds="[16,1071][704,1167]" displayed="true"&gt;
                          &lt;android.widget.EditText index="0" package="com.vpaas.sdks.smartvoicekitapp" class="android.widget.EditText" text="Ask Djingo…" resource-id="com.vpaas.sdks.smartvoicekitapp:id/et_user_input" checkable="false" checked="false" clickable="true" enabled="true" focusable="true" focused="false" long-clickable="true" password="false" scrollable="false" selected="false" bounds="[16,1071][704,1167]" displayed="true" /&gt;
                          &lt;android.widget.RelativeLayout index="1" package="com.vpaas.sdks.smartvoicekitapp" class="android.widget.RelativeLayout" text="" resource-id="com.vpaas.sdks.smartvoicekitapp:id/btn_listen_mixed" checkable="false" checked="false" clickable="true" enabled="true" focusable="true" focused="false" long-clickable="false" password="false" scrollable="false" selected="false" bounds="[608,1071][704,1167]" displayed="true"&gt;
                            &lt;android.widget.ImageButton index="0" package="com.vpaas.sdks.smartvoicekitapp" class="android.widget.ImageButton" text="" resource-id="com.vpaas.sdks.smartvoicekitapp:id/btn_listen_mixed" checkable="false" checked="false" clickable="false" enabled="true" focusable="true" focused="false" long-clickable="false" password="false" scrollable="false" selected="false" bounds="[608,1071][704,1167]" displayed="true" /&gt;
                          &lt;/android.widget.RelativeLayout&gt;
                        &lt;/android.widget.RelativeLayout&gt;
                      &lt;/android.widget.FrameLayout&gt;
                    &lt;/android.view.ViewGroup&gt;
                    &lt;android.widget.LinearLayout index="1" package="com.vpaas.sdks.smartvoicekitapp" class="android.widget.LinearLayout" text="" resource-id="com.vpaas.sdks.smartvoicekitapp:id/container" checkable="false" checked="false" clickable="false" enabled="true" focusable="false" focused="false" long-clickable="false" password="false" scrollable="false" selected="false" bounds="[0,203][720,1167]" displayed="true"&gt;
                      &lt;android.widget.RelativeLayout index="0" package="com.vpaas.sdks.smartvoicekitapp" class="android.widget.RelativeLayout" text="" resource-id="com.vpaas.sdks.smartvoicekitapp:id/recordButtonContainer" checkable="false" checked="false" clickable="false" enabled="true" focusable="false" focused="false" long-clickable="false" password="false" scrollable="false" selected="false" bounds="[288,227][432,563]" displayed="true"&gt;
                        &lt;android.widget.RelativeLayout index="0" package="com.vpaas.sdks.smartvoicekitapp" class="android.widget.RelativeLayout" text="" resource-id="com.vpaas.sdks.smartvoicekitapp:id/recordButton" checkable="false" checked="false" clickable="true" enabled="true" focusable="true" focused="false" long-clickable="false" password="false" scrollable="false" selected="false" bounds="[288,323][432,467]" displayed="true"&gt;
                          &lt;android.widget.ImageButton index="0" package="com.vpaas.sdks.smartvoicekitapp" class="android.widget.ImageButton" text="" resource-id="com.vpaas.sdks.smartvoicekitapp:id/recordButton" checkable="false" checked="false" clickable="false" enabled="true" focusable="true" focused="false" long-clickable="false" password="false" scrollable="false" selected="false" bounds="[288,323][432,467]" displayed="true" /&gt;
                        &lt;/android.widget.RelativeLayout&gt;
                      &lt;/android.widget.RelativeLayout&gt;
                      &lt;android.view.View index="1" package="com.vpaas.sdks.smartvoicekitapp" class="android.view.View" text="" checkable="false" checked="false" clickable="false" enabled="true" focusable="false" focused="false" long-clickable="false" password="false" scrollable="false" selected="false" bounds="[24,587][696,588]" displayed="true" /&gt;
                      &lt;android.widget.RelativeLayout index="2" package="com.vpaas.sdks.smartvoicekitapp" class="android.widget.RelativeLayout" text="" checkable="false" checked="false" clickable="false" enabled="true" focusable="false" focused="false" long-clickable="false" password="false" scrollable="false" selected="false" bounds="[24,588][696,1039]" displayed="true"&gt;
                        &lt;android.widget.TextView index="0" package="com.vpaas.sdks.smartvoicekitapp" class="android.widget.TextView" text="Configuration" resource-id="com.vpaas.sdks.smartvoicekitapp:id/tvSettingsHeader" checkable="false" checked="false" clickable="false" enabled="true" focusable="false" focused="false" long-clickable="false" password="false" scrollable="false" selected="false" bounds="[24,612][264,666]" displayed="true" /&gt;
                        &lt;android.widget.TextView index="1" package="com.vpaas.sdks.smartvoicekitapp" class="android.widget.TextView" text="Vocalisation ON" resource-id="com.vpaas.sdks.smartvoicekitapp:id/tvVocaliseLabel" checkable="false" checked="false" clickable="false" enabled="true" focusable="false" focused="false" long-clickable="false" password="false" scrollable="false" selected="false" bounds="[24,690][252,744]" displayed="true" /&gt;
                        &lt;android.widget.Switch index="2" package="com.vpaas.sdks.smartvoicekitapp" class="android.widget.Switch" text="‎‏‎‎‎‎‎‏‎‏‏‏‎‎‎‎‎‎‏‎‎‏‎‎‎‎‏‏‏‏‏‎‎‏‏‎‎‎‏‎‎‏‎‎‎‎‎‎‏‎‏‏‏‎‎‎‎‎‎‏‎‏‎‎‎‎‎‎‎‏‎‎‎‎‏‎‎‎‏‏‏‏‏‎‎‏‏‎‏‏‎‎‎‎ON‎‏‎‎‏‎" resource-id="com.vpaas.sdks.smartvoicekitapp:id/swVocalise" checkable="true" checked="true" clickable="true" enabled="true" focusable="true" focused="false" long-clickable="false" password="false" scrollable="false" selected="false" bounds="[602,690][696,744]" displayed="true" /&gt;
                        &lt;android.widget.TextView index="3" package="com.vpaas.sdks.smartvoicekitapp" class="android.widget.TextView" text="Dark theme OFF" resource-id="com.vpaas.sdks.smartvoicekitapp:id/tvDarkThemeLabel" checkable="false" checked="false" clickable="false" enabled="true" focusable="false" focused="false" long-clickable="false" password="false" scrollable="false" selected="false" bounds="[24,768][253,822]" displayed="true" /&gt;
                        &lt;android.widget.Switch index="4" package="com.vpaas.sdks.smartvoicekitapp" class="android.widget.Switch" text="‎‏‎‎‎‎‎‏‎‏‏‏‎‎‎‎‎‎‏‎‎‏‎‎‎‎‏‏‏‏‏‏‎‏‏‏‎‏‎‏‎‎‎‎‎‏‎‎‎‏‏‏‎‏‏‎‎‏‏‎‏‏‎‏‎‎‎‎‎‏‏‎‏‎‏‏‎‏‏‏‎‎‏‎‎‏‏‎‎‏‏‏‎‏‏‎OFF‎‏‎‎‏‎" resource-id="com.vpaas.sdks.smartvoicekitapp:id/swDarkTheme" checkable="true" checked="false" clickable="true" enabled="true" focusable="true" focused="false" long-clickable="false" password="false" scrollable="false" selected="false" bounds="[602,768][696,822]" displayed="true" /&gt;
                        &lt;android.widget.TextView index="5" package="com.vpaas.sdks.smartvoicekitapp" class="android.widget.TextView" text="Force offline mode" resource-id="com.vpaas.sdks.smartvoicekitapp:id/tvOfflineStateLabel" checkable="false" checked="false" clickable="false" enabled="true" focusable="false" focused="false" long-clickable="false" password="false" scrollable="false" selected="false" bounds="[24,846][290,900]" displayed="true" /&gt;
                        &lt;android.widget.Switch index="6" package="com.vpaas.sdks.smartvoicekitapp" class="android.widget.Switch" text="‎‏‎‎‎‎‎‏‎‏‏‏‎‎‎‎‎‎‏‎‎‏‎‎‎‎‏‏‏‏‏‏‎‏‏‏‎‏‎‏‎‎‎‎‎‏‎‎‎‏‏‏‎‏‏‎‎‏‏‎‏‏‎‏‎‎‎‎‎‏‏‎‏‎‏‏‎‏‏‏‎‎‏‎‎‏‏‎‎‏‏‏‎‏‏‎OFF‎‏‎‎‏‎" resource-id="com.vpaas.sdks.smartvoicekitapp:id/swOfflineState" checkable="true" checked="false" clickable="true" enabled="true" focusable="true" focused="false" long-clickable="false" password="false" scrollable="false" selected="false" bounds="[602,846][696,900]" displayed="true" /&gt;
                        &lt;android.widget.TextView index="7" package="com.vpaas.sdks.smartvoicekitapp" class="android.widget.TextView" text="Skin" resource-id="com.vpaas.sdks.smartvoicekitapp:id/tvSkinLabel" checkable="false" checked="false" clickable="false" enabled="true" focusable="false" focused="false" long-clickable="false" password="false" scrollable="false" selected="false" bounds="[24,924][85,1015]" displayed="true" /&gt;
                        &lt;android.widget.Spinner index="8" package="com.vpaas.sdks.smartvoicekitapp" class="android.widget.Spinner" text="" resource-id="com.vpaas.sdks.smartvoicekitapp:id/spinnerSkin" checkable="false" checked="false" clickable="true" enabled="true" focusable="true" focused="false" long-clickable="true" password="false" scrollable="true" selected="false" bounds="[388,924][696,1015]" displayed="true"&gt;
                          &lt;android.widget.LinearLayout index="0" package="com.vpaas.sdks.smartvoicekitapp" class="android.widget.LinearLayout" text="" checkable="false" checked="false" clickable="false" enabled="true" focusable="false" focused="false" long-clickable="false" password="false" scrollable="false" selected="false" bounds="[388,924][600,1015]" displayed="true"&gt;
                            &lt;android.widget.TextView index="0" package="com.vpaas.sdks.smartvoicekitapp" class="android.widget.TextView" text="Djingo" resource-id="com.vpaas.sdks.smartvoicekitapp:id/tv_name" checkable="false" checked="false" clickable="false" enabled="true" focusable="false" focused="false" long-clickable="false" password="false" scrollable="false" selected="false" bounds="[412,948][576,991]" displayed="true" /&gt;
                          &lt;/android.widget.LinearLayout&gt;
                        &lt;/android.widget.Spinner&gt;
                      &lt;/android.widget.RelativeLayout&gt;
                      &lt;android.view.View index="3" package="com.vpaas.sdks.smartvoicekitapp" class="android.view.View" text="" checkable="false" checked="false" clickable="false" enabled="true" focusable="false" focused="false" long-clickable="false" password="false" scrollable="false" selected="false" bounds="[24,1039][696,1040]" displayed="true" /&gt;
                      &lt;android.widget.TextView index="4" package="com.vpaas.sdks.smartvoicekitapp" class="android.widget.TextView" text="Logs" resource-id="com.vpaas.sdks.smartvoicekitapp:id/tvLogsHeader" checkable="false" checked="false" clickable="false" enabled="true" focusable="false" focused="false" long-clickable="false" password="false" scrollable="false" selected="false" bounds="[24,1064][112,1118]" displayed="true" /&gt;
                    &lt;/android.widget.LinearLayout&gt;
                  &lt;/android.widget.FrameLayout&gt;
                &lt;/android.view.ViewGroup&gt;
              &lt;/androidx.drawerlayout.widget.DrawerLayout&gt;
              &lt;android.view.View index="1" package="com.vpaas.sdks.smartvoicekitapp" class="android.view.View" text="" checkable="false" checked="false" clickable="false" enabled="true" focusable="false" focused="false" long-clickable="false" password="false" scrollable="false" selected="false" bounds="[0,1167][720,1168]" displayed="true" /&gt;
              &lt;android.widget.FrameLayout index="2" package="com.vpaas.sdks.smartvoicekitapp" class="android.widget.FrameLayout" text="" resource-id="com.vpaas.sdks.smartvoicekitapp:id/activityHome_bottomNavigationView" checkable="false" checked="false" clickable="false" enabled="true" focusable="false" focused="false" long-clickable="false" password="false" scrollable="false" selected="false" bounds="[0,1168][720,1280]" displayed="true"&gt;
                &lt;android.view.ViewGroup index="0" package="com.vpaas.sdks.smartvoicekitapp" class="android.view.ViewGroup" text="" checkable="false" checked="false" clickable="false" enabled="true" focusable="false" focused="false" long-clickable="false" password="false" scrollable="false" selected="false" bounds="[0,1168][720,1280]" displayed="true"&gt;
                  &lt;android.widget.FrameLayout index="0" package="com.vpaas.sdks.smartvoicekitapp" class="android.widget.FrameLayout" text="" content-desc="Conversation" resource-id="com.vpaas.sdks.smartvoicekitapp:id/bottom_nav_conversation" checkable="false" checked="false" clickable="true" enabled="true" focusable="true" focused="false" long-clickable="false" password="false" scrollable="false" selected="true" bounds="[0,1168][240,1280]" displayed="true"&gt;
                    &lt;android.widget.ImageView index="0" package="com.vpaas.sdks.smartvoicekitapp" class="android.widget.ImageView" text="" resource-id="com.vpaas.sdks.smartvoicekitapp:id/icon" checkable="false" checked="false" clickable="false" enabled="true" focusable="false" focused="false" long-clickable="false" password="false" scrollable="false" selected="true" bounds="[96,1180][144,1228]" displayed="true" /&gt;
                    &lt;android.view.ViewGroup index="1" package="com.vpaas.sdks.smartvoicekitapp" class="android.view.ViewGroup" text="" checkable="false" checked="false" clickable="false" enabled="true" focusable="false" focused="false" long-clickable="false" password="false" scrollable="false" selected="true" bounds="[22,1230][217,1280]" displayed="true"&gt;
                      &lt;android.widget.TextView index="0" package="com.vpaas.sdks.smartvoicekitapp" class="android.widget.TextView" text="Conversation" resource-id="com.vpaas.sdks.smartvoicekitapp:id/largeLabel" checkable="false" checked="false" clickable="false" enabled="true" focusable="false" focused="false" long-clickable="false" password="false" scrollable="false" selected="true" bounds="[22,1230][217,1268]" displayed="true" /&gt;
                    &lt;/android.view.ViewGroup&gt;
                  &lt;/android.widget.FrameLayout&gt;
                  &lt;android.widget.FrameLayout index="1" package="com.vpaas.sdks.smartvoicekitapp" class="android.widget.FrameLayout" text="" content-desc="Audio Rec Demo" resource-id="com.vpaas.sdks.smartvoicekitapp:id/bottom_nav_audio_rec" checkable="false" checked="false" clickable="true" enabled="true" focusable="true" focused="false" long-clickable="false" password="false" scrollable="false" selected="false" bounds="[240,1168][480,1280]" displayed="true"&gt;
                    &lt;android.view.ViewGroup index="0" package="com.vpaas.sdks.smartvoicekitapp" class="android.view.ViewGroup" text="" checkable="false" checked="false" clickable="false" enabled="true" focusable="false" focused="false" long-clickable="false" password="false" scrollable="false" selected="false" bounds="[240,1230][479,1280]" displayed="true"&gt;
                      &lt;android.widget.TextView index="0" package="com.vpaas.sdks.smartvoicekitapp" class="android.widget.TextView" text="Audio Rec Demo" resource-id="com.vpaas.sdks.smartvoicekitapp:id/smallLabel" checkable="false" checked="false" clickable="false" enabled="true" focusable="false" focused="false" long-clickable="false" password="false" scrollable="false" selected="false" bounds="[269,1234][449,1267]" displayed="true" /&gt;
                    &lt;/android.view.ViewGroup&gt;
                    &lt;android.widget.ImageView index="1" package="com.vpaas.sdks.smartvoicekitapp" class="android.widget.ImageView" text="" resource-id="com.vpaas.sdks.smartvoicekitapp:id/icon" checkable="false" checked="false" clickable="false" enabled="true" focusable="false" focused="false" long-clickable="false" password="false" scrollable="false" selected="false" bounds="[336,1184][384,1232]" displayed="true" /&gt;
                  &lt;/android.widget.FrameLayout&gt;
                  &lt;android.widget.FrameLayout index="2" package="com.vpaas.sdks.smartvoicekitapp" class="android.widget.FrameLayout" text="" content-desc="Info" resource-id="com.vpaas.sdks.smartvoicekitapp:id/bottom_nav_drawer" checkable="false" checked="false" clickable="true" enabled="true" focusable="true" focused="false" long-clickable="false" password="false" scrollable="false" selected="false" bounds="[480,1168][720,1280]" displayed="true"&gt;
                    &lt;android.view.ViewGroup index="0" package="com.vpaas.sdks.smartvoicekitapp" class="android.view.ViewGroup" text="" checkable="false" checked="false" clickable="false" enabled="true" focusable="false" focused="false" long-clickable="false" password="false" scrollable="false" selected="false" bounds="[559,1230][640,1280]" displayed="true"&gt;
                      &lt;android.widget.TextView index="0" package="com.vpaas.sdks.smartvoicekitapp" class="android.widget.TextView" text="Info" resource-id="com.vpaas.sdks.smartvoicekitapp:id/smallLabel" checkable="false" checked="false" clickable="false" enabled="true" focusable="false" focused="false" long-clickable="false" password="false" scrollable="false" selected="false" bounds="[578,1234][620,1267]" displayed="true" /&gt;
                    &lt;/android.view.ViewGroup&gt;
                    &lt;android.widget.ImageView index="1" package="com.vpaas.sdks.smartvoicekitapp" class="android.widget.ImageView" text="" resource-id="com.vpaas.sdks.smartvoicekitapp:id/icon" checkable="false" checked="false" clickable="false" enabled="true" focusable="false" focused="false" long-clickable="false" password="false" scrollable="false" selected="false" bounds="[576,1184][624,1232]" displayed="true" /&gt;
                  &lt;/android.widget.FrameLayout&gt;
                &lt;/android.view.ViewGroup&gt;
              &lt;/android.widget.FrameLayout&gt;
            &lt;/android.widget.LinearLayout&gt;
          &lt;/android.widget.FrameLayout&gt;
        &lt;/android.widget.LinearLayout&gt;
      &lt;/android.widget.FrameLayout&gt;
    &lt;/android.widget.LinearLayout&gt;
  &lt;/android.widget.FrameLayout&gt;
&lt;/hierarchy&gt;</msg>
<kw name="Capture Page Screenshot" library="AppiumLibrary">
<doc>Takes a screenshot of the current page and embeds it into the log.</doc>
<msg timestamp="20201119 10:56:58.555" level="INFO" html="yes">&lt;/td&gt;&lt;/tr&gt;&lt;tr&gt;&lt;td colspan="3"&gt;&lt;a href="appium-screenshot-4.png"&gt;&lt;img src="appium-screenshot-4.png" width="800px"&gt;&lt;/a&gt;</msg>
<status status="PASS" starttime="20201119 10:56:58.028" endtime="20201119 10:56:58.555"></status>
</kw>
<msg timestamp="20201119 10:56:58.555" level="FAIL">Element 'xpath=//android.widget.TextView[2][@resource-id='com.vpaas.sdks.smartvoicekitapp.screens.conversation:id/tv_action_text']' did not appear in 5 seconds</msg>
<status status="FAIL" starttime="20201119 10:56:51.838" endtime="20201119 10:56:58.555"></status>
</kw>
<status status="FAIL" starttime="20201119 10:56:47.923" endtime="20201119 10:56:58.555" critical="yes">Element 'xpath=//android.widget.TextView[2][@resource-id='com.vpaas.sdks.smartvoicekitapp.screens.conversation:id/tv_action_text']' did not appear in 5 seconds</status>
</test>
<status status="FAIL" starttime="20201119 10:55:20.689" endtime="20201119 10:56:58.557"></status>
</suite>
<statistics>
<total>
<stat pass="7" fail="2">Critical Tests</stat>
<stat pass="7" fail="2">All Tests</stat>
</total>
<tag>
<stat pass="7" fail="0">Android</stat>
<stat pass="6" fail="0">NR</stat>
</tag>
<suite>
<stat pass="7" fail="2" id="s1" name="AndroidPhoneTests">AndroidPhoneTests</stat>
</suite>
</statistics>
<errors>
</errors>
</robot>
