<?xml version="1.0" encoding="UTF-8"?>
<robot rpa="false" generated="20201119 10:55:19.635" generator="Robot 3.2.2 (Python 2.7.16 on darwin)">
<suite source="/Users/muthabor/eclipse-workspace/uiautomation/AndroidPhoneTests.robot" id="s1" name="AndroidPhoneTests">
<test id="s1-t1" name="Startup">
<kw name="Launch App" library="General">
<kw name="Log" library="BuiltIn">
<doc>Logs the given message with the given level.</doc>
<arguments>
<arg>Start ${AppName}</arg>
</arguments>
<status status="NOT_RUN" endtime="20201119 10:55:19.703" starttime="20201119 10:55:19.702"></status>
</kw>
<kw name="Open Application">
<arguments>
<arg>http://127.0.0.1:${appium}/wd/hub</arg>
<arg>platformName=Android</arg>
<arg>deviceName=${name}</arg>
<arg>appPackage=${appPackage}</arg>
<arg>udid=${udid}</arg>
<arg>appActivity=${MainActivity}</arg>
</arguments>
<msg timestamp="20201119 10:55:19.706" level="FAIL">No keyword with name 'Open Application' found.</msg>
<status status="FAIL" endtime="20201119 10:55:19.706" starttime="20201119 10:55:19.706"></status>
</kw>
<kw name="Log" library="BuiltIn">
<doc>Logs the given message with the given level.</doc>
<arguments>
<arg>End of startup:${AppName}</arg>
</arguments>
<status status="NOT_RUN" endtime="20201119 10:55:19.706" starttime="20201119 10:55:19.706"></status>
</kw>
<kw name="Sleep" library="BuiltIn">
<doc>Pauses the test executed for the given time.</doc>
<arguments>
<arg>5s</arg>
</arguments>
<status status="NOT_RUN" endtime="20201119 10:55:19.706" starttime="20201119 10:55:19.706"></status>
</kw>
<kw name="Log" library="BuiltIn">
<doc>Logs the given message with the given level.</doc>
<arguments>
<arg>End of startup:${AppName}</arg>
</arguments>
<status status="NOT_RUN" endtime="20201119 10:55:19.706" starttime="20201119 10:55:19.706"></status>
</kw>
<status status="FAIL" endtime="20201119 10:55:19.707" starttime="20201119 10:55:19.702"></status>
</kw>
<tags>
<tag>Android</tag>
<tag>NR</tag>
</tags>
<status status="FAIL" endtime="20201119 10:55:19.707" critical="yes" starttime="20201119 10:55:19.701">No keyword with name 'Open Application' found.</status>
</test>
<test id="s1-t2" name="Allow Permissions">
<kw name="Click_ALLOW_Allow" library="General">
<kw name="Run Keyword And Return Status" library="BuiltIn">
<doc>Runs the given keyword with given arguments and returns the status as a Boolean value.</doc>
<arguments>
<arg>Element Should Be Visible</arg>
<arg>xpath=//android.widget.Button[@text='ALLOW']</arg>
</arguments>
<assign>
<var>${ALLOW}</var>
</assign>
<kw name="Element Should Be Visible">
<arguments>
<arg>xpath=//android.widget.Button[@text='ALLOW']</arg>
</arguments>
<msg timestamp="20201119 10:55:19.712" level="FAIL">No keyword with name 'Element Should Be Visible' found.</msg>
<status status="FAIL" endtime="20201119 10:55:19.712" starttime="20201119 10:55:19.712"></status>
</kw>
<status status="FAIL" endtime="20201119 10:55:19.712" starttime="20201119 10:55:19.708"></status>
</kw>
<kw name="Run Keyword If" library="BuiltIn">
<doc>Runs the given keyword with the given arguments, if ``condition`` is true.</doc>
<arguments>
<arg>${ALLOW}</arg>
<arg>Click Element</arg>
<arg>xpath=//android.widget.Button[@text='ALLOW']</arg>
</arguments>
<kw name="Click Element">
<arguments>
<arg>xpath=//android.widget.Button[@text='ALLOW']</arg>
</arguments>
<msg timestamp="20201119 10:55:19.716" level="FAIL">No keyword with name 'Click Element' found.</msg>
<status status="FAIL" endtime="20201119 10:55:19.716" starttime="20201119 10:55:19.716"></status>
</kw>
<status status="FAIL" endtime="20201119 10:55:19.716" starttime="20201119 10:55:19.712"></status>
</kw>
<kw name="Run Keyword And Return Status" library="BuiltIn">
<doc>Runs the given keyword with given arguments and returns the status as a Boolean value.</doc>
<arguments>
<arg>Element Should Be Visible</arg>
<arg>xpath=//android.widget.Button[@text='Allow']</arg>
</arguments>
<assign>
<var>${Allow}</var>
</assign>
<kw name="Element Should Be Visible">
<arguments>
<arg>xpath=//android.widget.Button[@text='Allow']</arg>
</arguments>
<msg timestamp="20201119 10:55:19.720" level="FAIL">No keyword with name 'Element Should Be Visible' found.</msg>
<status status="FAIL" endtime="20201119 10:55:19.720" starttime="20201119 10:55:19.720"></status>
</kw>
<status status="FAIL" endtime="20201119 10:55:19.720" starttime="20201119 10:55:19.716"></status>
</kw>
<kw name="Run Keyword If" library="BuiltIn">
<doc>Runs the given keyword with the given arguments, if ``condition`` is true.</doc>
<arguments>
<arg>${Allow}</arg>
<arg>Click Element</arg>
<arg>xpath=//android.widget.Button[@text='Allow']</arg>
</arguments>
<kw name="Click Element">
<arguments>
<arg>xpath=//android.widget.Button[@text='Allow']</arg>
</arguments>
<msg timestamp="20201119 10:55:19.724" level="FAIL">No keyword with name 'Click Element' found.</msg>
<status status="FAIL" endtime="20201119 10:55:19.724" starttime="20201119 10:55:19.724"></status>
</kw>
<status status="FAIL" endtime="20201119 10:55:19.724" starttime="20201119 10:55:19.720"></status>
</kw>
<status status="FAIL" endtime="20201119 10:55:19.724" starttime="20201119 10:55:19.708"></status>
</kw>
<tags>
<tag>Android</tag>
</tags>
<status status="FAIL" endtime="20201119 10:55:19.724" critical="yes" starttime="20201119 10:55:19.707">Several failures occurred:

1) No keyword with name 'Element Should Be Visible' found.

2) No keyword with name 'Click Element' found.

3) No keyword with name 'Element Should Be Visible' found.

4) No keyword with name 'Click Element' found.</status>
</test>
<test id="s1-t3" name="Click Start">
<kw name="ClickDjingo" library="General">
<kw name="Wait Until Page Contains Element">
<arguments>
<arg>xpath=//android.widget.Button[@resource-id='${appPackage}:id/activityAuthentication_loginButtonOrange']</arg>
<arg>30s</arg>
</arguments>
<msg timestamp="20201119 10:55:19.730" level="FAIL">No keyword with name 'Wait Until Page Contains Element' found.</msg>
<status status="FAIL" endtime="20201119 10:55:19.730" starttime="20201119 10:55:19.730"></status>
</kw>
<kw name="Click Element">
<arguments>
<arg>xpath=//android.widget.Button[@resource-id='${appPackage}:id/activityAuthentication_loginButtonOrange']</arg>
</arguments>
<msg timestamp="20201119 10:55:19.734" level="FAIL">No keyword with name 'Click Element' found.</msg>
<status status="FAIL" endtime="20201119 10:55:19.734" starttime="20201119 10:55:19.734"></status>
</kw>
<status status="FAIL" endtime="20201119 10:55:19.734" starttime="20201119 10:55:19.725"></status>
</kw>
<tags>
<tag>Android</tag>
<tag>NR</tag>
</tags>
<status status="FAIL" endtime="20201119 10:55:19.734" critical="yes" starttime="20201119 10:55:19.725">Several failures occurred:

1) No keyword with name 'Wait Until Page Contains Element' found.

2) No keyword with name 'Click Element' found.</status>
</test>
<test id="s1-t4" name="Click Login">
<kw name="Login" library="General">
<kw name="Wait Until Page Contains Element">
<arguments>
<arg>xpath=//android.widget.EditText[@resource-id='${appPackage}:id/was_sdk_login_editext']</arg>
<arg>30s</arg>
</arguments>
<msg timestamp="20201119 10:55:19.739" level="FAIL">No keyword with name 'Wait Until Page Contains Element' found.</msg>
<status status="FAIL" endtime="20201119 10:55:19.739" starttime="20201119 10:55:19.739"></status>
</kw>
<kw name="Click Element">
<arguments>
<arg>xpath=//android.widget.EditText[@resource-id='${appPackage}:id/was_sdk_login_editext']</arg>
</arguments>
<msg timestamp="20201119 10:55:19.742" level="FAIL">No keyword with name 'Click Element' found.</msg>
<status status="FAIL" endtime="20201119 10:55:19.742" starttime="20201119 10:55:19.742"></status>
</kw>
<kw name="Input Text">
<arguments>
<arg>xpath=//android.widget.EditText[@resource-id='${appPackage}:id/was_sdk_login_editext']</arg>
<arg>${username}</arg>
</arguments>
<msg timestamp="20201119 10:55:19.745" level="FAIL">No keyword with name 'Input Text' found.</msg>
<status status="FAIL" endtime="20201119 10:55:19.745" starttime="20201119 10:55:19.745"></status>
</kw>
<kw name="Click Element">
<arguments>
<arg>xpath=//android.widget.Button[@resource-id='${appPackage}:id/was_sdk_login_button_resume']</arg>
</arguments>
<msg timestamp="20201119 10:55:19.749" level="FAIL">No keyword with name 'Click Element' found.</msg>
<status status="FAIL" endtime="20201119 10:55:19.749" starttime="20201119 10:55:19.749"></status>
</kw>
<kw name="Wait Until Page Contains Element">
<arguments>
<arg>xpath=//android.widget.EditText[@resource-id='${appPackage}:id/was_sdk_smartauthent_explicit_id_password']</arg>
<arg>30s</arg>
</arguments>
<msg timestamp="20201119 10:55:19.753" level="FAIL">No keyword with name 'Wait Until Page Contains Element' found.</msg>
<status status="FAIL" endtime="20201119 10:55:19.753" starttime="20201119 10:55:19.753"></status>
</kw>
<kw name="Click Element">
<arguments>
<arg>xpath=//android.widget.EditText[@resource-id='${appPackage}:id/was_sdk_smartauthent_explicit_id_password']</arg>
</arguments>
<msg timestamp="20201119 10:55:19.756" level="FAIL">No keyword with name 'Click Element' found.</msg>
<status status="FAIL" endtime="20201119 10:55:19.756" starttime="20201119 10:55:19.756"></status>
</kw>
<kw name="Input Text">
<arguments>
<arg>xpath=//android.widget.EditText[@resource-id='${appPackage}:id/was_sdk_smartauthent_explicit_id_password']</arg>
<arg>${passwd}</arg>
</arguments>
<msg timestamp="20201119 10:55:19.761" level="FAIL">No keyword with name 'Input Text' found.</msg>
<status status="FAIL" endtime="20201119 10:55:19.761" starttime="20201119 10:55:19.761"></status>
</kw>
<kw name="Click Element">
<arguments>
<arg>xpath=//android.widget.Button[@resource-id='${appPackage}:id/was_sdk_button_confirm']</arg>
</arguments>
<msg timestamp="20201119 10:55:19.765" level="FAIL">No keyword with name 'Click Element' found.</msg>
<status status="FAIL" endtime="20201119 10:55:19.765" starttime="20201119 10:55:19.765"></status>
</kw>
<status status="FAIL" endtime="20201119 10:55:19.765" starttime="20201119 10:55:19.735"></status>
</kw>
<kw name="Sleep" library="BuiltIn">
<doc>Pauses the test executed for the given time.</doc>
<arguments>
<arg>3s</arg>
</arguments>
<status status="NOT_RUN" endtime="20201119 10:55:19.765" starttime="20201119 10:55:19.765"></status>
</kw>
<kw name="Click_ALLOW_Allow" library="General">
<kw name="Run Keyword And Return Status" library="BuiltIn">
<doc>Runs the given keyword with given arguments and returns the status as a Boolean value.</doc>
<arguments>
<arg>Element Should Be Visible</arg>
<arg>xpath=//android.widget.Button[@text='ALLOW']</arg>
</arguments>
<assign>
<var>${ALLOW}</var>
</assign>
<kw name="Element Should Be Visible">
<arguments>
<arg>xpath=//android.widget.Button[@text='ALLOW']</arg>
</arguments>
<msg timestamp="20201119 10:55:19.771" level="FAIL">No keyword with name 'Element Should Be Visible' found.</msg>
<status status="FAIL" endtime="20201119 10:55:19.771" starttime="20201119 10:55:19.771"></status>
</kw>
<status status="FAIL" endtime="20201119 10:55:19.771" starttime="20201119 10:55:19.765"></status>
</kw>
<kw name="Run Keyword If" library="BuiltIn">
<doc>Runs the given keyword with the given arguments, if ``condition`` is true.</doc>
<arguments>
<arg>${ALLOW}</arg>
<arg>Click Element</arg>
<arg>xpath=//android.widget.Button[@text='ALLOW']</arg>
</arguments>
<kw name="Click Element">
<arguments>
<arg>xpath=//android.widget.Button[@text='ALLOW']</arg>
</arguments>
<msg timestamp="20201119 10:55:19.775" level="FAIL">No keyword with name 'Click Element' found.</msg>
<status status="FAIL" endtime="20201119 10:55:19.775" starttime="20201119 10:55:19.775"></status>
</kw>
<status status="FAIL" endtime="20201119 10:55:19.775" starttime="20201119 10:55:19.771"></status>
</kw>
<kw name="Run Keyword And Return Status" library="BuiltIn">
<doc>Runs the given keyword with given arguments and returns the status as a Boolean value.</doc>
<arguments>
<arg>Element Should Be Visible</arg>
<arg>xpath=//android.widget.Button[@text='Allow']</arg>
</arguments>
<assign>
<var>${Allow}</var>
</assign>
<kw name="Element Should Be Visible">
<arguments>
<arg>xpath=//android.widget.Button[@text='Allow']</arg>
</arguments>
<msg timestamp="20201119 10:55:19.778" level="FAIL">No keyword with name 'Element Should Be Visible' found.</msg>
<status status="FAIL" endtime="20201119 10:55:19.779" starttime="20201119 10:55:19.778"></status>
</kw>
<status status="FAIL" endtime="20201119 10:55:19.779" starttime="20201119 10:55:19.775"></status>
</kw>
<kw name="Run Keyword If" library="BuiltIn">
<doc>Runs the given keyword with the given arguments, if ``condition`` is true.</doc>
<arguments>
<arg>${Allow}</arg>
<arg>Click Element</arg>
<arg>xpath=//android.widget.Button[@text='Allow']</arg>
</arguments>
<kw name="Click Element">
<arguments>
<arg>xpath=//android.widget.Button[@text='Allow']</arg>
</arguments>
<msg timestamp="20201119 10:55:19.783" level="FAIL">No keyword with name 'Click Element' found.</msg>
<status status="FAIL" endtime="20201119 10:55:19.783" starttime="20201119 10:55:19.783"></status>
</kw>
<status status="FAIL" endtime="20201119 10:55:19.783" starttime="20201119 10:55:19.779"></status>
</kw>
<status status="FAIL" endtime="20201119 10:55:19.784" starttime="20201119 10:55:19.765"></status>
</kw>
<tags>
<tag>Android</tag>
<tag>NR</tag>
</tags>
<status status="FAIL" endtime="20201119 10:55:19.784" critical="yes" starttime="20201119 10:55:19.735">Several failures occurred:

1) No keyword with name 'Wait Until Page Contains Element' found.

2) No keyword with name 'Click Element' found.

3) No keyword with name 'Input Text' found.

4) No keyword with name 'Click Element' found.

5) No keyword with name 'Wait Until Page Contains Element' found.

6) No keyword with name 'Click Element' found.

7) No keyword with name 'Input Text' found.

8) No keyword with name 'Click Element' found.

9) No keyword with name 'Element Should Be Visible' found.

10) No keyword with name 'Click Element' found.

11) No keyword with name 'Element Should Be Visible' found.

12) No keyword with name 'Click Element' found.</status>
</test>
<test id="s1-t5" name="Click Restart">
<kw name="Restart" library="General">
<kw name="Wait Until Page Contains Element">
<arguments>
<arg>xpath=//android.widget.Button[@resource-id='android:id/button2']</arg>
<arg>30s</arg>
</arguments>
<msg timestamp="20201119 10:55:19.788" level="FAIL">No keyword with name 'Wait Until Page Contains Element' found.</msg>
<status status="FAIL" endtime="20201119 10:55:19.788" starttime="20201119 10:55:19.788"></status>
</kw>
<kw name="Click Element">
<arguments>
<arg>xpath=//android.widget.Button[@resource-id='android:id/button2']</arg>
</arguments>
<msg timestamp="20201119 10:55:19.792" level="FAIL">No keyword with name 'Click Element' found.</msg>
<status status="FAIL" endtime="20201119 10:55:19.792" starttime="20201119 10:55:19.792"></status>
</kw>
<status status="FAIL" endtime="20201119 10:55:19.794" starttime="20201119 10:55:19.785"></status>
</kw>
<tags>
<tag>Android</tag>
<tag>NR</tag>
</tags>
<status status="FAIL" endtime="20201119 10:55:19.794" critical="yes" starttime="20201119 10:55:19.784">Several failures occurred:

1) No keyword with name 'Wait Until Page Contains Element' found.

2) No keyword with name 'Click Element' found.</status>
</test>
<test id="s1-t6" name="H02 Select New Twnnant H02">
<kw name="SelectNewTennant" library="General">
<kw name="Click Menu icon" library="General">
<kw name="Wait Until Page Contains Element">
<arguments>
<arg>xpath=//android.widget.FrameLayout[@resource-id='${appPackage}:id/bottom_nav_drawer']</arg>
<arg>30s</arg>
</arguments>
<msg timestamp="20201119 10:55:19.799" level="FAIL">No keyword with name 'Wait Until Page Contains Element' found.</msg>
<status status="FAIL" endtime="20201119 10:55:19.799" starttime="20201119 10:55:19.799"></status>
</kw>
<kw name="Click Element">
<arguments>
<arg>xpath=//android.widget.FrameLayout[@resource-id='${appPackage}:id/bottom_nav_drawer']</arg>
</arguments>
<msg timestamp="20201119 10:55:19.803" level="FAIL">No keyword with name 'Click Element' found.</msg>
<status status="FAIL" endtime="20201119 10:55:19.803" starttime="20201119 10:55:19.803"></status>
</kw>
<status status="FAIL" endtime="20201119 10:55:19.804" starttime="20201119 10:55:19.795"></status>
</kw>
<kw name="Wait Until Page Contains Element">
<arguments>
<arg>xpath=//android.widget.CheckedTextView[@text='Settings']</arg>
<arg>30s</arg>
</arguments>
<msg timestamp="20201119 10:55:19.806" level="FAIL">No keyword with name 'Wait Until Page Contains Element' found.</msg>
<status status="FAIL" endtime="20201119 10:55:19.806" starttime="20201119 10:55:19.806"></status>
</kw>
<kw name="Click Element">
<arguments>
<arg>xpath=//android.widget.CheckedTextView[@text='Settings']</arg>
</arguments>
<msg timestamp="20201119 10:55:19.809" level="FAIL">No keyword with name 'Click Element' found.</msg>
<status status="FAIL" endtime="20201119 10:55:19.809" starttime="20201119 10:55:19.809"></status>
</kw>
<kw name="Wait Until Page Contains Element">
<arguments>
<arg>xpath=//android.widget.TextView[@text='Server / Tenant']</arg>
<arg>30s</arg>
</arguments>
<msg timestamp="20201119 10:55:19.812" level="FAIL">No keyword with name 'Wait Until Page Contains Element' found.</msg>
<status status="FAIL" endtime="20201119 10:55:19.812" starttime="20201119 10:55:19.812"></status>
</kw>
<kw name="Click Element">
<arguments>
<arg>xpath=//android.widget.TextView[@text='Server / Tenant']</arg>
</arguments>
<msg timestamp="20201119 10:55:19.815" level="FAIL">No keyword with name 'Click Element' found.</msg>
<status status="FAIL" endtime="20201119 10:55:19.815" starttime="20201119 10:55:19.815"></status>
</kw>
<kw name="Wait Until Page Contains">
<arguments>
<arg>MVP Staging 002</arg>
<arg>30s</arg>
</arguments>
<msg timestamp="20201119 10:55:19.819" level="FAIL">No keyword with name 'Wait Until Page Contains' found.</msg>
<status status="FAIL" endtime="20201119 10:55:19.819" starttime="20201119 10:55:19.819"></status>
</kw>
<kw name="Click Element">
<arguments>
<arg>xpath=//android.view.ViewGroup[3]/android.widget.RadioButton</arg>
</arguments>
<msg timestamp="20201119 10:55:19.822" level="FAIL">No keyword with name 'Click Element' found.</msg>
<status status="FAIL" endtime="20201119 10:55:19.822" starttime="20201119 10:55:19.822"></status>
</kw>
<kw name="Wait Until Page Contains Element">
<arguments>
<arg>xpath=//android.widget.Button[@resource-id='android:id/button3']</arg>
<arg>30s</arg>
</arguments>
<msg timestamp="20201119 10:55:19.825" level="FAIL">No keyword with name 'Wait Until Page Contains Element' found.</msg>
<status status="FAIL" endtime="20201119 10:55:19.825" starttime="20201119 10:55:19.825"></status>
</kw>
<kw name="Click Element">
<arguments>
<arg>xpath=//android.widget.Button[@resource-id='android:id/button3']</arg>
</arguments>
<msg timestamp="20201119 10:55:19.829" level="FAIL">No keyword with name 'Click Element' found.</msg>
<status status="FAIL" endtime="20201119 10:55:19.829" starttime="20201119 10:55:19.829"></status>
</kw>
<kw name="Wait Until Page Contains Element">
<arguments>
<arg>xpath=//android.widget.Button[@resource-id='${appPackage}:id/activityAuthentication_loginButtonOrange']</arg>
<arg>30s</arg>
</arguments>
<msg timestamp="20201119 10:55:19.832" level="FAIL">No keyword with name 'Wait Until Page Contains Element' found.</msg>
<status status="FAIL" endtime="20201119 10:55:19.832" starttime="20201119 10:55:19.832"></status>
</kw>
<kw name="Click Element">
<arguments>
<arg>xpath=//android.widget.Button[@resource-id='${appPackage}:id/activityAuthentication_loginButtonOrange']</arg>
</arguments>
<msg timestamp="20201119 10:55:19.835" level="FAIL">No keyword with name 'Click Element' found.</msg>
<status status="FAIL" endtime="20201119 10:55:19.835" starttime="20201119 10:55:19.835"></status>
</kw>
<kw name="Wait Until Page Contains Element">
<arguments>
<arg>xpath=//android.widget.EditText[@resource-id='${appPackage}:id/was_sdk_login_editext']</arg>
<arg>30s</arg>
</arguments>
<msg timestamp="20201119 10:55:19.838" level="FAIL">No keyword with name 'Wait Until Page Contains Element' found.</msg>
<status status="FAIL" endtime="20201119 10:55:19.838" starttime="20201119 10:55:19.838"></status>
</kw>
<kw name="Click Element">
<arguments>
<arg>xpath=//android.widget.EditText[@resource-id='${appPackage}:id/was_sdk_login_editext']</arg>
</arguments>
<msg timestamp="20201119 10:55:19.841" level="FAIL">No keyword with name 'Click Element' found.</msg>
<status status="FAIL" endtime="20201119 10:55:19.841" starttime="20201119 10:55:19.841"></status>
</kw>
<kw name="Input Text">
<arguments>
<arg>xpath=//android.widget.EditText[@resource-id='${appPackage}:id/was_sdk_login_editext']</arg>
<arg>${username}</arg>
</arguments>
<msg timestamp="20201119 10:55:19.844" level="FAIL">No keyword with name 'Input Text' found.</msg>
<status status="FAIL" endtime="20201119 10:55:19.844" starttime="20201119 10:55:19.844"></status>
</kw>
<kw name="Click Element">
<arguments>
<arg>xpath=//android.widget.Button[@resource-id='${appPackage}:id/was_sdk_login_button_resume']</arg>
</arguments>
<msg timestamp="20201119 10:55:19.847" level="FAIL">No keyword with name 'Click Element' found.</msg>
<status status="FAIL" endtime="20201119 10:55:19.847" starttime="20201119 10:55:19.847"></status>
</kw>
<kw name="Wait Until Page Contains Element">
<arguments>
<arg>xpath=//android.widget.EditText[@resource-id='${appPackage}:id/was_sdk_smartauthent_explicit_id_password']</arg>
<arg>30s</arg>
</arguments>
<msg timestamp="20201119 10:55:19.851" level="FAIL">No keyword with name 'Wait Until Page Contains Element' found.</msg>
<status status="FAIL" endtime="20201119 10:55:19.851" starttime="20201119 10:55:19.850"></status>
</kw>
<kw name="Click Element">
<arguments>
<arg>xpath=//android.widget.EditText[@resource-id='${appPackage}:id/was_sdk_smartauthent_explicit_id_password']</arg>
</arguments>
<msg timestamp="20201119 10:55:19.854" level="FAIL">No keyword with name 'Click Element' found.</msg>
<status status="FAIL" endtime="20201119 10:55:19.854" starttime="20201119 10:55:19.854"></status>
</kw>
<kw name="Input Text">
<arguments>
<arg>xpath=//android.widget.EditText[@resource-id='${appPackage}:id/was_sdk_smartauthent_explicit_id_password']</arg>
<arg>${passwd}</arg>
</arguments>
<msg timestamp="20201119 10:55:19.857" level="FAIL">No keyword with name 'Input Text' found.</msg>
<status status="FAIL" endtime="20201119 10:55:19.857" starttime="20201119 10:55:19.857"></status>
</kw>
<kw name="Click Element">
<arguments>
<arg>xpath=//android.widget.Button[@resource-id='${appPackage}:id/was_sdk_button_confirm']</arg>
</arguments>
<msg timestamp="20201119 10:55:19.861" level="FAIL">No keyword with name 'Click Element' found.</msg>
<status status="FAIL" endtime="20201119 10:55:19.861" starttime="20201119 10:55:19.861"></status>
</kw>
<status status="FAIL" endtime="20201119 10:55:19.862" starttime="20201119 10:55:19.795"></status>
</kw>
<tags>
<tag>Android</tag>
<tag>NR</tag>
</tags>
<status status="FAIL" endtime="20201119 10:55:19.862" critical="yes" starttime="20201119 10:55:19.794">Several failures occurred:

1) No keyword with name 'Wait Until Page Contains Element' found.

2) No keyword with name 'Click Element' found.

3) No keyword with name 'Wait Until Page Contains Element' found.

4) No keyword with name 'Click Element' found.

5) No keyword with name 'Wait Until Page Contains Element' found.

6) No keyword with name 'Click Element' found.

7) No keyword with name 'Wait Until Page Contains' found.

8) No keyword with name 'Click Element' found.

9) No keyword with name 'Wait Until Page Contains Element' found.

    [ Message content over the limit has been removed. ]

11) No keyword with name 'Wait Until Page Contains Element' found.

12) No keyword with name 'Click Element' found.

13) No keyword with name 'Wait Until Page Contains Element' found.

14) No keyword with name 'Click Element' found.

15) No keyword with name 'Input Text' found.

16) No keyword with name 'Click Element' found.

17) No keyword with name 'Wait Until Page Contains Element' found.

18) No keyword with name 'Click Element' found.

19) No keyword with name 'Input Text' found.

20) No keyword with name 'Click Element' found.</status>
</test>
<test id="s1-t7" name="Select text&amp;voice input method">
<kw name="Click Menu icon" library="General">
<kw name="Wait Until Page Contains Element">
<arguments>
<arg>xpath=//android.widget.FrameLayout[@resource-id='${appPackage}:id/bottom_nav_drawer']</arg>
<arg>30s</arg>
</arguments>
<msg timestamp="20201119 10:55:19.866" level="FAIL">No keyword with name 'Wait Until Page Contains Element' found.</msg>
<status status="FAIL" endtime="20201119 10:55:19.866" starttime="20201119 10:55:19.866"></status>
</kw>
<kw name="Click Element">
<arguments>
<arg>xpath=//android.widget.FrameLayout[@resource-id='${appPackage}:id/bottom_nav_drawer']</arg>
</arguments>
<msg timestamp="20201119 10:55:19.869" level="FAIL">No keyword with name 'Click Element' found.</msg>
<status status="FAIL" endtime="20201119 10:55:19.869" starttime="20201119 10:55:19.869"></status>
</kw>
<status status="FAIL" endtime="20201119 10:55:19.869" starttime="20201119 10:55:19.863"></status>
</kw>
<kw name="Click Settings" library="General">
<kw name="Wait Until Page Contains Element">
<arguments>
<arg>xpath=//android.widget.CheckedTextView[@text='Settings']</arg>
<arg>30s</arg>
</arguments>
<msg timestamp="20201119 10:55:19.872" level="FAIL">No keyword with name 'Wait Until Page Contains Element' found.</msg>
<status status="FAIL" endtime="20201119 10:55:19.873" starttime="20201119 10:55:19.872"></status>
</kw>
<kw name="Click Element">
<arguments>
<arg>xpath=//android.widget.CheckedTextView[@text='Settings']</arg>
</arguments>
<msg timestamp="20201119 10:55:19.875" level="FAIL">No keyword with name 'Click Element' found.</msg>
<status status="FAIL" endtime="20201119 10:55:19.875" starttime="20201119 10:55:19.875"></status>
</kw>
<status status="FAIL" endtime="20201119 10:55:19.876" starttime="20201119 10:55:19.869"></status>
</kw>
<kw name="Click Conversation" library="General">
<kw name="Wait Until Page Contains Element">
<arguments>
<arg>xpath=//android.widget.TextView[@text='Conversation']</arg>
<arg>30s</arg>
</arguments>
<msg timestamp="20201119 10:55:19.879" level="FAIL">No keyword with name 'Wait Until Page Contains Element' found.</msg>
<status status="FAIL" endtime="20201119 10:55:19.879" starttime="20201119 10:55:19.879"></status>
</kw>
<kw name="Click Element">
<arguments>
<arg>xpath=//android.widget.TextView[@text='Conversation']</arg>
</arguments>
<msg timestamp="20201119 10:55:19.882" level="FAIL">No keyword with name 'Click Element' found.</msg>
<status status="FAIL" endtime="20201119 10:55:19.882" starttime="20201119 10:55:19.882"></status>
</kw>
<status status="FAIL" endtime="20201119 10:55:19.882" starttime="20201119 10:55:19.876"></status>
</kw>
<kw name="Click Select input method" library="General">
<kw name="Wait Until Page Contains Element">
<arguments>
<arg>xpath=//android.widget.TextView[@text='Select input method']</arg>
<arg>30s</arg>
</arguments>
<msg timestamp="20201119 10:55:19.886" level="FAIL">No keyword with name 'Wait Until Page Contains Element' found.</msg>
<status status="FAIL" endtime="20201119 10:55:19.886" starttime="20201119 10:55:19.886"></status>
</kw>
<kw name="Click Element">
<arguments>
<arg>xpath=//android.widget.TextView[@text='Select input method']</arg>
</arguments>
<msg timestamp="20201119 10:55:19.890" level="FAIL">No keyword with name 'Click Element' found.</msg>
<status status="FAIL" endtime="20201119 10:55:19.890" starttime="20201119 10:55:19.890"></status>
</kw>
<status status="FAIL" endtime="20201119 10:55:19.891" starttime="20201119 10:55:19.882"></status>
</kw>
<kw name="Click Text &amp; Audio input" library="General">
<kw name="Wait Until Page Contains Element">
<arguments>
<arg>xpath=//android.widget.CheckedTextView[@text='Text &amp; Audio input']</arg>
<arg>30s</arg>
</arguments>
<msg timestamp="20201119 10:55:19.894" level="FAIL">No keyword with name 'Wait Until Page Contains Element' found.</msg>
<status status="FAIL" endtime="20201119 10:55:19.894" starttime="20201119 10:55:19.894"></status>
</kw>
<kw name="Click Element">
<arguments>
<arg>xpath=//android.widget.CheckedTextView[@text='Text &amp; Audio input']</arg>
</arguments>
<msg timestamp="20201119 10:55:19.897" level="FAIL">No keyword with name 'Click Element' found.</msg>
<status status="FAIL" endtime="20201119 10:55:19.897" starttime="20201119 10:55:19.897"></status>
</kw>
<status status="FAIL" endtime="20201119 10:55:19.897" starttime="20201119 10:55:19.891"></status>
</kw>
<kw name="Return to menu" library="General">
<doc>Hardware keys KeyCodes BACK = 4 MENU = 82 APP_SWITCH=187 (dec values)</doc>
<kw name="Press Keycode">
<arguments>
<arg>4</arg>
</arguments>
<msg timestamp="20201119 10:55:19.900" level="FAIL">No keyword with name 'Press Keycode' found.</msg>
<status status="FAIL" endtime="20201119 10:55:19.900" starttime="20201119 10:55:19.900"></status>
</kw>
<kw name="Sleep" library="BuiltIn">
<doc>Pauses the test executed for the given time.</doc>
<arguments>
<arg>0.5s</arg>
</arguments>
<status status="NOT_RUN" endtime="20201119 10:55:19.901" starttime="20201119 10:55:19.901"></status>
</kw>
<kw name="Press Keycode">
<arguments>
<arg>4</arg>
</arguments>
<msg timestamp="20201119 10:55:19.904" level="FAIL">No keyword with name 'Press Keycode' found.</msg>
<status status="FAIL" endtime="20201119 10:55:19.904" starttime="20201119 10:55:19.904"></status>
</kw>
<kw name="Sleep" library="BuiltIn">
<doc>Pauses the test executed for the given time.</doc>
<arguments>
<arg>0.5s</arg>
</arguments>
<status status="NOT_RUN" endtime="20201119 10:55:19.904" starttime="20201119 10:55:19.904"></status>
</kw>
<kw name="Click Home icon" library="General">
<kw name="Wait Until Page Contains Element">
<arguments>
<arg>xpath=//android.widget.FrameLayout[@resource-id='${appPackage}:id/bottom_nav_conversation']</arg>
<arg>30s</arg>
</arguments>
<msg timestamp="20201119 10:55:19.907" level="FAIL">No keyword with name 'Wait Until Page Contains Element' found.</msg>
<status status="FAIL" endtime="20201119 10:55:19.907" starttime="20201119 10:55:19.907"></status>
</kw>
<kw name="Click Element">
<arguments>
<arg>xpath=//android.widget.FrameLayout[@resource-id='${appPackage}:id/bottom_nav_conversation']</arg>
</arguments>
<msg timestamp="20201119 10:55:19.911" level="FAIL">No keyword with name 'Click Element' found.</msg>
<status status="FAIL" endtime="20201119 10:55:19.911" starttime="20201119 10:55:19.911"></status>
</kw>
<status status="FAIL" endtime="20201119 10:55:19.911" starttime="20201119 10:55:19.904"></status>
</kw>
<kw name="Sleep" library="BuiltIn">
<doc>Pauses the test executed for the given time.</doc>
<arguments>
<arg>0.5s</arg>
</arguments>
<status status="NOT_RUN" endtime="20201119 10:55:19.911" starttime="20201119 10:55:19.911"></status>
</kw>
<status status="FAIL" endtime="20201119 10:55:19.911" starttime="20201119 10:55:19.897"></status>
</kw>
<tags>
<tag>Android</tag>
<tag>NR</tag>
</tags>
<status status="FAIL" endtime="20201119 10:55:19.911" critical="yes" starttime="20201119 10:55:19.862">Several failures occurred:

1) No keyword with name 'Wait Until Page Contains Element' found.

2) No keyword with name 'Click Element' found.

3) No keyword with name 'Wait Until Page Contains Element' found.

4) No keyword with name 'Click Element' found.

5) No keyword with name 'Wait Until Page Contains Element' found.

6) No keyword with name 'Click Element' found.

7) No keyword with name 'Wait Until Page Contains Element' found.

8) No keyword with name 'Click Element' found.

9) No keyword with name 'Wait Until Page Contains Element' found.

10) No keyword with name 'Click Element' found.

11) No keyword with name 'Press Keycode' found.

12) No keyword with name 'Press Keycode' found.

13) No keyword with name 'Wait Until Page Contains Element' found.

14) No keyword with name 'Click Element' found.</status>
</test>
<test id="s1-t8" name="Populate history">
<kw name="Input text in history" library="General">
<arguments>
<arg>Quelle est la temp√©rature dans Berlin ?</arg>
</arguments>
<kw name="Wait Until Page Contains Element">
<arguments>
<arg>xpath=//android.widget.EditText[@resource-id='${appPackage}:id/et_user_input']</arg>
<arg>30s</arg>
</arguments>
<msg timestamp="20201119 10:55:19.915" level="FAIL">No keyword with name 'Wait Until Page Contains Element' found.</msg>
<status status="FAIL" endtime="20201119 10:55:19.915" starttime="20201119 10:55:19.915"></status>
</kw>
<kw name="Input Text">
<arguments>
<arg>xpath=//android.widget.EditText[@resource-id='${appPackage}:id/et_user_input']</arg>
<arg>${charstr}</arg>
</arguments>
<msg timestamp="20201119 10:55:19.919" level="FAIL">No keyword with name 'Input Text' found.</msg>
<status status="FAIL" endtime="20201119 10:55:19.919" starttime="20201119 10:55:19.918"></status>
</kw>
<kw name="Wait Until Page Contains Element">
<arguments>
<arg>xpath=//android.widget.ImageButton[@resource-id='${appPackage}:id/btn_send_text']</arg>
<arg>60s</arg>
</arguments>
<msg timestamp="20201119 10:55:19.922" level="FAIL">No keyword with name 'Wait Until Page Contains Element' found.</msg>
<status status="FAIL" endtime="20201119 10:55:19.922" starttime="20201119 10:55:19.922"></status>
</kw>
<kw name="Click Element">
<arguments>
<arg>xpath=//android.widget.ImageButton[@resource-id='${appPackage}:id/btn_send_text']</arg>
</arguments>
<msg timestamp="20201119 10:55:19.927" level="FAIL">No keyword with name 'Click Element' found.</msg>
<status status="FAIL" endtime="20201119 10:55:19.927" starttime="20201119 10:55:19.927"></status>
</kw>
<status status="FAIL" endtime="20201119 10:55:19.927" starttime="20201119 10:55:19.912"></status>
</kw>
<kw name="Sleep" library="BuiltIn">
<doc>Pauses the test executed for the given time.</doc>
<arguments>
<arg>3s</arg>
</arguments>
<status status="NOT_RUN" endtime="20201119 10:55:19.927" starttime="20201119 10:55:19.927"></status>
</kw>
<kw name="Wait for reply" library="General">
<kw name="Wait Until Page Contains Element">
<arguments>
<arg>xpath=//android.widget.TextView[@resource-id='${appPackage}:id/text_response_tv_message']</arg>
<arg>60s</arg>
</arguments>
<msg timestamp="20201119 10:55:19.930" level="FAIL">No keyword with name 'Wait Until Page Contains Element' found.</msg>
<status status="FAIL" endtime="20201119 10:55:19.930" starttime="20201119 10:55:19.930"></status>
</kw>
<kw name="Log" library="BuiltIn">
<doc>Logs the given message with the given level.</doc>
<arguments>
<arg>xpath=//android.widget.TextView[@resource-id='${appPackage}:id/text_response_tv_message']</arg>
</arguments>
<status status="NOT_RUN" endtime="20201119 10:55:19.931" starttime="20201119 10:55:19.930"></status>
</kw>
<status status="FAIL" endtime="20201119 10:55:19.931" starttime="20201119 10:55:19.927"></status>
</kw>
<kw name="Input text in history" library="General">
<arguments>
<arg>Quelle est la meteo ce soir a Paris ?</arg>
</arguments>
<kw name="Wait Until Page Contains Element">
<arguments>
<arg>xpath=//android.widget.EditText[@resource-id='${appPackage}:id/et_user_input']</arg>
<arg>30s</arg>
</arguments>
<msg timestamp="20201119 10:55:19.934" level="FAIL">No keyword with name 'Wait Until Page Contains Element' found.</msg>
<status status="FAIL" endtime="20201119 10:55:19.934" starttime="20201119 10:55:19.934"></status>
</kw>
<kw name="Input Text">
<arguments>
<arg>xpath=//android.widget.EditText[@resource-id='${appPackage}:id/et_user_input']</arg>
<arg>${charstr}</arg>
</arguments>
<msg timestamp="20201119 10:55:19.937" level="FAIL">No keyword with name 'Input Text' found.</msg>
<status status="FAIL" endtime="20201119 10:55:19.937" starttime="20201119 10:55:19.937"></status>
</kw>
<kw name="Wait Until Page Contains Element">
<arguments>
<arg>xpath=//android.widget.ImageButton[@resource-id='${appPackage}:id/btn_send_text']</arg>
<arg>60s</arg>
</arguments>
<msg timestamp="20201119 10:55:19.940" level="FAIL">No keyword with name 'Wait Until Page Contains Element' found.</msg>
<status status="FAIL" endtime="20201119 10:55:19.940" starttime="20201119 10:55:19.940"></status>
</kw>
<kw name="Click Element">
<arguments>
<arg>xpath=//android.widget.ImageButton[@resource-id='${appPackage}:id/btn_send_text']</arg>
</arguments>
<msg timestamp="20201119 10:55:19.943" level="FAIL">No keyword with name 'Click Element' found.</msg>
<status status="FAIL" endtime="20201119 10:55:19.943" starttime="20201119 10:55:19.943"></status>
</kw>
<status status="FAIL" endtime="20201119 10:55:19.943" starttime="20201119 10:55:19.931"></status>
</kw>
<kw name="Sleep" library="BuiltIn">
<doc>Pauses the test executed for the given time.</doc>
<arguments>
<arg>3s</arg>
</arguments>
<status status="NOT_RUN" endtime="20201119 10:55:19.943" starttime="20201119 10:55:19.943"></status>
</kw>
<kw name="Wait for reply" library="General">
<kw name="Wait Until Page Contains Element">
<arguments>
<arg>xpath=//android.widget.TextView[@resource-id='${appPackage}:id/text_response_tv_message']</arg>
<arg>60s</arg>
</arguments>
<msg timestamp="20201119 10:55:19.948" level="FAIL">No keyword with name 'Wait Until Page Contains Element' found.</msg>
<status status="FAIL" endtime="20201119 10:55:19.948" starttime="20201119 10:55:19.948"></status>
</kw>
<kw name="Log" library="BuiltIn">
<doc>Logs the given message with the given level.</doc>
<arguments>
<arg>xpath=//android.widget.TextView[@resource-id='${appPackage}:id/text_response_tv_message']</arg>
</arguments>
<status status="NOT_RUN" endtime="20201119 10:55:19.948" starttime="20201119 10:55:19.948"></status>
</kw>
<status status="FAIL" endtime="20201119 10:55:19.948" starttime="20201119 10:55:19.944"></status>
</kw>
<status status="FAIL" endtime="20201119 10:55:19.948" critical="yes" starttime="20201119 10:55:19.912">Several failures occurred:

1) No keyword with name 'Wait Until Page Contains Element' found.

2) No keyword with name 'Input Text' found.

3) No keyword with name 'Wait Until Page Contains Element' found.

4) No keyword with name 'Click Element' found.

5) No keyword with name 'Wait Until Page Contains Element' found.

6) No keyword with name 'Wait Until Page Contains Element' found.

7) No keyword with name 'Input Text' found.

8) No keyword with name 'Wait Until Page Contains Element' found.

9) No keyword with name 'Click Element' found.

10) No keyword with name 'Wait Until Page Contains Element' found.</status>
</test>
<test id="s1-t9" name="HD01 Long press on a conversation item + Delete button">
<kw name="Long click conversation item" library="General">
<kw name="Wait Until Page Contains Element">
<arguments>
<arg>xpath=//android.widget.TextView[@resource-id='${appPackage}:id/text_response_tv_message']</arg>
<arg>30s</arg>
</arguments>
<msg timestamp="20201119 10:55:19.953" level="FAIL">No keyword with name 'Wait Until Page Contains Element' found.</msg>
<status status="FAIL" endtime="20201119 10:55:19.953" starttime="20201119 10:55:19.953"></status>
</kw>
<kw name="Long press">
<arguments>
<arg>xpath=//android.widget.TextView[@resource-id='${appPackage}:id/text_response_tv_message']</arg>
<arg>3s</arg>
</arguments>
<msg timestamp="20201119 10:55:19.958" level="FAIL">No keyword with name 'Long press' found.</msg>
<status status="FAIL" endtime="20201119 10:55:19.958" starttime="20201119 10:55:19.958"></status>
</kw>
<status status="FAIL" endtime="20201119 10:55:19.958" starttime="20201119 10:55:19.949"></status>
</kw>
<kw name="Wait Until Page Contains Element">
<arguments>
<arg>xpath=//android.widget.LinearLayout[@resource-id='${appPackage}:id/contextual_menu_delete']</arg>
<arg>30s</arg>
</arguments>
<msg timestamp="20201119 10:55:19.961" level="FAIL">No keyword with name 'Wait Until Page Contains Element' found.</msg>
<status status="FAIL" endtime="20201119 10:55:19.961" starttime="20201119 10:55:19.961"></status>
</kw>
<kw name="Click Element">
<arguments>
<arg>xpath=//android.widget.LinearLayout[@resource-id='${appPackage}:id/contextual_menu_delete']</arg>
</arguments>
<msg timestamp="20201119 10:55:19.964" level="FAIL">No keyword with name 'Click Element' found.</msg>
<status status="FAIL" endtime="20201119 10:55:19.964" starttime="20201119 10:55:19.964"></status>
</kw>
<kw name="Wait Until Page Contains Element">
<arguments>
<arg>xpath=//android.widget.TextView[2][@resource-id='${ConversationActivity}:id/tv_action_text']</arg>
<arg>5s</arg>
</arguments>
<msg timestamp="20201119 10:55:19.968" level="FAIL">No keyword with name 'Wait Until Page Contains Element' found.</msg>
<status status="FAIL" endtime="20201119 10:55:19.968" starttime="20201119 10:55:19.967"></status>
</kw>
<kw name="Click Element">
<arguments>
<arg>xpath=//android.widget.TextView[2][@resource-id='${ConversationActivity}:id/tv_action_text']</arg>
</arguments>
<msg timestamp="20201119 10:55:19.971" level="FAIL">No keyword with name 'Click Element' found.</msg>
<status status="FAIL" endtime="20201119 10:55:19.971" starttime="20201119 10:55:19.971"></status>
</kw>
<kw name="Sleep" library="BuiltIn">
<doc>Pauses the test executed for the given time.</doc>
<arguments>
<arg>2s</arg>
</arguments>
<status status="NOT_RUN" endtime="20201119 10:55:19.971" starttime="20201119 10:55:19.971"></status>
</kw>
<status status="FAIL" endtime="20201119 10:55:19.972" critical="yes" starttime="20201119 10:55:19.949">Several failures occurred:

1) No keyword with name 'Wait Until Page Contains Element' found.

2) No keyword with name 'Long press' found.

3) No keyword with name 'Wait Until Page Contains Element' found.

4) No keyword with name 'Click Element' found.

5) No keyword with name 'Wait Until Page Contains Element' found.

6) No keyword with name 'Click Element' found.</status>
</test>
<status status="FAIL" endtime="20201119 10:55:19.972" starttime="20201119 10:55:19.638"></status>
</suite>
<statistics>
<total>
<stat fail="9" pass="0">Critical Tests</stat>
<stat fail="9" pass="0">All Tests</stat>
</total>
<tag>
<stat fail="7" pass="0">Android</stat>
<stat fail="6" pass="0">NR</stat>
</tag>
<suite>
<stat fail="9" id="s1" name="AndroidPhoneTests" pass="0">AndroidPhoneTests</stat>
</suite>
</statistics>
<errors>
<msg timestamp="20201119 10:55:19.657" level="ERROR">Error in file '/Users/muthabor/eclipse-workspace/uiautomation/AndroidPhoneTests.robot' on line 5: Importing test library 'AppiumLibrary' failed: ImportError: No module named AppiumLibrary
Traceback (most recent call last):
  None
PYTHONPATH:
  /System/Library/Frameworks/Python.framework/Versions/2.7/lib/python27.zip
  /System/Library/Frameworks/Python.framework/Versions/2.7/lib/python2.7
  /System/Library/Frameworks/Python.framework/Versions/2.7/lib/python2.7/plat-darwin
  /System/Library/Frameworks/Python.framework/Versions/2.7/lib/python2.7/plat-mac
  /System/Library/Frameworks/Python.framework/Versions/2.7/lib/python2.7/plat-mac/lib-scriptpackages
  /System/Library/Frameworks/Python.framework/Versions/2.7/lib/python2.7/lib-tk
  /System/Library/Frameworks/Python.framework/Versions/2.7/lib/python2.7/lib-old
  /System/Library/Frameworks/Python.framework/Versions/2.7/lib/python2.7/lib-dynload
  /Users/muthabor/Library/Python/2.7/lib/python/site-packages
  /Library/Python/2.7/site-packages
  /System/Library/Frameworks/Python.framework/Versions/2.7/Extras/lib/python
  /System/Library/Frameworks/Python.framework/Versions/2.7/Extras/lib/python/PyObjC
  /Library/Python/2.7/site-packages/pip-20.3b1-py2.7.egg</msg>
<msg timestamp="20201119 10:55:19.695" level="ERROR">Error in file '/Users/muthabor/eclipse-workspace/uiautomation/Functions/Android/General.robot' on line 2: Importing test library 'AppiumLibrary' failed: ImportError: No module named AppiumLibrary
Traceback (most recent call last):
  None
PYTHONPATH:
  /System/Library/Frameworks/Python.framework/Versions/2.7/lib/python27.zip
  /System/Library/Frameworks/Python.framework/Versions/2.7/lib/python2.7
  /System/Library/Frameworks/Python.framework/Versions/2.7/lib/python2.7/plat-darwin
  /System/Library/Frameworks/Python.framework/Versions/2.7/lib/python2.7/plat-mac
  /System/Library/Frameworks/Python.framework/Versions/2.7/lib/python2.7/plat-mac/lib-scriptpackages
  /System/Library/Frameworks/Python.framework/Versions/2.7/lib/python2.7/lib-tk
  /System/Library/Frameworks/Python.framework/Versions/2.7/lib/python2.7/lib-old
  /System/Library/Frameworks/Python.framework/Versions/2.7/lib/python2.7/lib-dynload
  /Users/muthabor/Library/Python/2.7/lib/python/site-packages
  /Library/Python/2.7/site-packages
  /System/Library/Frameworks/Python.framework/Versions/2.7/Extras/lib/python
  /System/Library/Frameworks/Python.framework/Versions/2.7/Extras/lib/python/PyObjC
  /Library/Python/2.7/site-packages/pip-20.3b1-py2.7.egg</msg>
</errors>
</robot>
